[2026-03-08T16:22:00.322+0000] {taskinstance.py:1956} INFO - Dependencies all met for dep_context=non-requeueable deps ti=<TaskInstance: flight_pipeline.fetch_flights scheduled__2026-03-08T16:20:00+00:00 [queued]>
[2026-03-08T16:22:00.334+0000] {taskinstance.py:1956} INFO - Dependencies all met for dep_context=requeueable deps ti=<TaskInstance: flight_pipeline.fetch_flights scheduled__2026-03-08T16:20:00+00:00 [queued]>
[2026-03-08T16:22:00.335+0000] {taskinstance.py:2170} INFO - Starting attempt 1 of 2
[2026-03-08T16:22:00.351+0000] {taskinstance.py:2191} INFO - Executing <Task(BashOperator): fetch_flights> on 2026-03-08 16:20:00+00:00
[2026-03-08T16:22:00.361+0000] {standard_task_runner.py:60} INFO - Started process 11039 to run task
[2026-03-08T16:22:00.366+0000] {standard_task_runner.py:87} INFO - Running: ['***', 'tasks', 'run', 'flight_pipeline', 'fetch_flights', 'scheduled__2026-03-08T16:20:00+00:00', '--job-id', '49', '--raw', '--subdir', 'DAGS_FOLDER/flight_pipeline.py', '--cfg-path', '/tmp/tmpyso1m6dc']
[2026-03-08T16:22:00.369+0000] {standard_task_runner.py:88} INFO - Job 49: Subtask fetch_flights
[2026-03-08T16:22:00.439+0000] {task_command.py:423} INFO - Running <TaskInstance: flight_pipeline.fetch_flights scheduled__2026-03-08T16:20:00+00:00 [running]> on host 45fb248f2902
[2026-03-08T16:22:00.567+0000] {taskinstance.py:2480} INFO - Exporting env vars: AIRFLOW_CTX_DAG_OWNER='vivek' AIRFLOW_CTX_DAG_ID='flight_pipeline' AIRFLOW_CTX_TASK_ID='fetch_flights' AIRFLOW_CTX_EXECUTION_DATE='2026-03-08T16:20:00+00:00' AIRFLOW_CTX_TRY_NUMBER='1' AIRFLOW_CTX_DAG_RUN_ID='scheduled__2026-03-08T16:20:00+00:00'
[2026-03-08T16:22:00.568+0000] {subprocess.py:63} INFO - Tmp dir root location: /tmp
[2026-03-08T16:22:00.569+0000] {subprocess.py:75} INFO - Running command: ['/usr/bin/bash', '-c', 'cd /opt/***/ingestion && python fetch_flights.py']
[2026-03-08T16:22:00.592+0000] {subprocess.py:86} INFO - Output:
[2026-03-08T16:22:02.249+0000] {subprocess.py:93} INFO - Fetching flights from OpenSky...
[2026-03-08T16:22:02.249+0000] {subprocess.py:93} INFO - Fetched 219 flights
[2026-03-08T16:22:02.250+0000] {subprocess.py:93} INFO - Uploaded to gs://flight-pipeline-487919-flight-raw/raw/flights/2026-03-08/flights_16-22-01.json
[2026-03-08T16:22:02.250+0000] {subprocess.py:93} INFO - Done!
[2026-03-08T16:22:02.324+0000] {subprocess.py:97} INFO - Command exited with return code 0
[2026-03-08T16:22:02.372+0000] {taskinstance.py:1138} INFO - Marking task as SUCCESS. dag_id=flight_pipeline, task_id=fetch_flights, execution_date=20260308T162000, start_date=20260308T162200, end_date=20260308T162202
[2026-03-08T16:22:02.425+0000] {local_task_job_runner.py:234} INFO - Task exited with return code 0
[2026-03-08T16:22:02.473+0000] {taskinstance.py:3280} INFO - 1 downstream tasks scheduled from follow-on schedule check
