[2026-03-08T15:25:11.309+0000] {manager.py:469} INFO - Processing files using up to 2 processes at a time 
[2026-03-08T15:25:11.309+0000] {manager.py:470} INFO - Process each file at most once every 30 seconds
[2026-03-08T15:25:11.310+0000] {manager.py:471} INFO - Checking for new files in /opt/airflow/dags every 300 seconds
[2026-03-08T15:25:11.310+0000] {manager.py:738} INFO - Searching for files in /opt/airflow/dags
[2026-03-08T15:25:11.310+0000] {manager.py:741} INFO - There are 0 files in /opt/airflow/dags
[2026-03-08T15:30:11.776+0000] {manager.py:738} INFO - Searching for files in /opt/airflow/dags
[2026-03-08T15:30:11.778+0000] {manager.py:741} INFO - There are 1 files in /opt/airflow/dags
[2026-03-08T15:30:12.842+0000] {manager.py:879} INFO - 
================================================================================
DAG File Processing Stats

File Path                             PID    Runtime      # DAGs    # Errors  Last Runtime    Last Run
------------------------------------  -----  ---------  --------  ----------  --------------  -------------------
/opt/airflow/dags/flight_pipeline.py                           1           0  0.50s           2026-03-08T15:30:12
================================================================================
[2026-03-08T15:30:43.006+0000] {manager.py:879} INFO - 
================================================================================
DAG File Processing Stats

File Path                             PID    Runtime      # DAGs    # Errors  Last Runtime    Last Run
------------------------------------  -----  ---------  --------  ----------  --------------  -------------------
/opt/airflow/dags/flight_pipeline.py                           1           0  0.15s           2026-03-08T15:30:19
================================================================================
[2026-03-08T15:31:13.283+0000] {manager.py:879} INFO - 
================================================================================
DAG File Processing Stats

File Path                             PID    Runtime      # DAGs    # Errors  Last Runtime    Last Run
------------------------------------  -----  ---------  --------  ----------  --------------  -------------------
/opt/airflow/dags/flight_pipeline.py                           1           0  0.18s           2026-03-08T15:30:49
================================================================================
[2026-03-08T15:31:43.479+0000] {manager.py:879} INFO - 
================================================================================
DAG File Processing Stats

File Path                             PID    Runtime      # DAGs    # Errors  Last Runtime    Last Run
------------------------------------  -----  ---------  --------  ----------  --------------  -------------------
/opt/airflow/dags/flight_pipeline.py                           1           0  0.16s           2026-03-08T15:31:19
================================================================================
[2026-03-08T15:32:13.750+0000] {manager.py:879} INFO - 
================================================================================
DAG File Processing Stats

File Path                             PID    Runtime      # DAGs    # Errors  Last Runtime    Last Run
------------------------------------  -----  ---------  --------  ----------  --------------  -------------------
/opt/airflow/dags/flight_pipeline.py                           1           0  0.20s           2026-03-08T15:31:49
================================================================================
[2026-03-08T15:32:43.983+0000] {manager.py:879} INFO - 
================================================================================
DAG File Processing Stats

File Path                             PID    Runtime      # DAGs    # Errors  Last Runtime    Last Run
------------------------------------  -----  ---------  --------  ----------  --------------  -------------------
/opt/airflow/dags/flight_pipeline.py                           1           0  0.21s           2026-03-08T15:32:19
================================================================================
[2026-03-08T15:33:14.285+0000] {manager.py:879} INFO - 
================================================================================
DAG File Processing Stats

File Path                             PID    Runtime      # DAGs    # Errors  Last Runtime    Last Run
------------------------------------  -----  ---------  --------  ----------  --------------  -------------------
/opt/airflow/dags/flight_pipeline.py                           1           0  0.22s           2026-03-08T15:32:50
================================================================================
[2026-03-08T15:33:44.486+0000] {manager.py:879} INFO - 
================================================================================
DAG File Processing Stats

File Path                             PID    Runtime      # DAGs    # Errors  Last Runtime    Last Run
------------------------------------  -----  ---------  --------  ----------  --------------  -------------------
/opt/airflow/dags/flight_pipeline.py                           1           0  0.17s           2026-03-08T15:33:20
================================================================================
[2026-03-08T15:34:14.747+0000] {manager.py:879} INFO - 
================================================================================
DAG File Processing Stats

File Path                             PID    Runtime      # DAGs    # Errors  Last Runtime    Last Run
------------------------------------  -----  ---------  --------  ----------  --------------  -------------------
/opt/airflow/dags/flight_pipeline.py                           1           0  0.17s           2026-03-08T15:33:50
================================================================================
[2026-03-08T15:34:44.932+0000] {manager.py:879} INFO - 
================================================================================
DAG File Processing Stats

File Path                             PID    Runtime      # DAGs    # Errors  Last Runtime    Last Run
------------------------------------  -----  ---------  --------  ----------  --------------  -------------------
/opt/airflow/dags/flight_pipeline.py                           1           0  0.18s           2026-03-08T15:34:20
================================================================================
[2026-03-08T15:35:12.199+0000] {manager.py:738} INFO - Searching for files in /opt/airflow/dags
[2026-03-08T15:35:12.201+0000] {manager.py:741} INFO - There are 1 files in /opt/airflow/dags
[2026-03-08T15:35:15.232+0000] {manager.py:879} INFO - 
================================================================================
DAG File Processing Stats

File Path                             PID    Runtime      # DAGs    # Errors  Last Runtime    Last Run
------------------------------------  -----  ---------  --------  ----------  --------------  -------------------
/opt/airflow/dags/flight_pipeline.py                           1           0  0.20s           2026-03-08T15:34:51
================================================================================
[2026-03-08T15:35:45.554+0000] {manager.py:879} INFO - 
================================================================================
DAG File Processing Stats

File Path                             PID    Runtime      # DAGs    # Errors  Last Runtime    Last Run
------------------------------------  -----  ---------  --------  ----------  --------------  -------------------
/opt/airflow/dags/flight_pipeline.py                           1           0  0.16s           2026-03-08T15:35:21
================================================================================
[2026-03-08T15:36:15.857+0000] {manager.py:879} INFO - 
================================================================================
DAG File Processing Stats

File Path                             PID    Runtime      # DAGs    # Errors  Last Runtime    Last Run
------------------------------------  -----  ---------  --------  ----------  --------------  -------------------
/opt/airflow/dags/flight_pipeline.py                           1           0  0.17s           2026-03-08T15:35:51
================================================================================
[2026-03-08T15:36:46.172+0000] {manager.py:879} INFO - 
================================================================================
DAG File Processing Stats

File Path                             PID    Runtime      # DAGs    # Errors  Last Runtime    Last Run
------------------------------------  -----  ---------  --------  ----------  --------------  -------------------
/opt/airflow/dags/flight_pipeline.py                           1           0  0.17s           2026-03-08T15:36:22
================================================================================
[2026-03-08T15:37:16.472+0000] {manager.py:879} INFO - 
================================================================================
DAG File Processing Stats

File Path                             PID    Runtime      # DAGs    # Errors  Last Runtime    Last Run
------------------------------------  -----  ---------  --------  ----------  --------------  -------------------
/opt/airflow/dags/flight_pipeline.py                           1           0  0.17s           2026-03-08T15:36:52
================================================================================
[2026-03-08T15:37:46.627+0000] {manager.py:879} INFO - 
================================================================================
DAG File Processing Stats

File Path                             PID    Runtime      # DAGs    # Errors  Last Runtime    Last Run
------------------------------------  -----  ---------  --------  ----------  --------------  -------------------
/opt/airflow/dags/flight_pipeline.py                           1           0  0.09s           2026-03-08T15:37:22
================================================================================
[2026-03-08T15:38:16.843+0000] {manager.py:879} INFO - 
================================================================================
DAG File Processing Stats

File Path                             PID    Runtime      # DAGs    # Errors  Last Runtime    Last Run
------------------------------------  -----  ---------  --------  ----------  --------------  -------------------
/opt/airflow/dags/flight_pipeline.py                           1           0  0.20s           2026-03-08T15:37:52
================================================================================
[2026-03-08T15:38:47.114+0000] {manager.py:879} INFO - 
================================================================================
DAG File Processing Stats

File Path                             PID    Runtime      # DAGs    # Errors  Last Runtime    Last Run
------------------------------------  -----  ---------  --------  ----------  --------------  -------------------
/opt/airflow/dags/flight_pipeline.py                           1           0  0.23s           2026-03-08T15:38:23
================================================================================
[2026-03-08T15:39:17.362+0000] {manager.py:879} INFO - 
================================================================================
DAG File Processing Stats

File Path                             PID    Runtime      # DAGs    # Errors  Last Runtime    Last Run
------------------------------------  -----  ---------  --------  ----------  --------------  -------------------
/opt/airflow/dags/flight_pipeline.py                           1           0  0.17s           2026-03-08T15:38:53
================================================================================
[2026-03-08T15:39:47.556+0000] {manager.py:879} INFO - 
================================================================================
DAG File Processing Stats

File Path                             PID    Runtime      # DAGs    # Errors  Last Runtime    Last Run
------------------------------------  -----  ---------  --------  ----------  --------------  -------------------
/opt/airflow/dags/flight_pipeline.py                           1           0  0.17s           2026-03-08T15:39:23
================================================================================
[2026-03-08T15:40:12.793+0000] {manager.py:738} INFO - Searching for files in /opt/airflow/dags
[2026-03-08T15:40:12.795+0000] {manager.py:741} INFO - There are 1 files in /opt/airflow/dags
[2026-03-08T15:40:17.837+0000] {manager.py:879} INFO - 
================================================================================
DAG File Processing Stats

File Path                             PID    Runtime      # DAGs    # Errors  Last Runtime    Last Run
------------------------------------  -----  ---------  --------  ----------  --------------  -------------------
/opt/airflow/dags/flight_pipeline.py                           1           0  0.15s           2026-03-08T15:39:53
================================================================================
[2026-03-08T15:40:48.007+0000] {manager.py:879} INFO - 
================================================================================
DAG File Processing Stats

File Path                             PID    Runtime      # DAGs    # Errors  Last Runtime    Last Run
------------------------------------  -----  ---------  --------  ----------  --------------  -------------------
/opt/airflow/dags/flight_pipeline.py                           1           0  0.17s           2026-03-08T15:40:24
================================================================================
[2026-03-08T15:41:18.300+0000] {manager.py:879} INFO - 
================================================================================
DAG File Processing Stats

File Path                             PID    Runtime      # DAGs    # Errors  Last Runtime    Last Run
------------------------------------  -----  ---------  --------  ----------  --------------  -------------------
/opt/airflow/dags/flight_pipeline.py                           1           0  0.16s           2026-03-08T15:40:54
================================================================================
[2026-03-08T15:41:48.575+0000] {manager.py:879} INFO - 
================================================================================
DAG File Processing Stats

File Path                             PID    Runtime      # DAGs    # Errors  Last Runtime    Last Run
------------------------------------  -----  ---------  --------  ----------  --------------  -------------------
/opt/airflow/dags/flight_pipeline.py                           1           0  0.19s           2026-03-08T15:41:24
================================================================================
[2026-03-08T15:42:18.755+0000] {manager.py:879} INFO - 
================================================================================
DAG File Processing Stats

File Path                             PID    Runtime      # DAGs    # Errors  Last Runtime    Last Run
------------------------------------  -----  ---------  --------  ----------  --------------  -------------------
/opt/airflow/dags/flight_pipeline.py                           1           0  0.16s           2026-03-08T15:41:54
================================================================================
[2026-03-08T15:42:49.004+0000] {manager.py:879} INFO - 
================================================================================
DAG File Processing Stats

File Path                             PID    Runtime      # DAGs    # Errors  Last Runtime    Last Run
------------------------------------  -----  ---------  --------  ----------  --------------  -------------------
/opt/airflow/dags/flight_pipeline.py                           1           0  0.15s           2026-03-08T15:42:24
================================================================================
[2026-03-08T15:43:19.179+0000] {manager.py:879} INFO - 
================================================================================
DAG File Processing Stats

File Path                             PID    Runtime      # DAGs    # Errors  Last Runtime    Last Run
------------------------------------  -----  ---------  --------  ----------  --------------  -------------------
/opt/airflow/dags/flight_pipeline.py                           1           0  0.16s           2026-03-08T15:42:55
================================================================================
[2026-03-08T15:43:49.440+0000] {manager.py:879} INFO - 
================================================================================
DAG File Processing Stats

File Path                             PID    Runtime      # DAGs    # Errors  Last Runtime    Last Run
------------------------------------  -----  ---------  --------  ----------  --------------  -------------------
/opt/airflow/dags/flight_pipeline.py                           1           0  0.16s           2026-03-08T15:43:25
================================================================================
[2026-03-08T15:44:19.629+0000] {manager.py:879} INFO - 
================================================================================
DAG File Processing Stats

File Path                             PID    Runtime      # DAGs    # Errors  Last Runtime    Last Run
------------------------------------  -----  ---------  --------  ----------  --------------  -------------------
/opt/airflow/dags/flight_pipeline.py                           1           0  0.17s           2026-03-08T15:43:55
================================================================================
[2026-03-08T15:44:49.886+0000] {manager.py:879} INFO - 
================================================================================
DAG File Processing Stats

File Path                             PID    Runtime      # DAGs    # Errors  Last Runtime    Last Run
------------------------------------  -----  ---------  --------  ----------  --------------  -------------------
/opt/airflow/dags/flight_pipeline.py                           1           0  0.19s           2026-03-08T15:44:25
================================================================================
[2026-03-08T15:45:13.060+0000] {manager.py:738} INFO - Searching for files in /opt/airflow/dags
[2026-03-08T15:45:13.062+0000] {manager.py:741} INFO - There are 1 files in /opt/airflow/dags
[2026-03-08T15:45:20.105+0000] {manager.py:879} INFO - 
================================================================================
DAG File Processing Stats

File Path                             PID    Runtime      # DAGs    # Errors  Last Runtime    Last Run
------------------------------------  -----  ---------  --------  ----------  --------------  -------------------
/opt/airflow/dags/flight_pipeline.py                           1           0  0.17s           2026-03-08T15:44:56
================================================================================
[2026-03-08T15:45:50.278+0000] {manager.py:879} INFO - 
================================================================================
DAG File Processing Stats

File Path                             PID    Runtime      # DAGs    # Errors  Last Runtime    Last Run
------------------------------------  -----  ---------  --------  ----------  --------------  -------------------
/opt/airflow/dags/flight_pipeline.py                           1           0  0.09s           2026-03-08T15:45:26
================================================================================
[2026-03-08T15:46:20.590+0000] {manager.py:879} INFO - 
================================================================================
DAG File Processing Stats

File Path                             PID    Runtime      # DAGs    # Errors  Last Runtime    Last Run
------------------------------------  -----  ---------  --------  ----------  --------------  -------------------
/opt/airflow/dags/flight_pipeline.py                           1           0  0.30s           2026-03-08T15:46:13
================================================================================
[2026-03-08T15:46:50.866+0000] {manager.py:879} INFO - 
================================================================================
DAG File Processing Stats

File Path                             PID    Runtime      # DAGs    # Errors  Last Runtime    Last Run
------------------------------------  -----  ---------  --------  ----------  --------------  -------------------
/opt/airflow/dags/flight_pipeline.py                           1           0  0.09s           2026-03-08T15:46:43
================================================================================
[2026-03-08T15:47:01.253+0000] {manager.py:451} INFO - Exiting gracefully upon receiving signal 15
[2026-03-08T15:47:18.998+0000] {manager.py:469} INFO - Processing files using up to 2 processes at a time 
[2026-03-08T15:47:19.003+0000] {manager.py:470} INFO - Process each file at most once every 30 seconds
[2026-03-08T15:47:19.003+0000] {manager.py:471} INFO - Checking for new files in /opt/airflow/dags every 300 seconds
[2026-03-08T15:47:19.004+0000] {manager.py:738} INFO - Searching for files in /opt/airflow/dags
[2026-03-08T15:47:19.005+0000] {manager.py:741} INFO - There are 1 files in /opt/airflow/dags
[2026-03-08T15:47:19.066+0000] {manager.py:879} INFO - 
================================================================================
DAG File Processing Stats

File Path                               PID  Runtime      # DAGs    # Errors  Last Runtime    Last Run
------------------------------------  -----  ---------  --------  ----------  --------------  ----------
/opt/airflow/dags/flight_pipeline.py    175  0.03s             0           0
================================================================================
[2026-03-08T15:47:49.200+0000] {manager.py:879} INFO - 
================================================================================
DAG File Processing Stats

File Path                               PID  Runtime      # DAGs    # Errors  Last Runtime    Last Run
------------------------------------  -----  ---------  --------  ----------  --------------  -------------------
/opt/airflow/dags/flight_pipeline.py    180  0.01s             1           0  0.10s           2026-03-08T15:47:19
================================================================================
[2026-03-08T15:48:19.423+0000] {manager.py:879} INFO - 
================================================================================
DAG File Processing Stats

File Path                               PID  Runtime      # DAGs    # Errors  Last Runtime    Last Run
------------------------------------  -----  ---------  --------  ----------  --------------  -------------------
/opt/airflow/dags/flight_pipeline.py    306  0.01s             1           0  0.16s           2026-03-08T15:47:49
================================================================================
[2026-03-08T15:48:49.640+0000] {manager.py:879} INFO - 
================================================================================
DAG File Processing Stats

File Path                             PID    Runtime      # DAGs    # Errors  Last Runtime    Last Run
------------------------------------  -----  ---------  --------  ----------  --------------  -------------------
/opt/airflow/dags/flight_pipeline.py                           1           0  0.43s           2026-03-08T15:48:19
================================================================================
[2026-03-08T15:49:20.133+0000] {manager.py:879} INFO - 
================================================================================
DAG File Processing Stats

File Path                             PID    Runtime      # DAGs    # Errors  Last Runtime    Last Run
------------------------------------  -----  ---------  --------  ----------  --------------  -------------------
/opt/airflow/dags/flight_pipeline.py                           1           0  0.17s           2026-03-08T15:48:50
================================================================================
[2026-03-08T15:49:50.439+0000] {manager.py:879} INFO - 
================================================================================
DAG File Processing Stats

File Path                             PID    Runtime      # DAGs    # Errors  Last Runtime    Last Run
------------------------------------  -----  ---------  --------  ----------  --------------  -------------------
/opt/airflow/dags/flight_pipeline.py                           1           0  0.16s           2026-03-08T15:49:20
================================================================================
[2026-03-08T15:50:20.743+0000] {manager.py:879} INFO - 
================================================================================
DAG File Processing Stats

File Path                             PID    Runtime      # DAGs    # Errors  Last Runtime    Last Run
------------------------------------  -----  ---------  --------  ----------  --------------  -------------------
/opt/airflow/dags/flight_pipeline.py                           1           0  0.18s           2026-03-08T15:49:50
================================================================================
[2026-03-08T15:50:51.053+0000] {manager.py:879} INFO - 
================================================================================
DAG File Processing Stats

File Path                             PID    Runtime      # DAGs    # Errors  Last Runtime    Last Run
------------------------------------  -----  ---------  --------  ----------  --------------  -------------------
/opt/airflow/dags/flight_pipeline.py                           1           0  0.18s           2026-03-08T15:50:21
================================================================================
[2026-03-08T15:51:21.371+0000] {manager.py:879} INFO - 
================================================================================
DAG File Processing Stats

File Path                             PID    Runtime      # DAGs    # Errors  Last Runtime    Last Run
------------------------------------  -----  ---------  --------  ----------  --------------  -------------------
/opt/airflow/dags/flight_pipeline.py                           1           0  0.17s           2026-03-08T15:50:51
================================================================================
[2026-03-08T15:51:51.697+0000] {manager.py:879} INFO - 
================================================================================
DAG File Processing Stats

File Path                               PID  Runtime      # DAGs    # Errors  Last Runtime    Last Run
------------------------------------  -----  ---------  --------  ----------  --------------  -------------------
/opt/airflow/dags/flight_pipeline.py   1516  0.01s             1           0  0.10s           2026-03-08T15:51:21
================================================================================
[2026-03-08T15:52:19.909+0000] {manager.py:738} INFO - Searching for files in /opt/airflow/dags
[2026-03-08T15:52:19.922+0000] {manager.py:741} INFO - There are 1 files in /opt/airflow/dags
[2026-03-08T15:52:21.962+0000] {manager.py:879} INFO - 
================================================================================
DAG File Processing Stats

File Path                               PID  Runtime      # DAGs    # Errors  Last Runtime    Last Run
------------------------------------  -----  ---------  --------  ----------  --------------  -------------------
/opt/airflow/dags/flight_pipeline.py   1521  0.01s             1           0  0.18s           2026-03-08T15:51:51
================================================================================
[2026-03-08T15:52:52.169+0000] {manager.py:879} INFO - 
================================================================================
DAG File Processing Stats

File Path                               PID  Runtime      # DAGs    # Errors  Last Runtime    Last Run
------------------------------------  -----  ---------  --------  ----------  --------------  -------------------
/opt/airflow/dags/flight_pipeline.py   1526  0.01s             1           0  0.17s           2026-03-08T15:52:22
================================================================================
[2026-03-08T15:53:22.420+0000] {manager.py:879} INFO - 
================================================================================
DAG File Processing Stats

File Path                               PID  Runtime      # DAGs    # Errors  Last Runtime    Last Run
------------------------------------  -----  ---------  --------  ----------  --------------  -------------------
/opt/airflow/dags/flight_pipeline.py   1531  0.01s             1           0  0.09s           2026-03-08T15:52:52
================================================================================
[2026-03-08T15:53:52.580+0000] {manager.py:879} INFO - 
================================================================================
DAG File Processing Stats

File Path                             PID    Runtime      # DAGs    # Errors  Last Runtime    Last Run
------------------------------------  -----  ---------  --------  ----------  --------------  -------------------
/opt/airflow/dags/flight_pipeline.py                           1           0  0.20s           2026-03-08T15:53:22
================================================================================
[2026-03-08T15:54:22.926+0000] {manager.py:879} INFO - 
================================================================================
DAG File Processing Stats

File Path                               PID  Runtime      # DAGs    # Errors  Last Runtime    Last Run
------------------------------------  -----  ---------  --------  ----------  --------------  -------------------
/opt/airflow/dags/flight_pipeline.py   1541  0.01s             1           0  0.12s           2026-03-08T15:53:52
================================================================================
[2026-03-08T15:54:53.171+0000] {manager.py:879} INFO - 
================================================================================
DAG File Processing Stats

File Path                               PID  Runtime      # DAGs    # Errors  Last Runtime    Last Run
------------------------------------  -----  ---------  --------  ----------  --------------  -------------------
/opt/airflow/dags/flight_pipeline.py   1546  0.01s             1           0  0.17s           2026-03-08T15:54:23
================================================================================
[2026-03-08T15:55:23.392+0000] {manager.py:879} INFO - 
================================================================================
DAG File Processing Stats

File Path                               PID  Runtime      # DAGs    # Errors  Last Runtime    Last Run
------------------------------------  -----  ---------  --------  ----------  --------------  -------------------
/opt/airflow/dags/flight_pipeline.py   1551  0.01s             1           0  0.19s           2026-03-08T15:54:53
================================================================================
[2026-03-08T15:55:53.667+0000] {manager.py:879} INFO - 
================================================================================
DAG File Processing Stats

File Path                               PID  Runtime      # DAGs    # Errors  Last Runtime    Last Run
------------------------------------  -----  ---------  --------  ----------  --------------  -------------------
/opt/airflow/dags/flight_pipeline.py   1556  0.01s             1           0  0.21s           2026-03-08T15:55:23
================================================================================
[2026-03-08T15:56:23.905+0000] {manager.py:879} INFO - 
================================================================================
DAG File Processing Stats

File Path                               PID  Runtime      # DAGs    # Errors  Last Runtime    Last Run
------------------------------------  -----  ---------  --------  ----------  --------------  -------------------
/opt/airflow/dags/flight_pipeline.py   1561  0.01s             1           0  0.17s           2026-03-08T15:55:53
================================================================================
[2026-03-08T15:56:54.144+0000] {manager.py:879} INFO - 
================================================================================
DAG File Processing Stats

File Path                               PID  Runtime      # DAGs    # Errors  Last Runtime    Last Run
------------------------------------  -----  ---------  --------  ----------  --------------  -------------------
/opt/airflow/dags/flight_pipeline.py   1566  0.01s             1           0  0.21s           2026-03-08T15:56:24
================================================================================
[2026-03-08T15:57:20.379+0000] {manager.py:738} INFO - Searching for files in /opt/airflow/dags
[2026-03-08T15:57:20.381+0000] {manager.py:741} INFO - There are 1 files in /opt/airflow/dags
[2026-03-08T15:57:24.435+0000] {manager.py:879} INFO - 
================================================================================
DAG File Processing Stats

File Path                               PID  Runtime      # DAGs    # Errors  Last Runtime    Last Run
------------------------------------  -----  ---------  --------  ----------  --------------  -------------------
/opt/airflow/dags/flight_pipeline.py   1571  0.01s             1           0  0.17s           2026-03-08T15:56:54
================================================================================
