[2026-03-08T18:10:03.426+0000] {taskinstance.py:1956} INFO - Dependencies all met for dep_context=non-requeueable deps ti=<TaskInstance: flight_pipeline.spark_transform scheduled__2026-03-08T18:08:00+00:00 [queued]>
[2026-03-08T18:10:03.433+0000] {taskinstance.py:1956} INFO - Dependencies all met for dep_context=requeueable deps ti=<TaskInstance: flight_pipeline.spark_transform scheduled__2026-03-08T18:08:00+00:00 [queued]>
[2026-03-08T18:10:03.433+0000] {taskinstance.py:2170} INFO - Starting attempt 1 of 2
[2026-03-08T18:10:03.441+0000] {taskinstance.py:2191} INFO - Executing <Task(BashOperator): spark_transform> on 2026-03-08 18:08:00+00:00
[2026-03-08T18:10:03.447+0000] {standard_task_runner.py:60} INFO - Started process 71249 to run task
[2026-03-08T18:10:03.450+0000] {standard_task_runner.py:87} INFO - Running: ['***', 'tasks', 'run', 'flight_pipeline', 'spark_transform', 'scheduled__2026-03-08T18:08:00+00:00', '--job-id', '262', '--raw', '--subdir', 'DAGS_FOLDER/flight_pipeline.py', '--cfg-path', '/tmp/tmpterysei7']
[2026-03-08T18:10:03.451+0000] {standard_task_runner.py:88} INFO - Job 262: Subtask spark_transform
[2026-03-08T18:10:03.483+0000] {task_command.py:423} INFO - Running <TaskInstance: flight_pipeline.spark_transform scheduled__2026-03-08T18:08:00+00:00 [running]> on host 45fb248f2902
[2026-03-08T18:10:03.536+0000] {taskinstance.py:2480} INFO - Exporting env vars: AIRFLOW_CTX_DAG_OWNER='vivek' AIRFLOW_CTX_DAG_ID='flight_pipeline' AIRFLOW_CTX_TASK_ID='spark_transform' AIRFLOW_CTX_EXECUTION_DATE='2026-03-08T18:08:00+00:00' AIRFLOW_CTX_TRY_NUMBER='1' AIRFLOW_CTX_DAG_RUN_ID='scheduled__2026-03-08T18:08:00+00:00'
[2026-03-08T18:10:03.537+0000] {subprocess.py:63} INFO - Tmp dir root location: /tmp
[2026-03-08T18:10:03.538+0000] {subprocess.py:75} INFO - Running command: ['/usr/bin/bash', '-c', 'cd /opt/***/ingestion && python spark_transform.py']
[2026-03-08T18:10:03.550+0000] {subprocess.py:86} INFO - Output:
[2026-03-08T18:10:04.689+0000] {subprocess.py:93} INFO - :: loading settings :: url = jar:file:/home/***/.local/lib/python3.8/site-packages/pyspark/jars/ivy-2.5.1.jar!/org/apache/ivy/core/settings/ivysettings.xml
[2026-03-08T18:10:04.733+0000] {subprocess.py:93} INFO - Ivy Default Cache set to: /home/***/.ivy2/cache
[2026-03-08T18:10:04.734+0000] {subprocess.py:93} INFO - The jars for the packages stored in: /home/***/.ivy2/jars
[2026-03-08T18:10:04.736+0000] {subprocess.py:93} INFO - com.google.cloud.bigdataoss#gcs-connector added as a dependency
[2026-03-08T18:10:04.736+0000] {subprocess.py:93} INFO - :: resolving dependencies :: org.apache.spark#spark-submit-parent-747fce60-af8c-4b2f-9b26-3faa0ab5cd98;1.0
[2026-03-08T18:10:04.737+0000] {subprocess.py:93} INFO - 	confs: [default]
[2026-03-08T18:10:04.814+0000] {subprocess.py:93} INFO - 	found com.google.cloud.bigdataoss#gcs-connector;hadoop3-2.2.22 in central
[2026-03-08T18:10:04.841+0000] {subprocess.py:93} INFO - 	found com.google.api-client#google-api-client-jackson2;2.0.1 in central
[2026-03-08T18:10:04.858+0000] {subprocess.py:93} INFO - 	found com.google.api-client#google-api-client;2.0.1 in central
[2026-03-08T18:10:04.883+0000] {subprocess.py:93} INFO - 	found com.google.oauth-client#google-oauth-client;1.34.1 in central
[2026-03-08T18:10:04.899+0000] {subprocess.py:93} INFO - 	found com.google.http-client#google-http-client;1.42.3 in central
[2026-03-08T18:10:04.915+0000] {subprocess.py:93} INFO - 	found org.apache.httpcomponents#httpclient;4.5.13 in central
[2026-03-08T18:10:04.930+0000] {subprocess.py:93} INFO - 	found org.apache.httpcomponents#httpcore;4.4.15 in central
[2026-03-08T18:10:04.944+0000] {subprocess.py:93} INFO - 	found commons-logging#commons-logging;1.2 in central
[2026-03-08T18:10:04.958+0000] {subprocess.py:93} INFO - 	found commons-codec#commons-codec;1.15 in central
[2026-03-08T18:10:04.970+0000] {subprocess.py:93} INFO - 	found com.google.code.findbugs#jsr305;3.0.2 in central
[2026-03-08T18:10:04.981+0000] {subprocess.py:93} INFO - 	found com.google.errorprone#error_prone_annotations;2.16 in central
[2026-03-08T18:10:04.993+0000] {subprocess.py:93} INFO - 	found com.google.guava#guava;33.1.0-jre in central
[2026-03-08T18:10:05.004+0000] {subprocess.py:93} INFO - 	found com.google.guava#failureaccess;1.0.2 in central
[2026-03-08T18:10:05.016+0000] {subprocess.py:93} INFO - 	found com.google.guava#listenablefuture;9999.0-empty-to-avoid-conflict-with-guava in central
[2026-03-08T18:10:05.033+0000] {subprocess.py:93} INFO - 	found org.checkerframework#checker-qual;3.42.0 in central
[2026-03-08T18:10:05.048+0000] {subprocess.py:93} INFO - 	found com.google.j2objc#j2objc-annotations;1.3 in central
[2026-03-08T18:10:05.059+0000] {subprocess.py:93} INFO - 	found io.opencensus#opencensus-api;0.31.1 in central
[2026-03-08T18:10:05.069+0000] {subprocess.py:93} INFO - 	found io.grpc#grpc-context;1.62.2 in central
[2026-03-08T18:10:05.077+0000] {subprocess.py:93} INFO - 	found io.opencensus#opencensus-contrib-http-util;0.31.1 in central
[2026-03-08T18:10:05.087+0000] {subprocess.py:93} INFO - 	found com.google.http-client#google-http-client-gson;1.42.3 in central
[2026-03-08T18:10:05.096+0000] {subprocess.py:93} INFO - 	found com.google.code.gson#gson;2.8.9 in central
[2026-03-08T18:10:05.105+0000] {subprocess.py:93} INFO - 	found io.grpc#grpc-api;1.62.2 in central
[2026-03-08T18:10:05.114+0000] {subprocess.py:93} INFO - 	found com.google.http-client#google-http-client-apache-v2;1.42.3 in central
[2026-03-08T18:10:05.124+0000] {subprocess.py:93} INFO - 	found com.google.cloud.bigdataoss#util;2.2.22 in central
[2026-03-08T18:10:05.133+0000] {subprocess.py:93} INFO - 	found com.google.http-client#google-http-client-jackson2;1.42.3 in central
[2026-03-08T18:10:05.141+0000] {subprocess.py:93} INFO - 	found com.fasterxml.jackson.core#jackson-core;2.13.4 in central
[2026-03-08T18:10:05.150+0000] {subprocess.py:93} INFO - 	found com.google.apis#google-api-services-iamcredentials;v1-rev20211203-2.0.0 in central
[2026-03-08T18:10:05.159+0000] {subprocess.py:93} INFO - 	found com.google.apis#google-api-services-storage;v1-rev20240105-2.0.0 in central
[2026-03-08T18:10:05.168+0000] {subprocess.py:93} INFO - 	found com.google.api-client#google-api-client;2.2.0 in central
[2026-03-08T18:10:05.181+0000] {subprocess.py:93} INFO - 	found org.apache.httpcomponents#httpcore;4.4.16 in central
[2026-03-08T18:10:05.191+0000] {subprocess.py:93} INFO - 	found com.google.auto.value#auto-value-annotations;1.10.4 in central
[2026-03-08T18:10:05.198+0000] {subprocess.py:93} INFO - 	found com.google.auth#google-auth-library-oauth2-http;1.22.0 in central
[2026-03-08T18:10:05.207+0000] {subprocess.py:93} INFO - 	found com.google.auth#google-auth-library-credentials;1.22.0 in central
[2026-03-08T18:10:05.215+0000] {subprocess.py:93} INFO - 	found com.google.http-client#google-http-client;1.43.3 in central
[2026-03-08T18:10:05.225+0000] {subprocess.py:93} INFO - 	found com.google.errorprone#error_prone_annotations;2.18.0 in central
[2026-03-08T18:10:05.237+0000] {subprocess.py:93} INFO - 	found com.google.j2objc#j2objc-annotations;2.8 in central
[2026-03-08T18:10:05.251+0000] {subprocess.py:93} INFO - 	found com.google.http-client#google-http-client-gson;1.43.3 in central
[2026-03-08T18:10:05.259+0000] {subprocess.py:93} INFO - 	found com.google.flogger#google-extensions;0.7.1 in central
[2026-03-08T18:10:05.265+0000] {subprocess.py:93} INFO - 	found com.google.flogger#flogger;0.7.1 in central
[2026-03-08T18:10:05.271+0000] {subprocess.py:93} INFO - 	found org.checkerframework#checker-compat-qual;2.5.3 in central
[2026-03-08T18:10:05.276+0000] {subprocess.py:93} INFO - 	found com.google.flogger#flogger-system-backend;0.7.1 in central
[2026-03-08T18:10:05.285+0000] {subprocess.py:93} INFO - 	found com.google.cloud.bigdataoss#util-hadoop;hadoop3-2.2.22 in central
[2026-03-08T18:10:05.294+0000] {subprocess.py:93} INFO - 	found com.google.cloud.bigdataoss#gcsio;2.2.22 in central
[2026-03-08T18:10:05.304+0000] {subprocess.py:93} INFO - 	found io.grpc#grpc-alts;1.62.2 in central
[2026-03-08T18:10:05.311+0000] {subprocess.py:93} INFO - 	found io.grpc#grpc-auth;1.62.2 in central
[2026-03-08T18:10:05.319+0000] {subprocess.py:93} INFO - 	found io.grpc#grpc-core;1.62.2 in central
[2026-03-08T18:10:05.328+0000] {subprocess.py:93} INFO - 	found io.grpc#grpc-grpclb;1.62.2 in central
[2026-03-08T18:10:05.334+0000] {subprocess.py:93} INFO - 	found io.grpc#grpc-protobuf;1.62.2 in central
[2026-03-08T18:10:05.342+0000] {subprocess.py:93} INFO - 	found com.google.protobuf#protobuf-java;3.25.3 in central
[2026-03-08T18:10:05.348+0000] {subprocess.py:93} INFO - 	found com.google.api.grpc#proto-google-common-protos;2.29.0 in central
[2026-03-08T18:10:05.354+0000] {subprocess.py:93} INFO - 	found io.grpc#grpc-stub;1.62.2 in central
[2026-03-08T18:10:05.362+0000] {subprocess.py:93} INFO - 	found org.conscrypt#conscrypt-openjdk-uber;2.5.2 in central
[2026-03-08T18:10:05.371+0000] {subprocess.py:93} INFO - 	found io.grpc#grpc-netty-shaded;1.62.2 in central
[2026-03-08T18:10:05.378+0000] {subprocess.py:93} INFO - 	found io.grpc#grpc-census;1.62.2 in central
[2026-03-08T18:10:05.388+0000] {subprocess.py:93} INFO - 	found com.google.cloud#google-cloud-storage;2.37.0 in central
[2026-03-08T18:10:05.406+0000] {subprocess.py:93} INFO - 	found com.google.errorprone#error_prone_annotations;2.26.1 in central
[2026-03-08T18:10:05.415+0000] {subprocess.py:93} INFO - 	found com.google.j2objc#j2objc-annotations;3.0.0 in central
[2026-03-08T18:10:05.425+0000] {subprocess.py:93} INFO - 	found com.google.http-client#google-http-client;1.44.1 in central
[2026-03-08T18:10:05.445+0000] {subprocess.py:93} INFO - 	found com.google.http-client#google-http-client-gson;1.44.1 in central
[2026-03-08T18:10:05.456+0000] {subprocess.py:93} INFO - 	found com.google.api-client#google-api-client;2.4.0 in central
[2026-03-08T18:10:05.466+0000] {subprocess.py:93} INFO - 	found commons-codec#commons-codec;1.16.1 in central
[2026-03-08T18:10:05.479+0000] {subprocess.py:93} INFO - 	found com.google.http-client#google-http-client-apache-v2;1.44.1 in central
[2026-03-08T18:10:05.496+0000] {subprocess.py:93} INFO - 	found com.google.cloud#google-cloud-core;2.5.4 in central
[2026-03-08T18:10:05.518+0000] {subprocess.py:93} INFO - 	found com.google.protobuf#protobuf-java-util;3.25.3 in central
[2026-03-08T18:10:05.544+0000] {subprocess.py:93} INFO - 	found com.google.api.grpc#proto-google-iam-v1;1.1.7 in central
[2026-03-08T18:10:05.567+0000] {subprocess.py:93} INFO - 	found com.google.cloud#google-cloud-core-http;2.37.0 in central
[2026-03-08T18:10:05.574+0000] {subprocess.py:93} INFO - 	found com.google.http-client#google-http-client-appengine;1.44.1 in central
[2026-03-08T18:10:05.582+0000] {subprocess.py:93} INFO - 	found com.google.api#gax-httpjson;2.47.0 in central
[2026-03-08T18:10:05.590+0000] {subprocess.py:93} INFO - 	found com.google.cloud#google-cloud-core-grpc;2.37.0 in central
[2026-03-08T18:10:05.595+0000] {subprocess.py:93} INFO - 	found com.google.api#gax;2.47.0 in central
[2026-03-08T18:10:05.602+0000] {subprocess.py:93} INFO - 	found io.opentelemetry#opentelemetry-api;1.37.0 in central
[2026-03-08T18:10:05.608+0000] {subprocess.py:93} INFO - 	found io.opentelemetry#opentelemetry-context;1.37.0 in central
[2026-03-08T18:10:05.615+0000] {subprocess.py:93} INFO - 	found com.google.api#gax-grpc;2.42.0 in central
[2026-03-08T18:10:05.631+0000] {subprocess.py:93} INFO - 	found io.grpc#grpc-inprocess;1.62.2 in central
[2026-03-08T18:10:05.638+0000] {subprocess.py:93} INFO - 	found com.google.api#api-common;2.30.0 in central
[2026-03-08T18:10:05.644+0000] {subprocess.py:93} INFO - 	found javax.annotation#javax.annotation-api;1.3.2 in central
[2026-03-08T18:10:05.652+0000] {subprocess.py:93} INFO - 	found com.google.api.grpc#proto-google-common-protos;2.38.0 in central
[2026-03-08T18:10:05.656+0000] {subprocess.py:93} INFO - 	found org.threeten#threetenbp;1.6.9 in central
[2026-03-08T18:10:05.665+0000] {subprocess.py:93} INFO - 	found com.google.api.grpc#proto-google-cloud-storage-v2;2.37.0-alpha in central
[2026-03-08T18:10:05.673+0000] {subprocess.py:93} INFO - 	found com.google.api.grpc#grpc-google-cloud-storage-v2;2.37.0-alpha in central
[2026-03-08T18:10:05.686+0000] {subprocess.py:93} INFO - 	found com.google.api.grpc#gapic-google-cloud-storage-v2;2.37.0-alpha in central
[2026-03-08T18:10:05.693+0000] {subprocess.py:93} INFO - 	found com.fasterxml.jackson.core#jackson-core;2.17.0 in central
[2026-03-08T18:10:05.702+0000] {subprocess.py:93} INFO - 	found com.google.cloud#google-cloud-storage-control;2.37.0-alpha in central
[2026-03-08T18:10:05.710+0000] {subprocess.py:93} INFO - 	found com.google.api.grpc#proto-google-cloud-storage-control-v2;2.37.0-alpha in central
[2026-03-08T18:10:05.721+0000] {subprocess.py:93} INFO - 	found io.grpc#grpc-xds;1.62.2 in central
[2026-03-08T18:10:05.728+0000] {subprocess.py:93} INFO - 	found io.opencensus#opencensus-proto;0.2.0 in central
[2026-03-08T18:10:05.734+0000] {subprocess.py:93} INFO - 	found io.grpc#grpc-util;1.62.2 in central
[2026-03-08T18:10:05.739+0000] {subprocess.py:93} INFO - 	found io.grpc#grpc-services;1.62.2 in central
[2026-03-08T18:10:05.745+0000] {subprocess.py:93} INFO - 	found com.google.re2j#re2j;1.7 in central
[2026-03-08T18:10:05.753+0000] {subprocess.py:93} INFO - 	found io.opencensus#opencensus-impl;0.31.0 in central
[2026-03-08T18:10:05.758+0000] {subprocess.py:93} INFO - 	found io.opencensus#opencensus-impl-core;0.31.0 in central
[2026-03-08T18:10:05.764+0000] {subprocess.py:93} INFO - 	found com.lmax#disruptor;3.4.2 in central
[2026-03-08T18:10:05.769+0000] {subprocess.py:93} INFO - 	found io.opencensus#opencensus-exporter-stats-stackdriver;0.31.0 in central
[2026-03-08T18:10:05.775+0000] {subprocess.py:93} INFO - 	found io.opencensus#opencensus-contrib-exemplar-util;0.31.0 in central
[2026-03-08T18:10:05.781+0000] {subprocess.py:93} INFO - 	found io.opencensus#opencensus-contrib-resource-util;0.31.0 in central
[2026-03-08T18:10:05.789+0000] {subprocess.py:93} INFO - 	found io.opencensus#opencensus-exporter-metrics-util;0.31.0 in central
[2026-03-08T18:10:05.798+0000] {subprocess.py:93} INFO - 	found com.google.cloud#google-cloud-monitoring;1.82.0 in central
[2026-03-08T18:10:05.806+0000] {subprocess.py:93} INFO - 	found com.google.api.grpc#proto-google-cloud-monitoring-v3;1.64.0 in central
[2026-03-08T18:10:05.819+0000] {subprocess.py:93} INFO - 	found io.opencensus#opencensus-contrib-grpc-metrics;0.31.0 in central
[2026-03-08T18:10:05.828+0000] {subprocess.py:93} INFO - 	found com.google.android#annotations;4.1.1.4 in central
[2026-03-08T18:10:05.835+0000] {subprocess.py:93} INFO - 	found org.codehaus.mojo#animal-sniffer-annotations;1.23 in central
[2026-03-08T18:10:05.843+0000] {subprocess.py:93} INFO - 	found io.perfmark#perfmark-api;0.26.0 in central
[2026-03-08T18:10:05.853+0000] {subprocess.py:93} INFO - 	found io.grpc#grpc-protobuf-lite;1.62.2 in central
[2026-03-08T18:10:05.896+0000] {subprocess.py:93} INFO - 	found io.perfmark#perfmark-api;0.27.0 in central
[2026-03-08T18:10:05.911+0000] {subprocess.py:93} INFO - 	found io.grpc#grpc-googleapis;1.62.2 in central
[2026-03-08T18:10:05.931+0000] {subprocess.py:93} INFO - 	found io.grpc#grpc-rls;1.62.2 in central
[2026-03-08T18:10:05.983+0000] {subprocess.py:93} INFO - :: resolution report :: resolve 1218ms :: artifacts dl 29ms
[2026-03-08T18:10:05.984+0000] {subprocess.py:93} INFO - 	:: modules in use:
[2026-03-08T18:10:05.984+0000] {subprocess.py:93} INFO - 	com.fasterxml.jackson.core#jackson-core;2.17.0 from central in [default]
[2026-03-08T18:10:05.985+0000] {subprocess.py:93} INFO - 	com.google.android#annotations;4.1.1.4 from central in [default]
[2026-03-08T18:10:05.985+0000] {subprocess.py:93} INFO - 	com.google.api#api-common;2.30.0 from central in [default]
[2026-03-08T18:10:05.985+0000] {subprocess.py:93} INFO - 	com.google.api#gax;2.47.0 from central in [default]
[2026-03-08T18:10:05.985+0000] {subprocess.py:93} INFO - 	com.google.api#gax-grpc;2.42.0 from central in [default]
[2026-03-08T18:10:05.985+0000] {subprocess.py:93} INFO - 	com.google.api#gax-httpjson;2.47.0 from central in [default]
[2026-03-08T18:10:05.985+0000] {subprocess.py:93} INFO - 	com.google.api-client#google-api-client;2.4.0 from central in [default]
[2026-03-08T18:10:05.986+0000] {subprocess.py:93} INFO - 	com.google.api-client#google-api-client-jackson2;2.0.1 from central in [default]
[2026-03-08T18:10:05.986+0000] {subprocess.py:93} INFO - 	com.google.api.grpc#gapic-google-cloud-storage-v2;2.37.0-alpha from central in [default]
[2026-03-08T18:10:05.986+0000] {subprocess.py:93} INFO - 	com.google.api.grpc#grpc-google-cloud-storage-v2;2.37.0-alpha from central in [default]
[2026-03-08T18:10:05.986+0000] {subprocess.py:93} INFO - 	com.google.api.grpc#proto-google-cloud-monitoring-v3;1.64.0 from central in [default]
[2026-03-08T18:10:05.986+0000] {subprocess.py:93} INFO - 	com.google.api.grpc#proto-google-cloud-storage-control-v2;2.37.0-alpha from central in [default]
[2026-03-08T18:10:05.986+0000] {subprocess.py:93} INFO - 	com.google.api.grpc#proto-google-cloud-storage-v2;2.37.0-alpha from central in [default]
[2026-03-08T18:10:05.986+0000] {subprocess.py:93} INFO - 	com.google.api.grpc#proto-google-common-protos;2.38.0 from central in [default]
[2026-03-08T18:10:05.986+0000] {subprocess.py:93} INFO - 	com.google.api.grpc#proto-google-iam-v1;1.1.7 from central in [default]
[2026-03-08T18:10:05.987+0000] {subprocess.py:93} INFO - 	com.google.apis#google-api-services-iamcredentials;v1-rev20211203-2.0.0 from central in [default]
[2026-03-08T18:10:05.987+0000] {subprocess.py:93} INFO - 	com.google.apis#google-api-services-storage;v1-rev20240105-2.0.0 from central in [default]
[2026-03-08T18:10:05.987+0000] {subprocess.py:93} INFO - 	com.google.auth#google-auth-library-credentials;1.22.0 from central in [default]
[2026-03-08T18:10:05.987+0000] {subprocess.py:93} INFO - 	com.google.auth#google-auth-library-oauth2-http;1.22.0 from central in [default]
[2026-03-08T18:10:05.987+0000] {subprocess.py:93} INFO - 	com.google.auto.value#auto-value-annotations;1.10.4 from central in [default]
[2026-03-08T18:10:05.987+0000] {subprocess.py:93} INFO - 	com.google.cloud#google-cloud-core;2.5.4 from central in [default]
[2026-03-08T18:10:05.987+0000] {subprocess.py:93} INFO - 	com.google.cloud#google-cloud-core-grpc;2.37.0 from central in [default]
[2026-03-08T18:10:05.987+0000] {subprocess.py:93} INFO - 	com.google.cloud#google-cloud-core-http;2.37.0 from central in [default]
[2026-03-08T18:10:05.988+0000] {subprocess.py:93} INFO - 	com.google.cloud#google-cloud-monitoring;1.82.0 from central in [default]
[2026-03-08T18:10:05.988+0000] {subprocess.py:93} INFO - 	com.google.cloud#google-cloud-storage;2.37.0 from central in [default]
[2026-03-08T18:10:05.988+0000] {subprocess.py:93} INFO - 	com.google.cloud#google-cloud-storage-control;2.37.0-alpha from central in [default]
[2026-03-08T18:10:05.988+0000] {subprocess.py:93} INFO - 	com.google.cloud.bigdataoss#gcs-connector;hadoop3-2.2.22 from central in [default]
[2026-03-08T18:10:05.988+0000] {subprocess.py:93} INFO - 	com.google.cloud.bigdataoss#gcsio;2.2.22 from central in [default]
[2026-03-08T18:10:05.988+0000] {subprocess.py:93} INFO - 	com.google.cloud.bigdataoss#util;2.2.22 from central in [default]
[2026-03-08T18:10:05.988+0000] {subprocess.py:93} INFO - 	com.google.cloud.bigdataoss#util-hadoop;hadoop3-2.2.22 from central in [default]
[2026-03-08T18:10:05.988+0000] {subprocess.py:93} INFO - 	com.google.code.findbugs#jsr305;3.0.2 from central in [default]
[2026-03-08T18:10:05.989+0000] {subprocess.py:93} INFO - 	com.google.code.gson#gson;2.8.9 from central in [default]
[2026-03-08T18:10:05.989+0000] {subprocess.py:93} INFO - 	com.google.errorprone#error_prone_annotations;2.26.1 from central in [default]
[2026-03-08T18:10:05.989+0000] {subprocess.py:93} INFO - 	com.google.flogger#flogger;0.7.1 from central in [default]
[2026-03-08T18:10:05.989+0000] {subprocess.py:93} INFO - 	com.google.flogger#flogger-system-backend;0.7.1 from central in [default]
[2026-03-08T18:10:05.989+0000] {subprocess.py:93} INFO - 	com.google.flogger#google-extensions;0.7.1 from central in [default]
[2026-03-08T18:10:05.989+0000] {subprocess.py:93} INFO - 	com.google.guava#failureaccess;1.0.2 from central in [default]
[2026-03-08T18:10:05.989+0000] {subprocess.py:93} INFO - 	com.google.guava#guava;33.1.0-jre from central in [default]
[2026-03-08T18:10:05.989+0000] {subprocess.py:93} INFO - 	com.google.guava#listenablefuture;9999.0-empty-to-avoid-conflict-with-guava from central in [default]
[2026-03-08T18:10:05.990+0000] {subprocess.py:93} INFO - 	com.google.http-client#google-http-client;1.44.1 from central in [default]
[2026-03-08T18:10:05.990+0000] {subprocess.py:93} INFO - 	com.google.http-client#google-http-client-apache-v2;1.44.1 from central in [default]
[2026-03-08T18:10:05.990+0000] {subprocess.py:93} INFO - 	com.google.http-client#google-http-client-appengine;1.44.1 from central in [default]
[2026-03-08T18:10:05.990+0000] {subprocess.py:93} INFO - 	com.google.http-client#google-http-client-gson;1.44.1 from central in [default]
[2026-03-08T18:10:05.990+0000] {subprocess.py:93} INFO - 	com.google.http-client#google-http-client-jackson2;1.42.3 from central in [default]
[2026-03-08T18:10:05.990+0000] {subprocess.py:93} INFO - 	com.google.j2objc#j2objc-annotations;3.0.0 from central in [default]
[2026-03-08T18:10:05.990+0000] {subprocess.py:93} INFO - 	com.google.oauth-client#google-oauth-client;1.34.1 from central in [default]
[2026-03-08T18:10:05.990+0000] {subprocess.py:93} INFO - 	com.google.protobuf#protobuf-java;3.25.3 from central in [default]
[2026-03-08T18:10:05.990+0000] {subprocess.py:93} INFO - 	com.google.protobuf#protobuf-java-util;3.25.3 from central in [default]
[2026-03-08T18:10:05.990+0000] {subprocess.py:93} INFO - 	com.google.re2j#re2j;1.7 from central in [default]
[2026-03-08T18:10:05.991+0000] {subprocess.py:93} INFO - 	com.lmax#disruptor;3.4.2 from central in [default]
[2026-03-08T18:10:05.991+0000] {subprocess.py:93} INFO - 	commons-codec#commons-codec;1.16.1 from central in [default]
[2026-03-08T18:10:05.991+0000] {subprocess.py:93} INFO - 	commons-logging#commons-logging;1.2 from central in [default]
[2026-03-08T18:10:05.991+0000] {subprocess.py:93} INFO - 	io.grpc#grpc-alts;1.62.2 from central in [default]
[2026-03-08T18:10:05.991+0000] {subprocess.py:93} INFO - 	io.grpc#grpc-api;1.62.2 from central in [default]
[2026-03-08T18:10:05.991+0000] {subprocess.py:93} INFO - 	io.grpc#grpc-auth;1.62.2 from central in [default]
[2026-03-08T18:10:05.991+0000] {subprocess.py:93} INFO - 	io.grpc#grpc-census;1.62.2 from central in [default]
[2026-03-08T18:10:05.991+0000] {subprocess.py:93} INFO - 	io.grpc#grpc-context;1.62.2 from central in [default]
[2026-03-08T18:10:05.991+0000] {subprocess.py:93} INFO - 	io.grpc#grpc-core;1.62.2 from central in [default]
[2026-03-08T18:10:05.991+0000] {subprocess.py:93} INFO - 	io.grpc#grpc-googleapis;1.62.2 from central in [default]
[2026-03-08T18:10:05.992+0000] {subprocess.py:93} INFO - 	io.grpc#grpc-grpclb;1.62.2 from central in [default]
[2026-03-08T18:10:05.992+0000] {subprocess.py:93} INFO - 	io.grpc#grpc-inprocess;1.62.2 from central in [default]
[2026-03-08T18:10:05.992+0000] {subprocess.py:93} INFO - 	io.grpc#grpc-netty-shaded;1.62.2 from central in [default]
[2026-03-08T18:10:05.992+0000] {subprocess.py:93} INFO - 	io.grpc#grpc-protobuf;1.62.2 from central in [default]
[2026-03-08T18:10:05.992+0000] {subprocess.py:93} INFO - 	io.grpc#grpc-protobuf-lite;1.62.2 from central in [default]
[2026-03-08T18:10:05.992+0000] {subprocess.py:93} INFO - 	io.grpc#grpc-rls;1.62.2 from central in [default]
[2026-03-08T18:10:05.992+0000] {subprocess.py:93} INFO - 	io.grpc#grpc-services;1.62.2 from central in [default]
[2026-03-08T18:10:05.992+0000] {subprocess.py:93} INFO - 	io.grpc#grpc-stub;1.62.2 from central in [default]
[2026-03-08T18:10:05.992+0000] {subprocess.py:93} INFO - 	io.grpc#grpc-util;1.62.2 from central in [default]
[2026-03-08T18:10:05.992+0000] {subprocess.py:93} INFO - 	io.grpc#grpc-xds;1.62.2 from central in [default]
[2026-03-08T18:10:05.993+0000] {subprocess.py:93} INFO - 	io.opencensus#opencensus-api;0.31.1 from central in [default]
[2026-03-08T18:10:05.993+0000] {subprocess.py:93} INFO - 	io.opencensus#opencensus-contrib-exemplar-util;0.31.0 from central in [default]
[2026-03-08T18:10:05.993+0000] {subprocess.py:93} INFO - 	io.opencensus#opencensus-contrib-grpc-metrics;0.31.0 from central in [default]
[2026-03-08T18:10:05.993+0000] {subprocess.py:93} INFO - 	io.opencensus#opencensus-contrib-http-util;0.31.1 from central in [default]
[2026-03-08T18:10:05.993+0000] {subprocess.py:93} INFO - 	io.opencensus#opencensus-contrib-resource-util;0.31.0 from central in [default]
[2026-03-08T18:10:05.993+0000] {subprocess.py:93} INFO - 	io.opencensus#opencensus-exporter-metrics-util;0.31.0 from central in [default]
[2026-03-08T18:10:05.993+0000] {subprocess.py:93} INFO - 	io.opencensus#opencensus-exporter-stats-stackdriver;0.31.0 from central in [default]
[2026-03-08T18:10:05.993+0000] {subprocess.py:93} INFO - 	io.opencensus#opencensus-impl;0.31.0 from central in [default]
[2026-03-08T18:10:05.993+0000] {subprocess.py:93} INFO - 	io.opencensus#opencensus-impl-core;0.31.0 from central in [default]
[2026-03-08T18:10:05.994+0000] {subprocess.py:93} INFO - 	io.opencensus#opencensus-proto;0.2.0 from central in [default]
[2026-03-08T18:10:05.994+0000] {subprocess.py:93} INFO - 	io.opentelemetry#opentelemetry-api;1.37.0 from central in [default]
[2026-03-08T18:10:05.994+0000] {subprocess.py:93} INFO - 	io.opentelemetry#opentelemetry-context;1.37.0 from central in [default]
[2026-03-08T18:10:05.994+0000] {subprocess.py:93} INFO - 	io.perfmark#perfmark-api;0.27.0 from central in [default]
[2026-03-08T18:10:05.994+0000] {subprocess.py:93} INFO - 	javax.annotation#javax.annotation-api;1.3.2 from central in [default]
[2026-03-08T18:10:05.994+0000] {subprocess.py:93} INFO - 	org.apache.httpcomponents#httpclient;4.5.13 from central in [default]
[2026-03-08T18:10:05.994+0000] {subprocess.py:93} INFO - 	org.apache.httpcomponents#httpcore;4.4.16 from central in [default]
[2026-03-08T18:10:05.994+0000] {subprocess.py:93} INFO - 	org.checkerframework#checker-compat-qual;2.5.3 from central in [default]
[2026-03-08T18:10:05.995+0000] {subprocess.py:93} INFO - 	org.checkerframework#checker-qual;3.42.0 from central in [default]
[2026-03-08T18:10:05.995+0000] {subprocess.py:93} INFO - 	org.codehaus.mojo#animal-sniffer-annotations;1.23 from central in [default]
[2026-03-08T18:10:05.995+0000] {subprocess.py:93} INFO - 	org.conscrypt#conscrypt-openjdk-uber;2.5.2 from central in [default]
[2026-03-08T18:10:05.995+0000] {subprocess.py:93} INFO - 	org.threeten#threetenbp;1.6.9 from central in [default]
[2026-03-08T18:10:05.995+0000] {subprocess.py:93} INFO - 	:: evicted modules:
[2026-03-08T18:10:05.995+0000] {subprocess.py:93} INFO - 	com.google.api-client#google-api-client;2.0.1 by [com.google.api-client#google-api-client;2.2.0] in [default]
[2026-03-08T18:10:05.995+0000] {subprocess.py:93} INFO - 	com.google.http-client#google-http-client;1.42.3 by [com.google.http-client#google-http-client;1.43.3] in [default]
[2026-03-08T18:10:05.995+0000] {subprocess.py:93} INFO - 	org.apache.httpcomponents#httpcore;4.4.15 by [org.apache.httpcomponents#httpcore;4.4.16] in [default]
[2026-03-08T18:10:05.995+0000] {subprocess.py:93} INFO - 	commons-codec#commons-codec;1.15 by [commons-codec#commons-codec;1.16.1] in [default]
[2026-03-08T18:10:05.995+0000] {subprocess.py:93} INFO - 	com.google.errorprone#error_prone_annotations;2.16 by [com.google.errorprone#error_prone_annotations;2.18.0] in [default]
[2026-03-08T18:10:05.996+0000] {subprocess.py:93} INFO - 	com.google.j2objc#j2objc-annotations;1.3 by [com.google.j2objc#j2objc-annotations;2.8] in [default]
[2026-03-08T18:10:05.996+0000] {subprocess.py:93} INFO - 	com.google.http-client#google-http-client-gson;1.42.3 by [com.google.http-client#google-http-client-gson;1.43.3] in [default]
[2026-03-08T18:10:05.996+0000] {subprocess.py:93} INFO - 	com.google.http-client#google-http-client-apache-v2;1.42.3 by [com.google.http-client#google-http-client-apache-v2;1.44.1] in [default]
[2026-03-08T18:10:05.996+0000] {subprocess.py:93} INFO - 	com.fasterxml.jackson.core#jackson-core;2.13.4 by [com.fasterxml.jackson.core#jackson-core;2.17.0] in [default]
[2026-03-08T18:10:05.996+0000] {subprocess.py:93} INFO - 	com.google.api-client#google-api-client;2.0.0 by [com.google.api-client#google-api-client;2.2.0] in [default]
[2026-03-08T18:10:05.996+0000] {subprocess.py:93} INFO - 	com.google.api-client#google-api-client;2.2.0 by [com.google.api-client#google-api-client;2.4.0] in [default]
[2026-03-08T18:10:05.996+0000] {subprocess.py:93} INFO - 	com.google.http-client#google-http-client;1.43.3 by [com.google.http-client#google-http-client;1.44.1] in [default]
[2026-03-08T18:10:05.996+0000] {subprocess.py:93} INFO - 	com.google.errorprone#error_prone_annotations;2.18.0 by [com.google.errorprone#error_prone_annotations;2.26.1] in [default]
[2026-03-08T18:10:05.996+0000] {subprocess.py:93} INFO - 	com.google.j2objc#j2objc-annotations;2.8 by [com.google.j2objc#j2objc-annotations;3.0.0] in [default]
[2026-03-08T18:10:05.996+0000] {subprocess.py:93} INFO - 	com.google.http-client#google-http-client-gson;1.43.3 by [com.google.http-client#google-http-client-gson;1.44.1] in [default]
[2026-03-08T18:10:05.997+0000] {subprocess.py:93} INFO - 	com.google.api.grpc#proto-google-common-protos;2.29.0 by [com.google.api.grpc#proto-google-common-protos;2.38.0] in [default]
[2026-03-08T18:10:05.997+0000] {subprocess.py:93} INFO - 	com.google.api#gax;2.12.2 by [com.google.api#gax;2.47.0] in [default]
[2026-03-08T18:10:05.997+0000] {subprocess.py:93} INFO - 	com.google.errorprone#error_prone_annotations;2.11.0 by [com.google.errorprone#error_prone_annotations;2.18.0] in [default]
[2026-03-08T18:10:05.997+0000] {subprocess.py:93} INFO - 	com.google.api.grpc#proto-google-common-protos;2.7.3 by [com.google.api.grpc#proto-google-common-protos;2.38.0] in [default]
[2026-03-08T18:10:05.997+0000] {subprocess.py:93} INFO - 	org.threeten#threetenbp;1.5.2 by [org.threeten#threetenbp;1.6.9] in [default]
[2026-03-08T18:10:05.997+0000] {subprocess.py:93} INFO - 	com.google.api#api-common;2.1.4 by [com.google.api#api-common;2.30.0] in [default]
[2026-03-08T18:10:05.997+0000] {subprocess.py:93} INFO - 	com.google.http-client#google-http-client;1.41.3 by [com.google.http-client#google-http-client;1.44.1] in [default]
[2026-03-08T18:10:05.997+0000] {subprocess.py:93} INFO - 	com.google.http-client#google-http-client-gson;1.41.3 by [com.google.http-client#google-http-client-gson;1.44.1] in [default]
[2026-03-08T18:10:05.997+0000] {subprocess.py:93} INFO - 	com.google.api#gax;2.42.0 by [com.google.api#gax;2.47.0] in [default]
[2026-03-08T18:10:05.997+0000] {subprocess.py:93} INFO - 	com.google.api#api-common;2.25.0 by [com.google.api#api-common;2.30.0] in [default]
[2026-03-08T18:10:05.998+0000] {subprocess.py:93} INFO - 	com.google.api.grpc#proto-google-common-protos;2.33.0 by [com.google.api.grpc#proto-google-common-protos;2.38.0] in [default]
[2026-03-08T18:10:05.998+0000] {subprocess.py:93} INFO - 	io.grpc#grpc-inprocess;1.61.0 by [io.grpc#grpc-inprocess;1.62.2] in [default]
[2026-03-08T18:10:05.998+0000] {subprocess.py:93} INFO - 	org.threeten#threetenbp;1.6.8 by [org.threeten#threetenbp;1.6.9] in [default]
[2026-03-08T18:10:05.998+0000] {subprocess.py:93} INFO - 	io.opencensus#opencensus-api;0.31.0 by [io.opencensus#opencensus-api;0.31.1] in [default]
[2026-03-08T18:10:05.998+0000] {subprocess.py:93} INFO - 	com.google.cloud#google-cloud-core-grpc;1.82.0 by [com.google.cloud#google-cloud-core-grpc;2.37.0] in [default]
[2026-03-08T18:10:05.998+0000] {subprocess.py:93} INFO - 	com.google.api#api-common;1.8.1 by [com.google.api#api-common;2.30.0] in [default]
[2026-03-08T18:10:05.998+0000] {subprocess.py:93} INFO - 	com.google.api.grpc#proto-google-common-protos;1.16.0 by [com.google.api.grpc#proto-google-common-protos;2.38.0] in [default]
[2026-03-08T18:10:05.998+0000] {subprocess.py:93} INFO - 	com.google.errorprone#error_prone_annotations;2.23.0 by [com.google.errorprone#error_prone_annotations;2.26.1] in [default]
[2026-03-08T18:10:05.998+0000] {subprocess.py:93} INFO - 	io.perfmark#perfmark-api;0.26.0 by [io.perfmark#perfmark-api;0.27.0] in [default]
[2026-03-08T18:10:05.999+0000] {subprocess.py:93} INFO - 	io.grpc#grpc-googleapis;1.61.0 by [io.grpc#grpc-googleapis;1.62.2] in [default]
[2026-03-08T18:10:05.999+0000] {subprocess.py:93} INFO - 	---------------------------------------------------------------------
[2026-03-08T18:10:05.999+0000] {subprocess.py:93} INFO - 	|                  |            modules            ||   artifacts   |
[2026-03-08T18:10:05.999+0000] {subprocess.py:93} INFO - 	|       conf       | number| search|dwnlded|evicted|| number|dwnlded|
[2026-03-08T18:10:05.999+0000] {subprocess.py:93} INFO - 	---------------------------------------------------------------------
[2026-03-08T18:10:05.999+0000] {subprocess.py:93} INFO - 	|      default     |  125  |   0   |   0   |   35  ||   90  |   0   |
[2026-03-08T18:10:05.999+0000] {subprocess.py:93} INFO - 	---------------------------------------------------------------------
[2026-03-08T18:10:06.003+0000] {subprocess.py:93} INFO - :: retrieving :: org.apache.spark#spark-submit-parent-747fce60-af8c-4b2f-9b26-3faa0ab5cd98
[2026-03-08T18:10:06.003+0000] {subprocess.py:93} INFO - 	confs: [default]
[2026-03-08T18:10:06.019+0000] {subprocess.py:93} INFO - 	0 artifacts copied, 90 already retrieved (0kB/16ms)
[2026-03-08T18:10:06.154+0000] {subprocess.py:93} INFO - 26/03/08 18:10:06 WARN NativeCodeLoader: Unable to load native-hadoop library for your platform... using builtin-java classes where applicable
[2026-03-08T18:10:06.353+0000] {subprocess.py:93} INFO - Setting default log level to "WARN".
[2026-03-08T18:10:06.354+0000] {subprocess.py:93} INFO - To adjust logging level use sc.setLogLevel(newLevel). For SparkR, use setLogLevel(newLevel).
[2026-03-08T18:10:06.915+0000] {subprocess.py:93} INFO - 26/03/08 18:10:06 WARN Utils: Service 'SparkUI' could not bind on port 4040. Attempting port 4041.
[2026-03-08T18:10:06.915+0000] {subprocess.py:93} INFO - 26/03/08 18:10:06 WARN Utils: Service 'SparkUI' could not bind on port 4041. Attempting port 4042.
[2026-03-08T18:10:26.055+0000] {subprocess.py:93} INFO - [Stage 0:>                                                          (0 + 1) / 1]                                                                                [Stage 33:>                                                         (0 + 1) / 1]
[2026-03-08T18:10:26.055+0000] {subprocess.py:93} INFO - Successfully read from GCS!
[2026-03-08T18:10:26.056+0000] {subprocess.py:93} INFO - Unique snapshots after dedup: 66
[2026-03-08T18:10:26.056+0000] {subprocess.py:93} INFO - 
[2026-03-08T18:10:26.056+0000] {subprocess.py:93} INFO - === Data Quality Report ===
[2026-03-08T18:10:26.056+0000] {subprocess.py:93} INFO - Total rows: 13819
[2026-03-08T18:10:26.056+0000] {subprocess.py:93} INFO - 
[2026-03-08T18:10:26.056+0000] {subprocess.py:93} INFO - Null counts per column:
[2026-03-08T18:10:26.057+0000] {subprocess.py:93} INFO - +-------------+------+--------+--------------+-------------+------------+---------+--------+---------+---------------+------+-------------+-----------------+---------+------------------+-----------+---------------+------------+
[2026-03-08T18:10:26.057+0000] {subprocess.py:93} INFO - |snapshot_time|icao24|callsign|origin_country|time_position|last_contact|longitude|latitude|on_ground|heading_degrees|squawk|altitude_feet|geo_altitude_feet|speed_kmh|vertical_rate_ftpm|ingested_at|flight_category|flight_phase|
[2026-03-08T18:10:26.057+0000] {subprocess.py:93} INFO - +-------------+------+--------+--------------+-------------+------------+---------+--------+---------+---------------+------+-------------+-----------------+---------+------------------+-----------+---------------+------------+
[2026-03-08T18:10:26.057+0000] {subprocess.py:93} INFO - |0            |0     |0       |0             |0            |0           |0        |0       |0        |0              |10044 |1655         |2182             |8        |1768              |0          |0              |0           |
[2026-03-08T18:10:26.057+0000] {subprocess.py:93} INFO - +-------------+------+--------+--------------+-------------+------------+---------+--------+---------+---------------+------+-------------+-----------------+---------+------------------+-----------+---------------+------------+
[2026-03-08T18:10:26.057+0000] {subprocess.py:93} INFO - 
[2026-03-08T18:10:26.057+0000] {subprocess.py:93} INFO - Flight phase distribution:
[2026-03-08T18:10:26.057+0000] {subprocess.py:93} INFO - +--------------------+-----+
[2026-03-08T18:10:26.058+0000] {subprocess.py:93} INFO - |        flight_phase|count|
[2026-03-08T18:10:26.058+0000] {subprocess.py:93} INFO - +--------------------+-----+
[2026-03-08T18:10:26.058+0000] {subprocess.py:93} INFO - |            Cruising| 7911|
[2026-03-08T18:10:26.058+0000] {subprocess.py:93} INFO - |Climbing / Descen...| 3370|
[2026-03-08T18:10:26.058+0000] {subprocess.py:93} INFO - |           On Ground| 1785|
[2026-03-08T18:10:26.058+0000] {subprocess.py:93} INFO - |   Takeoff / Landing|  753|
[2026-03-08T18:10:26.058+0000] {subprocess.py:93} INFO - +--------------------+-----+
[2026-03-08T18:10:26.058+0000] {subprocess.py:93} INFO - 
[2026-03-08T18:10:26.058+0000] {subprocess.py:93} INFO - Top 10 origin countries:
[2026-03-08T18:10:26.058+0000] {subprocess.py:93} INFO - +--------------------+-----+
[2026-03-08T18:10:26.059+0000] {subprocess.py:93} INFO - |      origin_country|count|
[2026-03-08T18:10:26.059+0000] {subprocess.py:93} INFO - +--------------------+-----+
[2026-03-08T18:10:26.059+0000] {subprocess.py:93} INFO - |               India| 8526|
[2026-03-08T18:10:26.059+0000] {subprocess.py:93} INFO - |            Thailand|  744|
[2026-03-08T18:10:26.059+0000] {subprocess.py:93} INFO - |            Malaysia|  577|
[2026-03-08T18:10:26.059+0000] {subprocess.py:93} INFO - |               China|  556|
[2026-03-08T18:10:26.059+0000] {subprocess.py:93} INFO - |           Singapore|  449|
[2026-03-08T18:10:26.059+0000] {subprocess.py:93} INFO - |              Turkey|  420|
[2026-03-08T18:10:26.059+0000] {subprocess.py:93} INFO - |United Arab Emirates|  393|
[2026-03-08T18:10:26.059+0000] {subprocess.py:93} INFO - |       United States|  246|
[2026-03-08T18:10:26.059+0000] {subprocess.py:93} INFO - |          Bangladesh|  184|
[2026-03-08T18:10:26.060+0000] {subprocess.py:93} INFO - |            Viet Nam|  138|
[2026-03-08T18:10:26.060+0000] {subprocess.py:93} INFO - +--------------------+-----+
[2026-03-08T18:10:26.060+0000] {subprocess.py:93} INFO - 
[2026-03-08T18:10:26.060+0000] {subprocess.py:93} INFO - 
[2026-03-08T18:10:26.060+0000] {subprocess.py:93} INFO - Writing transformed data to: gs://flight-pipeline-487919-flight-raw/processed/flights/2026-03-08/
[2026-03-08T18:10:26.060+0000] {subprocess.py:93} INFO - Successfully written to: gs://flight-pipeline-487919-flight-raw/processed/flights/2026-03-08/
[2026-03-08T18:10:26.060+0000] {subprocess.py:93} INFO - Total rows written: 13819
[2026-03-08T18:10:26.060+0000] {subprocess.py:93} INFO - 
[2026-03-08T18:10:26.060+0000] {subprocess.py:93} INFO - Pipeline complete!
[2026-03-08T18:10:26.501+0000] {subprocess.py:97} INFO - Command exited with return code 0
[2026-03-08T18:10:26.521+0000] {taskinstance.py:1138} INFO - Marking task as SUCCESS. dag_id=flight_pipeline, task_id=spark_transform, execution_date=20260308T180800, start_date=20260308T181003, end_date=20260308T181026
[2026-03-08T18:10:26.567+0000] {local_task_job_runner.py:234} INFO - Task exited with return code 0
[2026-03-08T18:10:26.589+0000] {taskinstance.py:3280} INFO - 1 downstream tasks scheduled from follow-on schedule check
