[2026-03-08T16:16:30.415+0000] {taskinstance.py:1956} INFO - Dependencies all met for dep_context=non-requeueable deps ti=<TaskInstance: flight_pipeline.load_to_bigquery scheduled__2026-03-08T16:14:00+00:00 [queued]>
[2026-03-08T16:16:30.429+0000] {taskinstance.py:1956} INFO - Dependencies all met for dep_context=requeueable deps ti=<TaskInstance: flight_pipeline.load_to_bigquery scheduled__2026-03-08T16:14:00+00:00 [queued]>
[2026-03-08T16:16:30.429+0000] {taskinstance.py:2170} INFO - Starting attempt 1 of 2
[2026-03-08T16:16:30.447+0000] {taskinstance.py:2191} INFO - Executing <Task(BashOperator): load_to_bigquery> on 2026-03-08 16:14:00+00:00
[2026-03-08T16:16:30.461+0000] {standard_task_runner.py:60} INFO - Started process 8804 to run task
[2026-03-08T16:16:30.466+0000] {standard_task_runner.py:87} INFO - Running: ['***', 'tasks', 'run', 'flight_pipeline', 'load_to_bigquery', 'scheduled__2026-03-08T16:14:00+00:00', '--job-id', '39', '--raw', '--subdir', 'DAGS_FOLDER/flight_pipeline.py', '--cfg-path', '/tmp/tmp2gu19m4x']
[2026-03-08T16:16:30.469+0000] {standard_task_runner.py:88} INFO - Job 39: Subtask load_to_bigquery
[2026-03-08T16:16:30.548+0000] {task_command.py:423} INFO - Running <TaskInstance: flight_pipeline.load_to_bigquery scheduled__2026-03-08T16:14:00+00:00 [running]> on host 45fb248f2902
[2026-03-08T16:16:30.683+0000] {taskinstance.py:2480} INFO - Exporting env vars: AIRFLOW_CTX_DAG_OWNER='vivek' AIRFLOW_CTX_DAG_ID='flight_pipeline' AIRFLOW_CTX_TASK_ID='load_to_bigquery' AIRFLOW_CTX_EXECUTION_DATE='2026-03-08T16:14:00+00:00' AIRFLOW_CTX_TRY_NUMBER='1' AIRFLOW_CTX_DAG_RUN_ID='scheduled__2026-03-08T16:14:00+00:00'
[2026-03-08T16:16:30.685+0000] {subprocess.py:63} INFO - Tmp dir root location: /tmp
[2026-03-08T16:16:30.686+0000] {subprocess.py:75} INFO - Running command: ['/usr/bin/bash', '-c', 'cd /opt/***/ingestion && python load_to_bigquery.py']
[2026-03-08T16:16:30.716+0000] {subprocess.py:86} INFO - Output:
[2026-03-08T16:16:36.899+0000] {subprocess.py:93} INFO - Loading Parquet into temp staging table: flight-pipeline-487919.flight_staging.raw_flights_staging
[2026-03-08T16:16:36.900+0000] {subprocess.py:93} INFO - Temp staging table loaded successfully
[2026-03-08T16:16:36.900+0000] {subprocess.py:93} INFO - Merging into flight-pipeline-487919.flight_staging.raw_flights with deduplication...
[2026-03-08T16:16:36.901+0000] {subprocess.py:93} INFO - Merge complete!
[2026-03-08T16:16:36.901+0000] {subprocess.py:93} INFO - Temp staging table dropped
[2026-03-08T16:16:36.901+0000] {subprocess.py:93} INFO - Total rows in flight-pipeline-487919.flight_staging.raw_flights: 2420
[2026-03-08T16:16:36.902+0000] {subprocess.py:93} INFO - Done!
[2026-03-08T16:16:37.173+0000] {subprocess.py:97} INFO - Command exited with return code 0
[2026-03-08T16:16:37.229+0000] {taskinstance.py:1138} INFO - Marking task as SUCCESS. dag_id=flight_pipeline, task_id=load_to_bigquery, execution_date=20260308T161400, start_date=20260308T161630, end_date=20260308T161637
[2026-03-08T16:16:37.285+0000] {local_task_job_runner.py:234} INFO - Task exited with return code 0
[2026-03-08T16:16:37.312+0000] {taskinstance.py:3280} INFO - 0 downstream tasks scheduled from follow-on schedule check
