[2026-03-08T16:09:03.951+0000] {taskinstance.py:1956} INFO - Dependencies all met for dep_context=non-requeueable deps ti=<TaskInstance: flight_pipeline.spark_transform scheduled__2026-03-08T16:06:00+00:00 [queued]>
[2026-03-08T16:09:03.968+0000] {taskinstance.py:1956} INFO - Dependencies all met for dep_context=requeueable deps ti=<TaskInstance: flight_pipeline.spark_transform scheduled__2026-03-08T16:06:00+00:00 [queued]>
[2026-03-08T16:09:03.969+0000] {taskinstance.py:2170} INFO - Starting attempt 1 of 2
[2026-03-08T16:09:03.990+0000] {taskinstance.py:2191} INFO - Executing <Task(BashOperator): spark_transform> on 2026-03-08 16:06:00+00:00
[2026-03-08T16:09:04.006+0000] {standard_task_runner.py:60} INFO - Started process 3716 to run task
[2026-03-08T16:09:04.012+0000] {standard_task_runner.py:87} INFO - Running: ['***', 'tasks', 'run', 'flight_pipeline', 'spark_transform', 'scheduled__2026-03-08T16:06:00+00:00', '--job-id', '22', '--raw', '--subdir', 'DAGS_FOLDER/flight_pipeline.py', '--cfg-path', '/tmp/tmpsr6h6cla']
[2026-03-08T16:09:04.015+0000] {standard_task_runner.py:88} INFO - Job 22: Subtask spark_transform
[2026-03-08T16:09:04.107+0000] {task_command.py:423} INFO - Running <TaskInstance: flight_pipeline.spark_transform scheduled__2026-03-08T16:06:00+00:00 [running]> on host 45fb248f2902
[2026-03-08T16:09:04.234+0000] {taskinstance.py:2480} INFO - Exporting env vars: AIRFLOW_CTX_DAG_OWNER='vivek' AIRFLOW_CTX_DAG_ID='flight_pipeline' AIRFLOW_CTX_TASK_ID='spark_transform' AIRFLOW_CTX_EXECUTION_DATE='2026-03-08T16:06:00+00:00' AIRFLOW_CTX_TRY_NUMBER='1' AIRFLOW_CTX_DAG_RUN_ID='scheduled__2026-03-08T16:06:00+00:00'
[2026-03-08T16:09:04.236+0000] {subprocess.py:63} INFO - Tmp dir root location: /tmp
[2026-03-08T16:09:04.237+0000] {subprocess.py:75} INFO - Running command: ['/usr/bin/bash', '-c', 'cd /opt/***/ingestion && python spark_transform.py']
[2026-03-08T16:09:04.268+0000] {subprocess.py:86} INFO - Output:
[2026-03-08T16:09:06.645+0000] {subprocess.py:93} INFO - :: loading settings :: url = jar:file:/home/***/.local/lib/python3.8/site-packages/pyspark/jars/ivy-2.5.1.jar!/org/apache/ivy/core/settings/ivysettings.xml
[2026-03-08T16:09:06.731+0000] {subprocess.py:93} INFO - Ivy Default Cache set to: /home/***/.ivy2/cache
[2026-03-08T16:09:06.732+0000] {subprocess.py:93} INFO - The jars for the packages stored in: /home/***/.ivy2/jars
[2026-03-08T16:09:06.737+0000] {subprocess.py:93} INFO - com.google.cloud.bigdataoss#gcs-connector added as a dependency
[2026-03-08T16:09:06.738+0000] {subprocess.py:93} INFO - :: resolving dependencies :: org.apache.spark#spark-submit-parent-62280a13-b65c-4d40-a24c-a00455a52103;1.0
[2026-03-08T16:09:06.739+0000] {subprocess.py:93} INFO - 	confs: [default]
[2026-03-08T16:09:06.904+0000] {subprocess.py:93} INFO - 	found com.google.cloud.bigdataoss#gcs-connector;hadoop3-2.2.22 in central
[2026-03-08T16:09:06.962+0000] {subprocess.py:93} INFO - 	found com.google.api-client#google-api-client-jackson2;2.0.1 in central
[2026-03-08T16:09:06.999+0000] {subprocess.py:93} INFO - 	found com.google.api-client#google-api-client;2.0.1 in central
[2026-03-08T16:09:07.041+0000] {subprocess.py:93} INFO - 	found com.google.oauth-client#google-oauth-client;1.34.1 in central
[2026-03-08T16:09:07.081+0000] {subprocess.py:93} INFO - 	found com.google.http-client#google-http-client;1.42.3 in central
[2026-03-08T16:09:07.120+0000] {subprocess.py:93} INFO - 	found org.apache.httpcomponents#httpclient;4.5.13 in central
[2026-03-08T16:09:07.150+0000] {subprocess.py:93} INFO - 	found org.apache.httpcomponents#httpcore;4.4.15 in central
[2026-03-08T16:09:07.186+0000] {subprocess.py:93} INFO - 	found commons-logging#commons-logging;1.2 in central
[2026-03-08T16:09:07.217+0000] {subprocess.py:93} INFO - 	found commons-codec#commons-codec;1.15 in central
[2026-03-08T16:09:07.241+0000] {subprocess.py:93} INFO - 	found com.google.code.findbugs#jsr305;3.0.2 in central
[2026-03-08T16:09:07.264+0000] {subprocess.py:93} INFO - 	found com.google.errorprone#error_prone_annotations;2.16 in central
[2026-03-08T16:09:07.286+0000] {subprocess.py:93} INFO - 	found com.google.guava#guava;33.1.0-jre in central
[2026-03-08T16:09:07.308+0000] {subprocess.py:93} INFO - 	found com.google.guava#failureaccess;1.0.2 in central
[2026-03-08T16:09:07.330+0000] {subprocess.py:93} INFO - 	found com.google.guava#listenablefuture;9999.0-empty-to-avoid-conflict-with-guava in central
[2026-03-08T16:09:07.349+0000] {subprocess.py:93} INFO - 	found org.checkerframework#checker-qual;3.42.0 in central
[2026-03-08T16:09:07.384+0000] {subprocess.py:93} INFO - 	found com.google.j2objc#j2objc-annotations;1.3 in central
[2026-03-08T16:09:07.400+0000] {subprocess.py:93} INFO - 	found io.opencensus#opencensus-api;0.31.1 in central
[2026-03-08T16:09:07.414+0000] {subprocess.py:93} INFO - 	found io.grpc#grpc-context;1.62.2 in central
[2026-03-08T16:09:07.429+0000] {subprocess.py:93} INFO - 	found io.opencensus#opencensus-contrib-http-util;0.31.1 in central
[2026-03-08T16:09:07.446+0000] {subprocess.py:93} INFO - 	found com.google.http-client#google-http-client-gson;1.42.3 in central
[2026-03-08T16:09:07.460+0000] {subprocess.py:93} INFO - 	found com.google.code.gson#gson;2.8.9 in central
[2026-03-08T16:09:07.480+0000] {subprocess.py:93} INFO - 	found io.grpc#grpc-api;1.62.2 in central
[2026-03-08T16:09:07.496+0000] {subprocess.py:93} INFO - 	found com.google.http-client#google-http-client-apache-v2;1.42.3 in central
[2026-03-08T16:09:07.517+0000] {subprocess.py:93} INFO - 	found com.google.cloud.bigdataoss#util;2.2.22 in central
[2026-03-08T16:09:07.532+0000] {subprocess.py:93} INFO - 	found com.google.http-client#google-http-client-jackson2;1.42.3 in central
[2026-03-08T16:09:07.550+0000] {subprocess.py:93} INFO - 	found com.fasterxml.jackson.core#jackson-core;2.13.4 in central
[2026-03-08T16:09:07.563+0000] {subprocess.py:93} INFO - 	found com.google.apis#google-api-services-iamcredentials;v1-rev20211203-2.0.0 in central
[2026-03-08T16:09:07.581+0000] {subprocess.py:93} INFO - 	found com.google.apis#google-api-services-storage;v1-rev20240105-2.0.0 in central
[2026-03-08T16:09:07.594+0000] {subprocess.py:93} INFO - 	found com.google.api-client#google-api-client;2.2.0 in central
[2026-03-08T16:09:07.618+0000] {subprocess.py:93} INFO - 	found org.apache.httpcomponents#httpcore;4.4.16 in central
[2026-03-08T16:09:07.633+0000] {subprocess.py:93} INFO - 	found com.google.auto.value#auto-value-annotations;1.10.4 in central
[2026-03-08T16:09:07.647+0000] {subprocess.py:93} INFO - 	found com.google.auth#google-auth-library-oauth2-http;1.22.0 in central
[2026-03-08T16:09:07.664+0000] {subprocess.py:93} INFO - 	found com.google.auth#google-auth-library-credentials;1.22.0 in central
[2026-03-08T16:09:07.679+0000] {subprocess.py:93} INFO - 	found com.google.http-client#google-http-client;1.43.3 in central
[2026-03-08T16:09:07.705+0000] {subprocess.py:93} INFO - 	found com.google.errorprone#error_prone_annotations;2.18.0 in central
[2026-03-08T16:09:07.723+0000] {subprocess.py:93} INFO - 	found com.google.j2objc#j2objc-annotations;2.8 in central
[2026-03-08T16:09:07.746+0000] {subprocess.py:93} INFO - 	found com.google.http-client#google-http-client-gson;1.43.3 in central
[2026-03-08T16:09:07.763+0000] {subprocess.py:93} INFO - 	found com.google.flogger#google-extensions;0.7.1 in central
[2026-03-08T16:09:07.775+0000] {subprocess.py:93} INFO - 	found com.google.flogger#flogger;0.7.1 in central
[2026-03-08T16:09:07.786+0000] {subprocess.py:93} INFO - 	found org.checkerframework#checker-compat-qual;2.5.3 in central
[2026-03-08T16:09:07.796+0000] {subprocess.py:93} INFO - 	found com.google.flogger#flogger-system-backend;0.7.1 in central
[2026-03-08T16:09:07.817+0000] {subprocess.py:93} INFO - 	found com.google.cloud.bigdataoss#util-hadoop;hadoop3-2.2.22 in central
[2026-03-08T16:09:07.844+0000] {subprocess.py:93} INFO - 	found com.google.cloud.bigdataoss#gcsio;2.2.22 in central
[2026-03-08T16:09:07.871+0000] {subprocess.py:93} INFO - 	found io.grpc#grpc-alts;1.62.2 in central
[2026-03-08T16:09:07.886+0000] {subprocess.py:93} INFO - 	found io.grpc#grpc-auth;1.62.2 in central
[2026-03-08T16:09:07.908+0000] {subprocess.py:93} INFO - 	found io.grpc#grpc-core;1.62.2 in central
[2026-03-08T16:09:07.923+0000] {subprocess.py:93} INFO - 	found io.grpc#grpc-grpclb;1.62.2 in central
[2026-03-08T16:09:07.935+0000] {subprocess.py:93} INFO - 	found io.grpc#grpc-protobuf;1.62.2 in central
[2026-03-08T16:09:07.949+0000] {subprocess.py:93} INFO - 	found com.google.protobuf#protobuf-java;3.25.3 in central
[2026-03-08T16:09:07.964+0000] {subprocess.py:93} INFO - 	found com.google.api.grpc#proto-google-common-protos;2.29.0 in central
[2026-03-08T16:09:07.980+0000] {subprocess.py:93} INFO - 	found io.grpc#grpc-stub;1.62.2 in central
[2026-03-08T16:09:08.003+0000] {subprocess.py:93} INFO - 	found org.conscrypt#conscrypt-openjdk-uber;2.5.2 in central
[2026-03-08T16:09:08.023+0000] {subprocess.py:93} INFO - 	found io.grpc#grpc-netty-shaded;1.62.2 in central
[2026-03-08T16:09:08.041+0000] {subprocess.py:93} INFO - 	found io.grpc#grpc-census;1.62.2 in central
[2026-03-08T16:09:08.071+0000] {subprocess.py:93} INFO - 	found com.google.cloud#google-cloud-storage;2.37.0 in central
[2026-03-08T16:09:08.120+0000] {subprocess.py:93} INFO - 	found com.google.errorprone#error_prone_annotations;2.26.1 in central
[2026-03-08T16:09:08.132+0000] {subprocess.py:93} INFO - 	found com.google.j2objc#j2objc-annotations;3.0.0 in central
[2026-03-08T16:09:08.152+0000] {subprocess.py:93} INFO - 	found com.google.http-client#google-http-client;1.44.1 in central
[2026-03-08T16:09:08.176+0000] {subprocess.py:93} INFO - 	found com.google.http-client#google-http-client-gson;1.44.1 in central
[2026-03-08T16:09:08.190+0000] {subprocess.py:93} INFO - 	found com.google.api-client#google-api-client;2.4.0 in central
[2026-03-08T16:09:08.205+0000] {subprocess.py:93} INFO - 	found commons-codec#commons-codec;1.16.1 in central
[2026-03-08T16:09:08.231+0000] {subprocess.py:93} INFO - 	found com.google.http-client#google-http-client-apache-v2;1.44.1 in central
[2026-03-08T16:09:08.264+0000] {subprocess.py:93} INFO - 	found com.google.cloud#google-cloud-core;2.5.4 in central
[2026-03-08T16:09:08.309+0000] {subprocess.py:93} INFO - 	found com.google.protobuf#protobuf-java-util;3.25.3 in central
[2026-03-08T16:09:08.356+0000] {subprocess.py:93} INFO - 	found com.google.api.grpc#proto-google-iam-v1;1.1.7 in central
[2026-03-08T16:09:08.421+0000] {subprocess.py:93} INFO - 	found com.google.cloud#google-cloud-core-http;2.37.0 in central
[2026-03-08T16:09:08.441+0000] {subprocess.py:93} INFO - 	found com.google.http-client#google-http-client-appengine;1.44.1 in central
[2026-03-08T16:09:08.463+0000] {subprocess.py:93} INFO - 	found com.google.api#gax-httpjson;2.47.0 in central
[2026-03-08T16:09:08.485+0000] {subprocess.py:93} INFO - 	found com.google.cloud#google-cloud-core-grpc;2.37.0 in central
[2026-03-08T16:09:08.496+0000] {subprocess.py:93} INFO - 	found com.google.api#gax;2.47.0 in central
[2026-03-08T16:09:08.512+0000] {subprocess.py:93} INFO - 	found io.opentelemetry#opentelemetry-api;1.37.0 in central
[2026-03-08T16:09:08.529+0000] {subprocess.py:93} INFO - 	found io.opentelemetry#opentelemetry-context;1.37.0 in central
[2026-03-08T16:09:08.547+0000] {subprocess.py:93} INFO - 	found com.google.api#gax-grpc;2.42.0 in central
[2026-03-08T16:09:08.612+0000] {subprocess.py:93} INFO - 	found io.grpc#grpc-inprocess;1.62.2 in central
[2026-03-08T16:09:08.632+0000] {subprocess.py:93} INFO - 	found com.google.api#api-common;2.30.0 in central
[2026-03-08T16:09:08.641+0000] {subprocess.py:93} INFO - 	found javax.annotation#javax.annotation-api;1.3.2 in central
[2026-03-08T16:09:08.652+0000] {subprocess.py:93} INFO - 	found com.google.api.grpc#proto-google-common-protos;2.38.0 in central
[2026-03-08T16:09:08.659+0000] {subprocess.py:93} INFO - 	found org.threeten#threetenbp;1.6.9 in central
[2026-03-08T16:09:08.673+0000] {subprocess.py:93} INFO - 	found com.google.api.grpc#proto-google-cloud-storage-v2;2.37.0-alpha in central
[2026-03-08T16:09:08.687+0000] {subprocess.py:93} INFO - 	found com.google.api.grpc#grpc-google-cloud-storage-v2;2.37.0-alpha in central
[2026-03-08T16:09:08.706+0000] {subprocess.py:93} INFO - 	found com.google.api.grpc#gapic-google-cloud-storage-v2;2.37.0-alpha in central
[2026-03-08T16:09:08.723+0000] {subprocess.py:93} INFO - 	found com.fasterxml.jackson.core#jackson-core;2.17.0 in central
[2026-03-08T16:09:08.745+0000] {subprocess.py:93} INFO - 	found com.google.cloud#google-cloud-storage-control;2.37.0-alpha in central
[2026-03-08T16:09:08.761+0000] {subprocess.py:93} INFO - 	found com.google.api.grpc#proto-google-cloud-storage-control-v2;2.37.0-alpha in central
[2026-03-08T16:09:08.791+0000] {subprocess.py:93} INFO - 	found io.grpc#grpc-xds;1.62.2 in central
[2026-03-08T16:09:08.806+0000] {subprocess.py:93} INFO - 	found io.opencensus#opencensus-proto;0.2.0 in central
[2026-03-08T16:09:08.824+0000] {subprocess.py:93} INFO - 	found io.grpc#grpc-util;1.62.2 in central
[2026-03-08T16:09:08.837+0000] {subprocess.py:93} INFO - 	found io.grpc#grpc-services;1.62.2 in central
[2026-03-08T16:09:08.851+0000] {subprocess.py:93} INFO - 	found com.google.re2j#re2j;1.7 in central
[2026-03-08T16:09:08.868+0000] {subprocess.py:93} INFO - 	found io.opencensus#opencensus-impl;0.31.0 in central
[2026-03-08T16:09:08.880+0000] {subprocess.py:93} INFO - 	found io.opencensus#opencensus-impl-core;0.31.0 in central
[2026-03-08T16:09:08.893+0000] {subprocess.py:93} INFO - 	found com.lmax#disruptor;3.4.2 in central
[2026-03-08T16:09:08.906+0000] {subprocess.py:93} INFO - 	found io.opencensus#opencensus-exporter-stats-stackdriver;0.31.0 in central
[2026-03-08T16:09:08.920+0000] {subprocess.py:93} INFO - 	found io.opencensus#opencensus-contrib-exemplar-util;0.31.0 in central
[2026-03-08T16:09:08.932+0000] {subprocess.py:93} INFO - 	found io.opencensus#opencensus-contrib-resource-util;0.31.0 in central
[2026-03-08T16:09:08.950+0000] {subprocess.py:93} INFO - 	found io.opencensus#opencensus-exporter-metrics-util;0.31.0 in central
[2026-03-08T16:09:08.972+0000] {subprocess.py:93} INFO - 	found com.google.cloud#google-cloud-monitoring;1.82.0 in central
[2026-03-08T16:09:08.988+0000] {subprocess.py:93} INFO - 	found com.google.api.grpc#proto-google-cloud-monitoring-v3;1.64.0 in central
[2026-03-08T16:09:09.013+0000] {subprocess.py:93} INFO - 	found io.opencensus#opencensus-contrib-grpc-metrics;0.31.0 in central
[2026-03-08T16:09:09.032+0000] {subprocess.py:93} INFO - 	found com.google.android#annotations;4.1.1.4 in central
[2026-03-08T16:09:09.045+0000] {subprocess.py:93} INFO - 	found org.codehaus.mojo#animal-sniffer-annotations;1.23 in central
[2026-03-08T16:09:09.060+0000] {subprocess.py:93} INFO - 	found io.perfmark#perfmark-api;0.26.0 in central
[2026-03-08T16:09:09.080+0000] {subprocess.py:93} INFO - 	found io.grpc#grpc-protobuf-lite;1.62.2 in central
[2026-03-08T16:09:09.181+0000] {subprocess.py:93} INFO - 	found io.perfmark#perfmark-api;0.27.0 in central
[2026-03-08T16:09:09.207+0000] {subprocess.py:93} INFO - 	found io.grpc#grpc-googleapis;1.62.2 in central
[2026-03-08T16:09:09.264+0000] {subprocess.py:93} INFO - 	found io.grpc#grpc-rls;1.62.2 in central
[2026-03-08T16:09:09.382+0000] {subprocess.py:93} INFO - :: resolution report :: resolve 2574ms :: artifacts dl 69ms
[2026-03-08T16:09:09.383+0000] {subprocess.py:93} INFO - 	:: modules in use:
[2026-03-08T16:09:09.383+0000] {subprocess.py:93} INFO - 	com.fasterxml.jackson.core#jackson-core;2.17.0 from central in [default]
[2026-03-08T16:09:09.383+0000] {subprocess.py:93} INFO - 	com.google.android#annotations;4.1.1.4 from central in [default]
[2026-03-08T16:09:09.384+0000] {subprocess.py:93} INFO - 	com.google.api#api-common;2.30.0 from central in [default]
[2026-03-08T16:09:09.384+0000] {subprocess.py:93} INFO - 	com.google.api#gax;2.47.0 from central in [default]
[2026-03-08T16:09:09.384+0000] {subprocess.py:93} INFO - 	com.google.api#gax-grpc;2.42.0 from central in [default]
[2026-03-08T16:09:09.385+0000] {subprocess.py:93} INFO - 	com.google.api#gax-httpjson;2.47.0 from central in [default]
[2026-03-08T16:09:09.385+0000] {subprocess.py:93} INFO - 	com.google.api-client#google-api-client;2.4.0 from central in [default]
[2026-03-08T16:09:09.385+0000] {subprocess.py:93} INFO - 	com.google.api-client#google-api-client-jackson2;2.0.1 from central in [default]
[2026-03-08T16:09:09.386+0000] {subprocess.py:93} INFO - 	com.google.api.grpc#gapic-google-cloud-storage-v2;2.37.0-alpha from central in [default]
[2026-03-08T16:09:09.386+0000] {subprocess.py:93} INFO - 	com.google.api.grpc#grpc-google-cloud-storage-v2;2.37.0-alpha from central in [default]
[2026-03-08T16:09:09.386+0000] {subprocess.py:93} INFO - 	com.google.api.grpc#proto-google-cloud-monitoring-v3;1.64.0 from central in [default]
[2026-03-08T16:09:09.386+0000] {subprocess.py:93} INFO - 	com.google.api.grpc#proto-google-cloud-storage-control-v2;2.37.0-alpha from central in [default]
[2026-03-08T16:09:09.387+0000] {subprocess.py:93} INFO - 	com.google.api.grpc#proto-google-cloud-storage-v2;2.37.0-alpha from central in [default]
[2026-03-08T16:09:09.387+0000] {subprocess.py:93} INFO - 	com.google.api.grpc#proto-google-common-protos;2.38.0 from central in [default]
[2026-03-08T16:09:09.387+0000] {subprocess.py:93} INFO - 	com.google.api.grpc#proto-google-iam-v1;1.1.7 from central in [default]
[2026-03-08T16:09:09.387+0000] {subprocess.py:93} INFO - 	com.google.apis#google-api-services-iamcredentials;v1-rev20211203-2.0.0 from central in [default]
[2026-03-08T16:09:09.388+0000] {subprocess.py:93} INFO - 	com.google.apis#google-api-services-storage;v1-rev20240105-2.0.0 from central in [default]
[2026-03-08T16:09:09.388+0000] {subprocess.py:93} INFO - 	com.google.auth#google-auth-library-credentials;1.22.0 from central in [default]
[2026-03-08T16:09:09.388+0000] {subprocess.py:93} INFO - 	com.google.auth#google-auth-library-oauth2-http;1.22.0 from central in [default]
[2026-03-08T16:09:09.389+0000] {subprocess.py:93} INFO - 	com.google.auto.value#auto-value-annotations;1.10.4 from central in [default]
[2026-03-08T16:09:09.389+0000] {subprocess.py:93} INFO - 	com.google.cloud#google-cloud-core;2.5.4 from central in [default]
[2026-03-08T16:09:09.389+0000] {subprocess.py:93} INFO - 	com.google.cloud#google-cloud-core-grpc;2.37.0 from central in [default]
[2026-03-08T16:09:09.389+0000] {subprocess.py:93} INFO - 	com.google.cloud#google-cloud-core-http;2.37.0 from central in [default]
[2026-03-08T16:09:09.390+0000] {subprocess.py:93} INFO - 	com.google.cloud#google-cloud-monitoring;1.82.0 from central in [default]
[2026-03-08T16:09:09.390+0000] {subprocess.py:93} INFO - 	com.google.cloud#google-cloud-storage;2.37.0 from central in [default]
[2026-03-08T16:09:09.390+0000] {subprocess.py:93} INFO - 	com.google.cloud#google-cloud-storage-control;2.37.0-alpha from central in [default]
[2026-03-08T16:09:09.390+0000] {subprocess.py:93} INFO - 	com.google.cloud.bigdataoss#gcs-connector;hadoop3-2.2.22 from central in [default]
[2026-03-08T16:09:09.391+0000] {subprocess.py:93} INFO - 	com.google.cloud.bigdataoss#gcsio;2.2.22 from central in [default]
[2026-03-08T16:09:09.391+0000] {subprocess.py:93} INFO - 	com.google.cloud.bigdataoss#util;2.2.22 from central in [default]
[2026-03-08T16:09:09.391+0000] {subprocess.py:93} INFO - 	com.google.cloud.bigdataoss#util-hadoop;hadoop3-2.2.22 from central in [default]
[2026-03-08T16:09:09.392+0000] {subprocess.py:93} INFO - 	com.google.code.findbugs#jsr305;3.0.2 from central in [default]
[2026-03-08T16:09:09.392+0000] {subprocess.py:93} INFO - 	com.google.code.gson#gson;2.8.9 from central in [default]
[2026-03-08T16:09:09.392+0000] {subprocess.py:93} INFO - 	com.google.errorprone#error_prone_annotations;2.26.1 from central in [default]
[2026-03-08T16:09:09.392+0000] {subprocess.py:93} INFO - 	com.google.flogger#flogger;0.7.1 from central in [default]
[2026-03-08T16:09:09.393+0000] {subprocess.py:93} INFO - 	com.google.flogger#flogger-system-backend;0.7.1 from central in [default]
[2026-03-08T16:09:09.393+0000] {subprocess.py:93} INFO - 	com.google.flogger#google-extensions;0.7.1 from central in [default]
[2026-03-08T16:09:09.393+0000] {subprocess.py:93} INFO - 	com.google.guava#failureaccess;1.0.2 from central in [default]
[2026-03-08T16:09:09.394+0000] {subprocess.py:93} INFO - 	com.google.guava#guava;33.1.0-jre from central in [default]
[2026-03-08T16:09:09.394+0000] {subprocess.py:93} INFO - 	com.google.guava#listenablefuture;9999.0-empty-to-avoid-conflict-with-guava from central in [default]
[2026-03-08T16:09:09.394+0000] {subprocess.py:93} INFO - 	com.google.http-client#google-http-client;1.44.1 from central in [default]
[2026-03-08T16:09:09.394+0000] {subprocess.py:93} INFO - 	com.google.http-client#google-http-client-apache-v2;1.44.1 from central in [default]
[2026-03-08T16:09:09.395+0000] {subprocess.py:93} INFO - 	com.google.http-client#google-http-client-appengine;1.44.1 from central in [default]
[2026-03-08T16:09:09.395+0000] {subprocess.py:93} INFO - 	com.google.http-client#google-http-client-gson;1.44.1 from central in [default]
[2026-03-08T16:09:09.395+0000] {subprocess.py:93} INFO - 	com.google.http-client#google-http-client-jackson2;1.42.3 from central in [default]
[2026-03-08T16:09:09.396+0000] {subprocess.py:93} INFO - 	com.google.j2objc#j2objc-annotations;3.0.0 from central in [default]
[2026-03-08T16:09:09.396+0000] {subprocess.py:93} INFO - 	com.google.oauth-client#google-oauth-client;1.34.1 from central in [default]
[2026-03-08T16:09:09.396+0000] {subprocess.py:93} INFO - 	com.google.protobuf#protobuf-java;3.25.3 from central in [default]
[2026-03-08T16:09:09.397+0000] {subprocess.py:93} INFO - 	com.google.protobuf#protobuf-java-util;3.25.3 from central in [default]
[2026-03-08T16:09:09.397+0000] {subprocess.py:93} INFO - 	com.google.re2j#re2j;1.7 from central in [default]
[2026-03-08T16:09:09.397+0000] {subprocess.py:93} INFO - 	com.lmax#disruptor;3.4.2 from central in [default]
[2026-03-08T16:09:09.397+0000] {subprocess.py:93} INFO - 	commons-codec#commons-codec;1.16.1 from central in [default]
[2026-03-08T16:09:09.398+0000] {subprocess.py:93} INFO - 	commons-logging#commons-logging;1.2 from central in [default]
[2026-03-08T16:09:09.398+0000] {subprocess.py:93} INFO - 	io.grpc#grpc-alts;1.62.2 from central in [default]
[2026-03-08T16:09:09.398+0000] {subprocess.py:93} INFO - 	io.grpc#grpc-api;1.62.2 from central in [default]
[2026-03-08T16:09:09.398+0000] {subprocess.py:93} INFO - 	io.grpc#grpc-auth;1.62.2 from central in [default]
[2026-03-08T16:09:09.399+0000] {subprocess.py:93} INFO - 	io.grpc#grpc-census;1.62.2 from central in [default]
[2026-03-08T16:09:09.399+0000] {subprocess.py:93} INFO - 	io.grpc#grpc-context;1.62.2 from central in [default]
[2026-03-08T16:09:09.399+0000] {subprocess.py:93} INFO - 	io.grpc#grpc-core;1.62.2 from central in [default]
[2026-03-08T16:09:09.400+0000] {subprocess.py:93} INFO - 	io.grpc#grpc-googleapis;1.62.2 from central in [default]
[2026-03-08T16:09:09.400+0000] {subprocess.py:93} INFO - 	io.grpc#grpc-grpclb;1.62.2 from central in [default]
[2026-03-08T16:09:09.400+0000] {subprocess.py:93} INFO - 	io.grpc#grpc-inprocess;1.62.2 from central in [default]
[2026-03-08T16:09:09.400+0000] {subprocess.py:93} INFO - 	io.grpc#grpc-netty-shaded;1.62.2 from central in [default]
[2026-03-08T16:09:09.401+0000] {subprocess.py:93} INFO - 	io.grpc#grpc-protobuf;1.62.2 from central in [default]
[2026-03-08T16:09:09.401+0000] {subprocess.py:93} INFO - 	io.grpc#grpc-protobuf-lite;1.62.2 from central in [default]
[2026-03-08T16:09:09.401+0000] {subprocess.py:93} INFO - 	io.grpc#grpc-rls;1.62.2 from central in [default]
[2026-03-08T16:09:09.402+0000] {subprocess.py:93} INFO - 	io.grpc#grpc-services;1.62.2 from central in [default]
[2026-03-08T16:09:09.402+0000] {subprocess.py:93} INFO - 	io.grpc#grpc-stub;1.62.2 from central in [default]
[2026-03-08T16:09:09.402+0000] {subprocess.py:93} INFO - 	io.grpc#grpc-util;1.62.2 from central in [default]
[2026-03-08T16:09:09.403+0000] {subprocess.py:93} INFO - 	io.grpc#grpc-xds;1.62.2 from central in [default]
[2026-03-08T16:09:09.403+0000] {subprocess.py:93} INFO - 	io.opencensus#opencensus-api;0.31.1 from central in [default]
[2026-03-08T16:09:09.403+0000] {subprocess.py:93} INFO - 	io.opencensus#opencensus-contrib-exemplar-util;0.31.0 from central in [default]
[2026-03-08T16:09:09.403+0000] {subprocess.py:93} INFO - 	io.opencensus#opencensus-contrib-grpc-metrics;0.31.0 from central in [default]
[2026-03-08T16:09:09.404+0000] {subprocess.py:93} INFO - 	io.opencensus#opencensus-contrib-http-util;0.31.1 from central in [default]
[2026-03-08T16:09:09.404+0000] {subprocess.py:93} INFO - 	io.opencensus#opencensus-contrib-resource-util;0.31.0 from central in [default]
[2026-03-08T16:09:09.404+0000] {subprocess.py:93} INFO - 	io.opencensus#opencensus-exporter-metrics-util;0.31.0 from central in [default]
[2026-03-08T16:09:09.405+0000] {subprocess.py:93} INFO - 	io.opencensus#opencensus-exporter-stats-stackdriver;0.31.0 from central in [default]
[2026-03-08T16:09:09.405+0000] {subprocess.py:93} INFO - 	io.opencensus#opencensus-impl;0.31.0 from central in [default]
[2026-03-08T16:09:09.405+0000] {subprocess.py:93} INFO - 	io.opencensus#opencensus-impl-core;0.31.0 from central in [default]
[2026-03-08T16:09:09.405+0000] {subprocess.py:93} INFO - 	io.opencensus#opencensus-proto;0.2.0 from central in [default]
[2026-03-08T16:09:09.406+0000] {subprocess.py:93} INFO - 	io.opentelemetry#opentelemetry-api;1.37.0 from central in [default]
[2026-03-08T16:09:09.406+0000] {subprocess.py:93} INFO - 	io.opentelemetry#opentelemetry-context;1.37.0 from central in [default]
[2026-03-08T16:09:09.406+0000] {subprocess.py:93} INFO - 	io.perfmark#perfmark-api;0.27.0 from central in [default]
[2026-03-08T16:09:09.407+0000] {subprocess.py:93} INFO - 	javax.annotation#javax.annotation-api;1.3.2 from central in [default]
[2026-03-08T16:09:09.407+0000] {subprocess.py:93} INFO - 	org.apache.httpcomponents#httpclient;4.5.13 from central in [default]
[2026-03-08T16:09:09.407+0000] {subprocess.py:93} INFO - 	org.apache.httpcomponents#httpcore;4.4.16 from central in [default]
[2026-03-08T16:09:09.408+0000] {subprocess.py:93} INFO - 	org.checkerframework#checker-compat-qual;2.5.3 from central in [default]
[2026-03-08T16:09:09.408+0000] {subprocess.py:93} INFO - 	org.checkerframework#checker-qual;3.42.0 from central in [default]
[2026-03-08T16:09:09.408+0000] {subprocess.py:93} INFO - 	org.codehaus.mojo#animal-sniffer-annotations;1.23 from central in [default]
[2026-03-08T16:09:09.409+0000] {subprocess.py:93} INFO - 	org.conscrypt#conscrypt-openjdk-uber;2.5.2 from central in [default]
[2026-03-08T16:09:09.409+0000] {subprocess.py:93} INFO - 	org.threeten#threetenbp;1.6.9 from central in [default]
[2026-03-08T16:09:09.409+0000] {subprocess.py:93} INFO - 	:: evicted modules:
[2026-03-08T16:09:09.410+0000] {subprocess.py:93} INFO - 	com.google.api-client#google-api-client;2.0.1 by [com.google.api-client#google-api-client;2.2.0] in [default]
[2026-03-08T16:09:09.410+0000] {subprocess.py:93} INFO - 	com.google.http-client#google-http-client;1.42.3 by [com.google.http-client#google-http-client;1.43.3] in [default]
[2026-03-08T16:09:09.411+0000] {subprocess.py:93} INFO - 	org.apache.httpcomponents#httpcore;4.4.15 by [org.apache.httpcomponents#httpcore;4.4.16] in [default]
[2026-03-08T16:09:09.411+0000] {subprocess.py:93} INFO - 	commons-codec#commons-codec;1.15 by [commons-codec#commons-codec;1.16.1] in [default]
[2026-03-08T16:09:09.411+0000] {subprocess.py:93} INFO - 	com.google.errorprone#error_prone_annotations;2.16 by [com.google.errorprone#error_prone_annotations;2.18.0] in [default]
[2026-03-08T16:09:09.412+0000] {subprocess.py:93} INFO - 	com.google.j2objc#j2objc-annotations;1.3 by [com.google.j2objc#j2objc-annotations;2.8] in [default]
[2026-03-08T16:09:09.412+0000] {subprocess.py:93} INFO - 	com.google.http-client#google-http-client-gson;1.42.3 by [com.google.http-client#google-http-client-gson;1.43.3] in [default]
[2026-03-08T16:09:09.412+0000] {subprocess.py:93} INFO - 	com.google.http-client#google-http-client-apache-v2;1.42.3 by [com.google.http-client#google-http-client-apache-v2;1.44.1] in [default]
[2026-03-08T16:09:09.413+0000] {subprocess.py:93} INFO - 	com.fasterxml.jackson.core#jackson-core;2.13.4 by [com.fasterxml.jackson.core#jackson-core;2.17.0] in [default]
[2026-03-08T16:09:09.413+0000] {subprocess.py:93} INFO - 	com.google.api-client#google-api-client;2.0.0 by [com.google.api-client#google-api-client;2.2.0] in [default]
[2026-03-08T16:09:09.413+0000] {subprocess.py:93} INFO - 	com.google.api-client#google-api-client;2.2.0 by [com.google.api-client#google-api-client;2.4.0] in [default]
[2026-03-08T16:09:09.413+0000] {subprocess.py:93} INFO - 	com.google.http-client#google-http-client;1.43.3 by [com.google.http-client#google-http-client;1.44.1] in [default]
[2026-03-08T16:09:09.414+0000] {subprocess.py:93} INFO - 	com.google.errorprone#error_prone_annotations;2.18.0 by [com.google.errorprone#error_prone_annotations;2.26.1] in [default]
[2026-03-08T16:09:09.414+0000] {subprocess.py:93} INFO - 	com.google.j2objc#j2objc-annotations;2.8 by [com.google.j2objc#j2objc-annotations;3.0.0] in [default]
[2026-03-08T16:09:09.414+0000] {subprocess.py:93} INFO - 	com.google.http-client#google-http-client-gson;1.43.3 by [com.google.http-client#google-http-client-gson;1.44.1] in [default]
[2026-03-08T16:09:09.415+0000] {subprocess.py:93} INFO - 	com.google.api.grpc#proto-google-common-protos;2.29.0 by [com.google.api.grpc#proto-google-common-protos;2.38.0] in [default]
[2026-03-08T16:09:09.415+0000] {subprocess.py:93} INFO - 	com.google.api#gax;2.12.2 by [com.google.api#gax;2.47.0] in [default]
[2026-03-08T16:09:09.415+0000] {subprocess.py:93} INFO - 	com.google.errorprone#error_prone_annotations;2.11.0 by [com.google.errorprone#error_prone_annotations;2.18.0] in [default]
[2026-03-08T16:09:09.416+0000] {subprocess.py:93} INFO - 	com.google.api.grpc#proto-google-common-protos;2.7.3 by [com.google.api.grpc#proto-google-common-protos;2.38.0] in [default]
[2026-03-08T16:09:09.416+0000] {subprocess.py:93} INFO - 	org.threeten#threetenbp;1.5.2 by [org.threeten#threetenbp;1.6.9] in [default]
[2026-03-08T16:09:09.416+0000] {subprocess.py:93} INFO - 	com.google.api#api-common;2.1.4 by [com.google.api#api-common;2.30.0] in [default]
[2026-03-08T16:09:09.417+0000] {subprocess.py:93} INFO - 	com.google.http-client#google-http-client;1.41.3 by [com.google.http-client#google-http-client;1.44.1] in [default]
[2026-03-08T16:09:09.417+0000] {subprocess.py:93} INFO - 	com.google.http-client#google-http-client-gson;1.41.3 by [com.google.http-client#google-http-client-gson;1.44.1] in [default]
[2026-03-08T16:09:09.417+0000] {subprocess.py:93} INFO - 	com.google.api#gax;2.42.0 by [com.google.api#gax;2.47.0] in [default]
[2026-03-08T16:09:09.418+0000] {subprocess.py:93} INFO - 	com.google.api#api-common;2.25.0 by [com.google.api#api-common;2.30.0] in [default]
[2026-03-08T16:09:09.418+0000] {subprocess.py:93} INFO - 	com.google.api.grpc#proto-google-common-protos;2.33.0 by [com.google.api.grpc#proto-google-common-protos;2.38.0] in [default]
[2026-03-08T16:09:09.418+0000] {subprocess.py:93} INFO - 	io.grpc#grpc-inprocess;1.61.0 by [io.grpc#grpc-inprocess;1.62.2] in [default]
[2026-03-08T16:09:09.419+0000] {subprocess.py:93} INFO - 	org.threeten#threetenbp;1.6.8 by [org.threeten#threetenbp;1.6.9] in [default]
[2026-03-08T16:09:09.419+0000] {subprocess.py:93} INFO - 	io.opencensus#opencensus-api;0.31.0 by [io.opencensus#opencensus-api;0.31.1] in [default]
[2026-03-08T16:09:09.419+0000] {subprocess.py:93} INFO - 	com.google.cloud#google-cloud-core-grpc;1.82.0 by [com.google.cloud#google-cloud-core-grpc;2.37.0] in [default]
[2026-03-08T16:09:09.420+0000] {subprocess.py:93} INFO - 	com.google.api#api-common;1.8.1 by [com.google.api#api-common;2.30.0] in [default]
[2026-03-08T16:09:09.420+0000] {subprocess.py:93} INFO - 	com.google.api.grpc#proto-google-common-protos;1.16.0 by [com.google.api.grpc#proto-google-common-protos;2.38.0] in [default]
[2026-03-08T16:09:09.420+0000] {subprocess.py:93} INFO - 	com.google.errorprone#error_prone_annotations;2.23.0 by [com.google.errorprone#error_prone_annotations;2.26.1] in [default]
[2026-03-08T16:09:09.421+0000] {subprocess.py:93} INFO - 	io.perfmark#perfmark-api;0.26.0 by [io.perfmark#perfmark-api;0.27.0] in [default]
[2026-03-08T16:09:09.421+0000] {subprocess.py:93} INFO - 	io.grpc#grpc-googleapis;1.61.0 by [io.grpc#grpc-googleapis;1.62.2] in [default]
[2026-03-08T16:09:09.421+0000] {subprocess.py:93} INFO - 	---------------------------------------------------------------------
[2026-03-08T16:09:09.421+0000] {subprocess.py:93} INFO - 	|                  |            modules            ||   artifacts   |
[2026-03-08T16:09:09.422+0000] {subprocess.py:93} INFO - 	|       conf       | number| search|dwnlded|evicted|| number|dwnlded|
[2026-03-08T16:09:09.422+0000] {subprocess.py:93} INFO - 	---------------------------------------------------------------------
[2026-03-08T16:09:09.422+0000] {subprocess.py:93} INFO - 	|      default     |  125  |   0   |   0   |   35  ||   90  |   0   |
[2026-03-08T16:09:09.422+0000] {subprocess.py:93} INFO - 	---------------------------------------------------------------------
[2026-03-08T16:09:09.426+0000] {subprocess.py:93} INFO - :: retrieving :: org.apache.spark#spark-submit-parent-62280a13-b65c-4d40-a24c-a00455a52103
[2026-03-08T16:09:09.427+0000] {subprocess.py:93} INFO - 	confs: [default]
[2026-03-08T16:09:09.456+0000] {subprocess.py:93} INFO - 	0 artifacts copied, 90 already retrieved (0kB/30ms)
[2026-03-08T16:09:09.739+0000] {subprocess.py:93} INFO - 26/03/08 16:09:09 WARN NativeCodeLoader: Unable to load native-hadoop library for your platform... using builtin-java classes where applicable
[2026-03-08T16:09:10.179+0000] {subprocess.py:93} INFO - Setting default log level to "WARN".
[2026-03-08T16:09:10.179+0000] {subprocess.py:93} INFO - To adjust logging level use sc.setLogLevel(newLevel). For SparkR, use setLogLevel(newLevel).
[2026-03-08T16:09:24.119+0000] {subprocess.py:93} INFO - [Stage 0:===========================================================(1 + 0) / 1]                                                                                [Stage 33:>                                                         (0 + 1) / 1]
[2026-03-08T16:09:24.120+0000] {subprocess.py:93} INFO - Successfully read from GCS!
[2026-03-08T16:09:24.120+0000] {subprocess.py:93} INFO - Unique snapshots after dedup: 5
[2026-03-08T16:09:24.120+0000] {subprocess.py:93} INFO - 
[2026-03-08T16:09:24.120+0000] {subprocess.py:93} INFO - === Data Quality Report ===
[2026-03-08T16:09:24.121+0000] {subprocess.py:93} INFO - Total rows: 1067
[2026-03-08T16:09:24.121+0000] {subprocess.py:93} INFO - 
[2026-03-08T16:09:24.121+0000] {subprocess.py:93} INFO - Null counts per column:
[2026-03-08T16:09:24.121+0000] {subprocess.py:93} INFO - +-------------+------+--------+--------------+-------------+------------+---------+--------+---------+---------------+------+-------------+-----------------+---------+------------------+-----------+---------------+------------+
[2026-03-08T16:09:24.122+0000] {subprocess.py:93} INFO - |snapshot_time|icao24|callsign|origin_country|time_position|last_contact|longitude|latitude|on_ground|heading_degrees|squawk|altitude_feet|geo_altitude_feet|speed_kmh|vertical_rate_ftpm|ingested_at|flight_category|flight_phase|
[2026-03-08T16:09:24.122+0000] {subprocess.py:93} INFO - +-------------+------+--------+--------------+-------------+------------+---------+--------+---------+---------------+------+-------------+-----------------+---------+------------------+-----------+---------------+------------+
[2026-03-08T16:09:24.123+0000] {subprocess.py:93} INFO - |0            |0     |0       |0             |0            |0           |0        |0       |0        |0              |751   |115          |152              |1        |126               |0          |0              |0           |
[2026-03-08T16:09:24.123+0000] {subprocess.py:93} INFO - +-------------+------+--------+--------------+-------------+------------+---------+--------+---------+---------------+------+-------------+-----------------+---------+------------------+-----------+---------------+------------+
[2026-03-08T16:09:24.123+0000] {subprocess.py:93} INFO - 
[2026-03-08T16:09:24.123+0000] {subprocess.py:93} INFO - Flight phase distribution:
[2026-03-08T16:09:24.123+0000] {subprocess.py:93} INFO - +--------------------+-----+
[2026-03-08T16:09:24.124+0000] {subprocess.py:93} INFO - |        flight_phase|count|
[2026-03-08T16:09:24.124+0000] {subprocess.py:93} INFO - +--------------------+-----+
[2026-03-08T16:09:24.124+0000] {subprocess.py:93} INFO - |            Cruising|  612|
[2026-03-08T16:09:24.124+0000] {subprocess.py:93} INFO - |Climbing / Descen...|  269|
[2026-03-08T16:09:24.125+0000] {subprocess.py:93} INFO - |           On Ground|  126|
[2026-03-08T16:09:24.125+0000] {subprocess.py:93} INFO - |   Takeoff / Landing|   60|
[2026-03-08T16:09:24.125+0000] {subprocess.py:93} INFO - +--------------------+-----+
[2026-03-08T16:09:24.125+0000] {subprocess.py:93} INFO - 
[2026-03-08T16:09:24.126+0000] {subprocess.py:93} INFO - Top 10 origin countries:
[2026-03-08T16:09:24.126+0000] {subprocess.py:93} INFO - +--------------------+-----+
[2026-03-08T16:09:24.126+0000] {subprocess.py:93} INFO - |      origin_country|count|
[2026-03-08T16:09:24.126+0000] {subprocess.py:93} INFO - +--------------------+-----+
[2026-03-08T16:09:24.127+0000] {subprocess.py:93} INFO - |               India|  717|
[2026-03-08T16:09:24.127+0000] {subprocess.py:93} INFO - |               China|   54|
[2026-03-08T16:09:24.127+0000] {subprocess.py:93} INFO - |            Thailand|   44|
[2026-03-08T16:09:24.127+0000] {subprocess.py:93} INFO - |            Malaysia|   29|
[2026-03-08T16:09:24.128+0000] {subprocess.py:93} INFO - |       United States|   23|
[2026-03-08T16:09:24.128+0000] {subprocess.py:93} INFO - |           Singapore|   21|
[2026-03-08T16:09:24.128+0000] {subprocess.py:93} INFO - |          Bangladesh|   20|
[2026-03-08T16:09:24.128+0000] {subprocess.py:93} INFO - |United Arab Emirates|   20|
[2026-03-08T16:09:24.129+0000] {subprocess.py:93} INFO - |            Viet Nam|   19|
[2026-03-08T16:09:24.129+0000] {subprocess.py:93} INFO - |              Turkey|   17|
[2026-03-08T16:09:24.129+0000] {subprocess.py:93} INFO - +--------------------+-----+
[2026-03-08T16:09:24.129+0000] {subprocess.py:93} INFO - 
[2026-03-08T16:09:24.130+0000] {subprocess.py:93} INFO - 
[2026-03-08T16:09:24.130+0000] {subprocess.py:93} INFO - Writing transformed data to: gs://flight-pipeline-487919-flight-raw/processed/flights/2026-03-08/
[2026-03-08T16:09:24.130+0000] {subprocess.py:93} INFO - Successfully written to: gs://flight-pipeline-487919-flight-raw/processed/flights/2026-03-08/
[2026-03-08T16:09:24.131+0000] {subprocess.py:93} INFO - Total rows written: 1067
[2026-03-08T16:09:24.131+0000] {subprocess.py:93} INFO - 
[2026-03-08T16:09:24.131+0000] {subprocess.py:93} INFO - Pipeline complete!
[2026-03-08T16:09:24.667+0000] {subprocess.py:97} INFO - Command exited with return code 0
[2026-03-08T16:09:24.706+0000] {taskinstance.py:1138} INFO - Marking task as SUCCESS. dag_id=flight_pipeline, task_id=spark_transform, execution_date=20260308T160600, start_date=20260308T160903, end_date=20260308T160924
[2026-03-08T16:09:24.736+0000] {local_task_job_runner.py:234} INFO - Task exited with return code 0
[2026-03-08T16:09:24.770+0000] {taskinstance.py:3280} INFO - 1 downstream tasks scheduled from follow-on schedule check
