[2026-03-08T18:14:00.940+0000] {taskinstance.py:1956} INFO - Dependencies all met for dep_context=non-requeueable deps ti=<TaskInstance: flight_pipeline.fetch_flights scheduled__2026-03-08T18:12:00+00:00 [queued]>
[2026-03-08T18:14:00.946+0000] {taskinstance.py:1956} INFO - Dependencies all met for dep_context=requeueable deps ti=<TaskInstance: flight_pipeline.fetch_flights scheduled__2026-03-08T18:12:00+00:00 [queued]>
[2026-03-08T18:14:00.946+0000] {taskinstance.py:2170} INFO - Starting attempt 1 of 2
[2026-03-08T18:14:00.953+0000] {taskinstance.py:2191} INFO - Executing <Task(BashOperator): fetch_flights> on 2026-03-08 18:12:00+00:00
[2026-03-08T18:14:00.960+0000] {standard_task_runner.py:60} INFO - Started process 73520 to run task
[2026-03-08T18:14:00.962+0000] {standard_task_runner.py:87} INFO - Running: ['***', 'tasks', 'run', 'flight_pipeline', 'fetch_flights', 'scheduled__2026-03-08T18:12:00+00:00', '--job-id', '269', '--raw', '--subdir', 'DAGS_FOLDER/flight_pipeline.py', '--cfg-path', '/tmp/tmpbdh6kk4a']
[2026-03-08T18:14:00.964+0000] {standard_task_runner.py:88} INFO - Job 269: Subtask fetch_flights
[2026-03-08T18:14:00.995+0000] {task_command.py:423} INFO - Running <TaskInstance: flight_pipeline.fetch_flights scheduled__2026-03-08T18:12:00+00:00 [running]> on host 45fb248f2902
[2026-03-08T18:14:01.048+0000] {taskinstance.py:2480} INFO - Exporting env vars: AIRFLOW_CTX_DAG_OWNER='vivek' AIRFLOW_CTX_DAG_ID='flight_pipeline' AIRFLOW_CTX_TASK_ID='fetch_flights' AIRFLOW_CTX_EXECUTION_DATE='2026-03-08T18:12:00+00:00' AIRFLOW_CTX_TRY_NUMBER='1' AIRFLOW_CTX_DAG_RUN_ID='scheduled__2026-03-08T18:12:00+00:00'
[2026-03-08T18:14:01.049+0000] {subprocess.py:63} INFO - Tmp dir root location: /tmp
[2026-03-08T18:14:01.049+0000] {subprocess.py:75} INFO - Running command: ['/usr/bin/bash', '-c', 'cd /opt/***/ingestion && python fetch_flights.py']
[2026-03-08T18:14:01.062+0000] {subprocess.py:86} INFO - Output:
[2026-03-08T18:14:02.417+0000] {subprocess.py:93} INFO - Fetching flights from OpenSky...
[2026-03-08T18:14:02.417+0000] {subprocess.py:93} INFO - Fetched 219 flights
[2026-03-08T18:14:02.418+0000] {subprocess.py:93} INFO - Uploaded to gs://flight-pipeline-487919-flight-raw/raw/flights/2026-03-08/flights_18-14-02.json
[2026-03-08T18:14:02.418+0000] {subprocess.py:93} INFO - Done!
[2026-03-08T18:14:02.453+0000] {subprocess.py:97} INFO - Command exited with return code 0
[2026-03-08T18:14:02.483+0000] {taskinstance.py:1138} INFO - Marking task as SUCCESS. dag_id=flight_pipeline, task_id=fetch_flights, execution_date=20260308T181200, start_date=20260308T181400, end_date=20260308T181402
[2026-03-08T18:14:02.500+0000] {local_task_job_runner.py:234} INFO - Task exited with return code 0
[2026-03-08T18:14:02.518+0000] {taskinstance.py:3280} INFO - 1 downstream tasks scheduled from follow-on schedule check
