[2026-03-08T18:59:04.617+0000] {taskinstance.py:1956} INFO - Dependencies all met for dep_context=non-requeueable deps ti=<TaskInstance: flight_pipeline.load_to_bigquery scheduled__2026-03-08T18:20:00+00:00 [queued]>
[2026-03-08T18:59:04.636+0000] {taskinstance.py:1956} INFO - Dependencies all met for dep_context=requeueable deps ti=<TaskInstance: flight_pipeline.load_to_bigquery scheduled__2026-03-08T18:20:00+00:00 [queued]>
[2026-03-08T18:59:04.637+0000] {taskinstance.py:2170} INFO - Starting attempt 1 of 2
[2026-03-08T18:59:04.658+0000] {taskinstance.py:2191} INFO - Executing <Task(BashOperator): load_to_bigquery> on 2026-03-08 18:20:00+00:00
[2026-03-08T18:59:04.669+0000] {standard_task_runner.py:60} INFO - Started process 79329 to run task
[2026-03-08T18:59:04.674+0000] {standard_task_runner.py:87} INFO - Running: ['***', 'tasks', 'run', 'flight_pipeline', 'load_to_bigquery', 'scheduled__2026-03-08T18:20:00+00:00', '--job-id', '288', '--raw', '--subdir', 'DAGS_FOLDER/flight_pipeline.py', '--cfg-path', '/tmp/tmpfnst6wqo']
[2026-03-08T18:59:04.677+0000] {standard_task_runner.py:88} INFO - Job 288: Subtask load_to_bigquery
[2026-03-08T18:59:04.750+0000] {task_command.py:423} INFO - Running <TaskInstance: flight_pipeline.load_to_bigquery scheduled__2026-03-08T18:20:00+00:00 [running]> on host 45fb248f2902
[2026-03-08T18:59:04.884+0000] {taskinstance.py:2480} INFO - Exporting env vars: AIRFLOW_CTX_DAG_OWNER='vivek' AIRFLOW_CTX_DAG_ID='flight_pipeline' AIRFLOW_CTX_TASK_ID='load_to_bigquery' AIRFLOW_CTX_EXECUTION_DATE='2026-03-08T18:20:00+00:00' AIRFLOW_CTX_TRY_NUMBER='1' AIRFLOW_CTX_DAG_RUN_ID='scheduled__2026-03-08T18:20:00+00:00'
[2026-03-08T18:59:04.885+0000] {subprocess.py:63} INFO - Tmp dir root location: /tmp
[2026-03-08T18:59:04.886+0000] {subprocess.py:75} INFO - Running command: ['/usr/bin/bash', '-c', 'cd /opt/***/ingestion && python load_to_bigquery.py']
[2026-03-08T18:59:04.911+0000] {subprocess.py:86} INFO - Output:
[2026-03-08T18:59:06.990+0000] {subprocess.py:93} INFO - Loading Parquet into temp staging table: flight-pipeline-487919.flight_staging.raw_flights_staging
[2026-03-08T18:59:06.992+0000] {subprocess.py:93} INFO - Traceback (most recent call last):
[2026-03-08T18:59:06.993+0000] {subprocess.py:93} INFO -   File "load_to_bigquery.py", line 105, in <module>
[2026-03-08T18:59:06.993+0000] {subprocess.py:93} INFO -     main()
[2026-03-08T18:59:06.993+0000] {subprocess.py:93} INFO -   File "load_to_bigquery.py", line 101, in main
[2026-03-08T18:59:06.993+0000] {subprocess.py:93} INFO -     load_to_bigquery()
[2026-03-08T18:59:06.994+0000] {subprocess.py:93} INFO -   File "load_to_bigquery.py", line 48, in load_to_bigquery
[2026-03-08T18:59:06.994+0000] {subprocess.py:93} INFO -     load_job.result()
[2026-03-08T18:59:06.994+0000] {subprocess.py:93} INFO -   File "/home/***/.local/lib/python3.8/site-packages/google/cloud/bigquery/job/base.py", line 971, in result
[2026-03-08T18:59:06.994+0000] {subprocess.py:93} INFO -     return super(_AsyncJob, self).result(timeout=timeout, **kwargs)
[2026-03-08T18:59:06.995+0000] {subprocess.py:93} INFO -   File "/home/***/.local/lib/python3.8/site-packages/google/api_core/future/polling.py", line 261, in result
[2026-03-08T18:59:06.995+0000] {subprocess.py:93} INFO -     raise self._exception
[2026-03-08T18:59:06.995+0000] {subprocess.py:93} INFO - google.api_core.exceptions.NotFound: 404 Not found: Uris gs://flight-pipeline-487919-flight-raw/processed/flights/2026-03-09/*.parquet; reason: notFound, message: Not found: Uris gs://flight-pipeline-487919-flight-raw/processed/flights/2026-03-09/*.parquet
[2026-03-08T18:59:07.392+0000] {subprocess.py:97} INFO - Command exited with return code 1
[2026-03-08T18:59:07.412+0000] {taskinstance.py:2698} ERROR - Task failed with exception
Traceback (most recent call last):
  File "/home/airflow/.local/lib/python3.8/site-packages/airflow/models/taskinstance.py", line 433, in _execute_task
    result = execute_callable(context=context, **execute_callable_kwargs)
  File "/home/airflow/.local/lib/python3.8/site-packages/airflow/operators/bash.py", line 212, in execute
    raise AirflowException(
airflow.exceptions.AirflowException: Bash command failed. The command returned a non-zero exit code 1.
[2026-03-08T18:59:07.418+0000] {taskinstance.py:1138} INFO - Marking task as UP_FOR_RETRY. dag_id=flight_pipeline, task_id=load_to_bigquery, execution_date=20260308T182000, start_date=20260308T185904, end_date=20260308T185907
[2026-03-08T18:59:07.437+0000] {standard_task_runner.py:107} ERROR - Failed to execute job 288 for task load_to_bigquery (Bash command failed. The command returned a non-zero exit code 1.; 79329)
[2026-03-08T18:59:07.458+0000] {local_task_job_runner.py:234} INFO - Task exited with return code 1
[2026-03-08T18:59:07.502+0000] {taskinstance.py:3280} INFO - 0 downstream tasks scheduled from follow-on schedule check
