[2026-03-08T18:22:00.912+0000] {taskinstance.py:1956} INFO - Dependencies all met for dep_context=non-requeueable deps ti=<TaskInstance: flight_pipeline.fetch_flights scheduled__2026-03-08T18:20:00+00:00 [queued]>
[2026-03-08T18:22:00.918+0000] {taskinstance.py:1956} INFO - Dependencies all met for dep_context=requeueable deps ti=<TaskInstance: flight_pipeline.fetch_flights scheduled__2026-03-08T18:20:00+00:00 [queued]>
[2026-03-08T18:22:00.918+0000] {taskinstance.py:2170} INFO - Starting attempt 1 of 2
[2026-03-08T18:22:00.926+0000] {taskinstance.py:2191} INFO - Executing <Task(BashOperator): fetch_flights> on 2026-03-08 18:20:00+00:00
[2026-03-08T18:22:00.933+0000] {standard_task_runner.py:60} INFO - Started process 78086 to run task
[2026-03-08T18:22:00.935+0000] {standard_task_runner.py:87} INFO - Running: ['***', 'tasks', 'run', 'flight_pipeline', 'fetch_flights', 'scheduled__2026-03-08T18:20:00+00:00', '--job-id', '285', '--raw', '--subdir', 'DAGS_FOLDER/flight_pipeline.py', '--cfg-path', '/tmp/tmpxnnnc6_j']
[2026-03-08T18:22:00.936+0000] {standard_task_runner.py:88} INFO - Job 285: Subtask fetch_flights
[2026-03-08T18:22:00.967+0000] {task_command.py:423} INFO - Running <TaskInstance: flight_pipeline.fetch_flights scheduled__2026-03-08T18:20:00+00:00 [running]> on host 45fb248f2902
[2026-03-08T18:22:01.021+0000] {taskinstance.py:2480} INFO - Exporting env vars: AIRFLOW_CTX_DAG_OWNER='vivek' AIRFLOW_CTX_DAG_ID='flight_pipeline' AIRFLOW_CTX_TASK_ID='fetch_flights' AIRFLOW_CTX_EXECUTION_DATE='2026-03-08T18:20:00+00:00' AIRFLOW_CTX_TRY_NUMBER='1' AIRFLOW_CTX_DAG_RUN_ID='scheduled__2026-03-08T18:20:00+00:00'
[2026-03-08T18:22:01.021+0000] {subprocess.py:63} INFO - Tmp dir root location: /tmp
[2026-03-08T18:22:01.022+0000] {subprocess.py:75} INFO - Running command: ['/usr/bin/bash', '-c', 'cd /opt/***/ingestion && python fetch_flights.py']
[2026-03-08T18:22:01.035+0000] {subprocess.py:86} INFO - Output:
[2026-03-08T18:22:02.293+0000] {subprocess.py:93} INFO - Fetching flights from OpenSky...
[2026-03-08T18:22:02.293+0000] {subprocess.py:93} INFO - Fetched 210 flights
[2026-03-08T18:22:02.294+0000] {subprocess.py:93} INFO - Uploaded to gs://flight-pipeline-487919-flight-raw/raw/flights/2026-03-08/flights_18-22-02.json
[2026-03-08T18:22:02.294+0000] {subprocess.py:93} INFO - Done!
[2026-03-08T18:22:02.329+0000] {subprocess.py:97} INFO - Command exited with return code 0
[2026-03-08T18:22:02.359+0000] {taskinstance.py:1138} INFO - Marking task as SUCCESS. dag_id=flight_pipeline, task_id=fetch_flights, execution_date=20260308T182000, start_date=20260308T182200, end_date=20260308T182202
[2026-03-08T18:22:02.391+0000] {local_task_job_runner.py:234} INFO - Task exited with return code 0
[2026-03-08T18:22:02.413+0000] {taskinstance.py:3280} INFO - 1 downstream tasks scheduled from follow-on schedule check
