[2026-03-08T15:30:11.834+0000] {processor.py:161} INFO - Started process (PID=175) to work on /opt/airflow/dags/flight_pipeline.py
[2026-03-08T15:30:11.835+0000] {processor.py:830} INFO - Processing file /opt/airflow/dags/flight_pipeline.py for tasks to queue
[2026-03-08T15:30:11.837+0000] {logging_mixin.py:188} INFO - [2026-03-08T15:30:11.836+0000] {dagbag.py:538} INFO - Filling up the DagBag from /opt/airflow/dags/flight_pipeline.py
[2026-03-08T15:30:11.880+0000] {processor.py:840} INFO - DAG(s) 'flight_pipeline' retrieved from /opt/airflow/dags/flight_pipeline.py
[2026-03-08T15:30:12.205+0000] {logging_mixin.py:188} INFO - [2026-03-08T15:30:12.204+0000] {override.py:1769} INFO - Created Permission View: can read on DAG:flight_pipeline
[2026-03-08T15:30:12.220+0000] {logging_mixin.py:188} INFO - [2026-03-08T15:30:12.219+0000] {override.py:1769} INFO - Created Permission View: can edit on DAG:flight_pipeline
[2026-03-08T15:30:12.230+0000] {logging_mixin.py:188} INFO - [2026-03-08T15:30:12.229+0000] {override.py:1769} INFO - Created Permission View: can delete on DAG:flight_pipeline
[2026-03-08T15:30:12.230+0000] {logging_mixin.py:188} INFO - [2026-03-08T15:30:12.230+0000] {dag.py:3036} INFO - Sync 1 DAGs
[2026-03-08T15:30:12.247+0000] {logging_mixin.py:188} INFO - [2026-03-08T15:30:12.247+0000] {dag.py:3058} INFO - Creating ORM DAG for flight_pipeline
[2026-03-08T15:30:12.264+0000] {logging_mixin.py:188} INFO - [2026-03-08T15:30:12.263+0000] {dag.py:3823} INFO - Setting next_dagrun for flight_pipeline to 2026-03-07 06:00:00+00:00, run_after=2026-03-08 06:00:00+00:00
[2026-03-08T15:30:12.293+0000] {processor.py:183} INFO - Processing /opt/airflow/dags/flight_pipeline.py took 0.465 seconds
[2026-03-08T15:30:18.897+0000] {processor.py:161} INFO - Started process (PID=180) to work on /opt/airflow/dags/flight_pipeline.py
[2026-03-08T15:30:18.898+0000] {processor.py:830} INFO - Processing file /opt/airflow/dags/flight_pipeline.py for tasks to queue
[2026-03-08T15:30:18.899+0000] {logging_mixin.py:188} INFO - [2026-03-08T15:30:18.899+0000] {dagbag.py:538} INFO - Filling up the DagBag from /opt/airflow/dags/flight_pipeline.py
[2026-03-08T15:30:18.918+0000] {processor.py:840} INFO - DAG(s) 'flight_pipeline' retrieved from /opt/airflow/dags/flight_pipeline.py
[2026-03-08T15:30:18.937+0000] {logging_mixin.py:188} INFO - [2026-03-08T15:30:18.937+0000] {dag.py:3036} INFO - Sync 1 DAGs
[2026-03-08T15:30:18.974+0000] {logging_mixin.py:188} INFO - [2026-03-08T15:30:18.973+0000] {dag.py:3823} INFO - Setting next_dagrun for flight_pipeline to 2026-03-07 06:00:00+00:00, run_after=2026-03-08 06:00:00+00:00
[2026-03-08T15:30:19.007+0000] {processor.py:183} INFO - Processing /opt/airflow/dags/flight_pipeline.py took 0.115 seconds
[2026-03-08T15:30:49.061+0000] {processor.py:161} INFO - Started process (PID=185) to work on /opt/airflow/dags/flight_pipeline.py
[2026-03-08T15:30:49.073+0000] {processor.py:830} INFO - Processing file /opt/airflow/dags/flight_pipeline.py for tasks to queue
[2026-03-08T15:30:49.075+0000] {logging_mixin.py:188} INFO - [2026-03-08T15:30:49.074+0000] {dagbag.py:538} INFO - Filling up the DagBag from /opt/airflow/dags/flight_pipeline.py
[2026-03-08T15:30:49.097+0000] {processor.py:840} INFO - DAG(s) 'flight_pipeline' retrieved from /opt/airflow/dags/flight_pipeline.py
[2026-03-08T15:30:49.140+0000] {logging_mixin.py:188} INFO - [2026-03-08T15:30:49.139+0000] {dag.py:3036} INFO - Sync 1 DAGs
[2026-03-08T15:30:49.176+0000] {logging_mixin.py:188} INFO - [2026-03-08T15:30:49.175+0000] {dag.py:3823} INFO - Setting next_dagrun for flight_pipeline to 2026-03-07 06:00:00+00:00, run_after=2026-03-08 06:00:00+00:00
[2026-03-08T15:30:49.202+0000] {processor.py:183} INFO - Processing /opt/airflow/dags/flight_pipeline.py took 0.148 seconds
[2026-03-08T15:31:19.340+0000] {processor.py:161} INFO - Started process (PID=190) to work on /opt/airflow/dags/flight_pipeline.py
[2026-03-08T15:31:19.341+0000] {processor.py:830} INFO - Processing file /opt/airflow/dags/flight_pipeline.py for tasks to queue
[2026-03-08T15:31:19.342+0000] {logging_mixin.py:188} INFO - [2026-03-08T15:31:19.342+0000] {dagbag.py:538} INFO - Filling up the DagBag from /opt/airflow/dags/flight_pipeline.py
[2026-03-08T15:31:19.361+0000] {processor.py:840} INFO - DAG(s) 'flight_pipeline' retrieved from /opt/airflow/dags/flight_pipeline.py
[2026-03-08T15:31:19.400+0000] {logging_mixin.py:188} INFO - [2026-03-08T15:31:19.399+0000] {dag.py:3036} INFO - Sync 1 DAGs
[2026-03-08T15:31:19.433+0000] {logging_mixin.py:188} INFO - [2026-03-08T15:31:19.432+0000] {dag.py:3823} INFO - Setting next_dagrun for flight_pipeline to 2026-03-07 06:00:00+00:00, run_after=2026-03-08 06:00:00+00:00
[2026-03-08T15:31:19.458+0000] {processor.py:183} INFO - Processing /opt/airflow/dags/flight_pipeline.py took 0.123 seconds
[2026-03-08T15:31:49.534+0000] {processor.py:161} INFO - Started process (PID=195) to work on /opt/airflow/dags/flight_pipeline.py
[2026-03-08T15:31:49.546+0000] {processor.py:830} INFO - Processing file /opt/airflow/dags/flight_pipeline.py for tasks to queue
[2026-03-08T15:31:49.547+0000] {logging_mixin.py:188} INFO - [2026-03-08T15:31:49.547+0000] {dagbag.py:538} INFO - Filling up the DagBag from /opt/airflow/dags/flight_pipeline.py
[2026-03-08T15:31:49.568+0000] {processor.py:840} INFO - DAG(s) 'flight_pipeline' retrieved from /opt/airflow/dags/flight_pipeline.py
[2026-03-08T15:31:49.612+0000] {logging_mixin.py:188} INFO - [2026-03-08T15:31:49.612+0000] {dag.py:3036} INFO - Sync 1 DAGs
[2026-03-08T15:31:49.652+0000] {logging_mixin.py:188} INFO - [2026-03-08T15:31:49.652+0000] {dag.py:3823} INFO - Setting next_dagrun for flight_pipeline to 2026-03-07 06:00:00+00:00, run_after=2026-03-08 06:00:00+00:00
[2026-03-08T15:31:49.692+0000] {processor.py:183} INFO - Processing /opt/airflow/dags/flight_pipeline.py took 0.164 seconds
[2026-03-08T15:32:19.812+0000] {processor.py:161} INFO - Started process (PID=200) to work on /opt/airflow/dags/flight_pipeline.py
[2026-03-08T15:32:19.814+0000] {processor.py:830} INFO - Processing file /opt/airflow/dags/flight_pipeline.py for tasks to queue
[2026-03-08T15:32:19.815+0000] {logging_mixin.py:188} INFO - [2026-03-08T15:32:19.815+0000] {dagbag.py:538} INFO - Filling up the DagBag from /opt/airflow/dags/flight_pipeline.py
[2026-03-08T15:32:19.839+0000] {processor.py:840} INFO - DAG(s) 'flight_pipeline' retrieved from /opt/airflow/dags/flight_pipeline.py
[2026-03-08T15:32:19.889+0000] {logging_mixin.py:188} INFO - [2026-03-08T15:32:19.889+0000] {dag.py:3036} INFO - Sync 1 DAGs
[2026-03-08T15:32:19.930+0000] {logging_mixin.py:188} INFO - [2026-03-08T15:32:19.930+0000] {dag.py:3823} INFO - Setting next_dagrun for flight_pipeline to 2026-03-07 06:00:00+00:00, run_after=2026-03-08 06:00:00+00:00
[2026-03-08T15:32:19.974+0000] {processor.py:183} INFO - Processing /opt/airflow/dags/flight_pipeline.py took 0.168 seconds
[2026-03-08T15:32:50.047+0000] {processor.py:161} INFO - Started process (PID=205) to work on /opt/airflow/dags/flight_pipeline.py
[2026-03-08T15:32:50.059+0000] {processor.py:830} INFO - Processing file /opt/airflow/dags/flight_pipeline.py for tasks to queue
[2026-03-08T15:32:50.061+0000] {logging_mixin.py:188} INFO - [2026-03-08T15:32:50.060+0000] {dagbag.py:538} INFO - Filling up the DagBag from /opt/airflow/dags/flight_pipeline.py
[2026-03-08T15:32:50.086+0000] {processor.py:840} INFO - DAG(s) 'flight_pipeline' retrieved from /opt/airflow/dags/flight_pipeline.py
[2026-03-08T15:32:50.134+0000] {logging_mixin.py:188} INFO - [2026-03-08T15:32:50.134+0000] {dag.py:3036} INFO - Sync 1 DAGs
[2026-03-08T15:32:50.176+0000] {logging_mixin.py:188} INFO - [2026-03-08T15:32:50.176+0000] {dag.py:3823} INFO - Setting next_dagrun for flight_pipeline to 2026-03-07 06:00:00+00:00, run_after=2026-03-08 06:00:00+00:00
[2026-03-08T15:32:50.216+0000] {processor.py:183} INFO - Processing /opt/airflow/dags/flight_pipeline.py took 0.178 seconds
[2026-03-08T15:33:20.343+0000] {processor.py:161} INFO - Started process (PID=224) to work on /opt/airflow/dags/flight_pipeline.py
[2026-03-08T15:33:20.344+0000] {processor.py:830} INFO - Processing file /opt/airflow/dags/flight_pipeline.py for tasks to queue
[2026-03-08T15:33:20.346+0000] {logging_mixin.py:188} INFO - [2026-03-08T15:33:20.345+0000] {dagbag.py:538} INFO - Filling up the DagBag from /opt/airflow/dags/flight_pipeline.py
[2026-03-08T15:33:20.365+0000] {processor.py:840} INFO - DAG(s) 'flight_pipeline' retrieved from /opt/airflow/dags/flight_pipeline.py
[2026-03-08T15:33:20.407+0000] {logging_mixin.py:188} INFO - [2026-03-08T15:33:20.406+0000] {dag.py:3036} INFO - Sync 1 DAGs
[2026-03-08T15:33:20.445+0000] {logging_mixin.py:188} INFO - [2026-03-08T15:33:20.444+0000] {dag.py:3823} INFO - Setting next_dagrun for flight_pipeline to 2026-03-08 06:00:00+00:00, run_after=2026-03-09 06:00:00+00:00
[2026-03-08T15:33:20.471+0000] {processor.py:183} INFO - Processing /opt/airflow/dags/flight_pipeline.py took 0.133 seconds
[2026-03-08T15:33:50.537+0000] {processor.py:161} INFO - Started process (PID=229) to work on /opt/airflow/dags/flight_pipeline.py
[2026-03-08T15:33:50.549+0000] {processor.py:830} INFO - Processing file /opt/airflow/dags/flight_pipeline.py for tasks to queue
[2026-03-08T15:33:50.550+0000] {logging_mixin.py:188} INFO - [2026-03-08T15:33:50.550+0000] {dagbag.py:538} INFO - Filling up the DagBag from /opt/airflow/dags/flight_pipeline.py
[2026-03-08T15:33:50.569+0000] {processor.py:840} INFO - DAG(s) 'flight_pipeline' retrieved from /opt/airflow/dags/flight_pipeline.py
[2026-03-08T15:33:50.608+0000] {logging_mixin.py:188} INFO - [2026-03-08T15:33:50.608+0000] {dag.py:3036} INFO - Sync 1 DAGs
[2026-03-08T15:33:50.643+0000] {logging_mixin.py:188} INFO - [2026-03-08T15:33:50.643+0000] {dag.py:3823} INFO - Setting next_dagrun for flight_pipeline to 2026-03-08 06:00:00+00:00, run_after=2026-03-09 06:00:00+00:00
[2026-03-08T15:33:50.669+0000] {processor.py:183} INFO - Processing /opt/airflow/dags/flight_pipeline.py took 0.137 seconds
[2026-03-08T15:34:20.798+0000] {processor.py:161} INFO - Started process (PID=234) to work on /opt/airflow/dags/flight_pipeline.py
[2026-03-08T15:34:20.800+0000] {processor.py:830} INFO - Processing file /opt/airflow/dags/flight_pipeline.py for tasks to queue
[2026-03-08T15:34:20.801+0000] {logging_mixin.py:188} INFO - [2026-03-08T15:34:20.801+0000] {dagbag.py:538} INFO - Filling up the DagBag from /opt/airflow/dags/flight_pipeline.py
[2026-03-08T15:34:20.820+0000] {processor.py:840} INFO - DAG(s) 'flight_pipeline' retrieved from /opt/airflow/dags/flight_pipeline.py
[2026-03-08T15:34:20.863+0000] {logging_mixin.py:188} INFO - [2026-03-08T15:34:20.863+0000] {dag.py:3036} INFO - Sync 1 DAGs
[2026-03-08T15:34:20.903+0000] {logging_mixin.py:188} INFO - [2026-03-08T15:34:20.903+0000] {dag.py:3823} INFO - Setting next_dagrun for flight_pipeline to 2026-03-08 06:00:00+00:00, run_after=2026-03-09 06:00:00+00:00
[2026-03-08T15:34:20.942+0000] {processor.py:183} INFO - Processing /opt/airflow/dags/flight_pipeline.py took 0.148 seconds
[2026-03-08T15:34:51.113+0000] {processor.py:161} INFO - Started process (PID=245) to work on /opt/airflow/dags/flight_pipeline.py
[2026-03-08T15:34:51.125+0000] {processor.py:830} INFO - Processing file /opt/airflow/dags/flight_pipeline.py for tasks to queue
[2026-03-08T15:34:51.126+0000] {logging_mixin.py:188} INFO - [2026-03-08T15:34:51.126+0000] {dagbag.py:538} INFO - Filling up the DagBag from /opt/airflow/dags/flight_pipeline.py
[2026-03-08T15:34:51.148+0000] {processor.py:840} INFO - DAG(s) 'flight_pipeline' retrieved from /opt/airflow/dags/flight_pipeline.py
[2026-03-08T15:34:51.193+0000] {logging_mixin.py:188} INFO - [2026-03-08T15:34:51.193+0000] {dag.py:3036} INFO - Sync 1 DAGs
[2026-03-08T15:34:51.235+0000] {logging_mixin.py:188} INFO - [2026-03-08T15:34:51.234+0000] {dag.py:3823} INFO - Setting next_dagrun for flight_pipeline to 2026-03-08 06:00:00+00:00, run_after=2026-03-09 06:00:00+00:00
[2026-03-08T15:34:51.276+0000] {processor.py:183} INFO - Processing /opt/airflow/dags/flight_pipeline.py took 0.169 seconds
[2026-03-08T15:35:21.449+0000] {processor.py:161} INFO - Started process (PID=262) to work on /opt/airflow/dags/flight_pipeline.py
[2026-03-08T15:35:21.451+0000] {processor.py:830} INFO - Processing file /opt/airflow/dags/flight_pipeline.py for tasks to queue
[2026-03-08T15:35:21.452+0000] {logging_mixin.py:188} INFO - [2026-03-08T15:35:21.452+0000] {dagbag.py:538} INFO - Filling up the DagBag from /opt/airflow/dags/flight_pipeline.py
[2026-03-08T15:35:21.470+0000] {processor.py:840} INFO - DAG(s) 'flight_pipeline' retrieved from /opt/airflow/dags/flight_pipeline.py
[2026-03-08T15:35:21.511+0000] {logging_mixin.py:188} INFO - [2026-03-08T15:35:21.511+0000] {dag.py:3036} INFO - Sync 1 DAGs
[2026-03-08T15:35:21.546+0000] {logging_mixin.py:188} INFO - [2026-03-08T15:35:21.545+0000] {dag.py:3823} INFO - Setting next_dagrun for flight_pipeline to 2026-03-08 06:00:00+00:00, run_after=2026-03-09 06:00:00+00:00
[2026-03-08T15:35:21.573+0000] {processor.py:183} INFO - Processing /opt/airflow/dags/flight_pipeline.py took 0.128 seconds
[2026-03-08T15:35:51.751+0000] {processor.py:161} INFO - Started process (PID=267) to work on /opt/airflow/dags/flight_pipeline.py
[2026-03-08T15:35:51.762+0000] {processor.py:830} INFO - Processing file /opt/airflow/dags/flight_pipeline.py for tasks to queue
[2026-03-08T15:35:51.764+0000] {logging_mixin.py:188} INFO - [2026-03-08T15:35:51.763+0000] {dagbag.py:538} INFO - Filling up the DagBag from /opt/airflow/dags/flight_pipeline.py
[2026-03-08T15:35:51.783+0000] {processor.py:840} INFO - DAG(s) 'flight_pipeline' retrieved from /opt/airflow/dags/flight_pipeline.py
[2026-03-08T15:35:51.822+0000] {logging_mixin.py:188} INFO - [2026-03-08T15:35:51.822+0000] {dag.py:3036} INFO - Sync 1 DAGs
[2026-03-08T15:35:51.855+0000] {logging_mixin.py:188} INFO - [2026-03-08T15:35:51.855+0000] {dag.py:3823} INFO - Setting next_dagrun for flight_pipeline to 2026-03-08 06:00:00+00:00, run_after=2026-03-09 06:00:00+00:00
[2026-03-08T15:35:51.879+0000] {processor.py:183} INFO - Processing /opt/airflow/dags/flight_pipeline.py took 0.133 seconds
[2026-03-08T15:36:22.061+0000] {processor.py:161} INFO - Started process (PID=272) to work on /opt/airflow/dags/flight_pipeline.py
[2026-03-08T15:36:22.063+0000] {processor.py:830} INFO - Processing file /opt/airflow/dags/flight_pipeline.py for tasks to queue
[2026-03-08T15:36:22.064+0000] {logging_mixin.py:188} INFO - [2026-03-08T15:36:22.063+0000] {dagbag.py:538} INFO - Filling up the DagBag from /opt/airflow/dags/flight_pipeline.py
[2026-03-08T15:36:22.082+0000] {processor.py:840} INFO - DAG(s) 'flight_pipeline' retrieved from /opt/airflow/dags/flight_pipeline.py
[2026-03-08T15:36:22.123+0000] {logging_mixin.py:188} INFO - [2026-03-08T15:36:22.122+0000] {dag.py:3036} INFO - Sync 1 DAGs
[2026-03-08T15:36:22.156+0000] {logging_mixin.py:188} INFO - [2026-03-08T15:36:22.156+0000] {dag.py:3823} INFO - Setting next_dagrun for flight_pipeline to 2026-03-08 06:00:00+00:00, run_after=2026-03-09 06:00:00+00:00
[2026-03-08T15:36:22.182+0000] {processor.py:183} INFO - Processing /opt/airflow/dags/flight_pipeline.py took 0.127 seconds
[2026-03-08T15:36:52.232+0000] {processor.py:161} INFO - Started process (PID=277) to work on /opt/airflow/dags/flight_pipeline.py
[2026-03-08T15:36:52.233+0000] {processor.py:830} INFO - Processing file /opt/airflow/dags/flight_pipeline.py for tasks to queue
[2026-03-08T15:36:52.235+0000] {logging_mixin.py:188} INFO - [2026-03-08T15:36:52.234+0000] {dagbag.py:538} INFO - Filling up the DagBag from /opt/airflow/dags/flight_pipeline.py
[2026-03-08T15:36:52.253+0000] {processor.py:840} INFO - DAG(s) 'flight_pipeline' retrieved from /opt/airflow/dags/flight_pipeline.py
[2026-03-08T15:36:52.294+0000] {logging_mixin.py:188} INFO - [2026-03-08T15:36:52.294+0000] {dag.py:3036} INFO - Sync 1 DAGs
[2026-03-08T15:36:52.327+0000] {logging_mixin.py:188} INFO - [2026-03-08T15:36:52.327+0000] {dag.py:3823} INFO - Setting next_dagrun for flight_pipeline to 2026-03-08 06:00:00+00:00, run_after=2026-03-09 06:00:00+00:00
[2026-03-08T15:36:52.353+0000] {processor.py:183} INFO - Processing /opt/airflow/dags/flight_pipeline.py took 0.127 seconds
[2026-03-08T15:37:22.513+0000] {processor.py:161} INFO - Started process (PID=289) to work on /opt/airflow/dags/flight_pipeline.py
[2026-03-08T15:37:22.514+0000] {processor.py:830} INFO - Processing file /opt/airflow/dags/flight_pipeline.py for tasks to queue
[2026-03-08T15:37:22.514+0000] {logging_mixin.py:188} INFO - [2026-03-08T15:37:22.514+0000] {dagbag.py:538} INFO - Filling up the DagBag from /opt/airflow/dags/flight_pipeline.py
[2026-03-08T15:37:22.524+0000] {processor.py:840} INFO - DAG(s) 'flight_pipeline' retrieved from /opt/airflow/dags/flight_pipeline.py
[2026-03-08T15:37:22.546+0000] {logging_mixin.py:188} INFO - [2026-03-08T15:37:22.546+0000] {dag.py:3036} INFO - Sync 1 DAGs
[2026-03-08T15:37:22.566+0000] {logging_mixin.py:188} INFO - [2026-03-08T15:37:22.566+0000] {dag.py:3823} INFO - Setting next_dagrun for flight_pipeline to 2026-03-08 06:00:00+00:00, run_after=2026-03-09 06:00:00+00:00
[2026-03-08T15:37:22.581+0000] {processor.py:183} INFO - Processing /opt/airflow/dags/flight_pipeline.py took 0.069 seconds
[2026-03-08T15:37:52.678+0000] {processor.py:161} INFO - Started process (PID=311) to work on /opt/airflow/dags/flight_pipeline.py
[2026-03-08T15:37:52.690+0000] {processor.py:830} INFO - Processing file /opt/airflow/dags/flight_pipeline.py for tasks to queue
[2026-03-08T15:37:52.692+0000] {logging_mixin.py:188} INFO - [2026-03-08T15:37:52.691+0000] {dagbag.py:538} INFO - Filling up the DagBag from /opt/airflow/dags/flight_pipeline.py
[2026-03-08T15:37:52.711+0000] {processor.py:840} INFO - DAG(s) 'flight_pipeline' retrieved from /opt/airflow/dags/flight_pipeline.py
[2026-03-08T15:37:52.753+0000] {logging_mixin.py:188} INFO - [2026-03-08T15:37:52.753+0000] {dag.py:3036} INFO - Sync 1 DAGs
[2026-03-08T15:37:52.794+0000] {logging_mixin.py:188} INFO - [2026-03-08T15:37:52.794+0000] {dag.py:3823} INFO - Setting next_dagrun for flight_pipeline to 2026-03-08 06:00:00+00:00, run_after=2026-03-09 06:00:00+00:00
[2026-03-08T15:37:52.837+0000] {processor.py:183} INFO - Processing /opt/airflow/dags/flight_pipeline.py took 0.163 seconds
[2026-03-08T15:38:22.904+0000] {processor.py:161} INFO - Started process (PID=322) to work on /opt/airflow/dags/flight_pipeline.py
[2026-03-08T15:38:22.917+0000] {processor.py:830} INFO - Processing file /opt/airflow/dags/flight_pipeline.py for tasks to queue
[2026-03-08T15:38:22.919+0000] {logging_mixin.py:188} INFO - [2026-03-08T15:38:22.919+0000] {dagbag.py:538} INFO - Filling up the DagBag from /opt/airflow/dags/flight_pipeline.py
[2026-03-08T15:38:22.942+0000] {processor.py:840} INFO - DAG(s) 'flight_pipeline' retrieved from /opt/airflow/dags/flight_pipeline.py
[2026-03-08T15:38:22.999+0000] {logging_mixin.py:188} INFO - [2026-03-08T15:38:22.998+0000] {dag.py:3036} INFO - Sync 1 DAGs
[2026-03-08T15:38:23.044+0000] {logging_mixin.py:188} INFO - [2026-03-08T15:38:23.044+0000] {dag.py:3823} INFO - Setting next_dagrun for flight_pipeline to 2026-03-08 06:00:00+00:00, run_after=2026-03-09 06:00:00+00:00
[2026-03-08T15:38:23.084+0000] {processor.py:183} INFO - Processing /opt/airflow/dags/flight_pipeline.py took 0.186 seconds
[2026-03-08T15:38:53.170+0000] {processor.py:161} INFO - Started process (PID=327) to work on /opt/airflow/dags/flight_pipeline.py
[2026-03-08T15:38:53.171+0000] {processor.py:830} INFO - Processing file /opt/airflow/dags/flight_pipeline.py for tasks to queue
[2026-03-08T15:38:53.173+0000] {logging_mixin.py:188} INFO - [2026-03-08T15:38:53.172+0000] {dagbag.py:538} INFO - Filling up the DagBag from /opt/airflow/dags/flight_pipeline.py
[2026-03-08T15:38:53.191+0000] {processor.py:840} INFO - DAG(s) 'flight_pipeline' retrieved from /opt/airflow/dags/flight_pipeline.py
[2026-03-08T15:38:53.233+0000] {logging_mixin.py:188} INFO - [2026-03-08T15:38:53.233+0000] {dag.py:3036} INFO - Sync 1 DAGs
[2026-03-08T15:38:53.270+0000] {logging_mixin.py:188} INFO - [2026-03-08T15:38:53.269+0000] {dag.py:3823} INFO - Setting next_dagrun for flight_pipeline to 2026-03-08 06:00:00+00:00, run_after=2026-03-09 06:00:00+00:00
[2026-03-08T15:38:53.297+0000] {processor.py:183} INFO - Processing /opt/airflow/dags/flight_pipeline.py took 0.132 seconds
[2026-03-08T15:39:23.414+0000] {processor.py:161} INFO - Started process (PID=332) to work on /opt/airflow/dags/flight_pipeline.py
[2026-03-08T15:39:23.426+0000] {processor.py:830} INFO - Processing file /opt/airflow/dags/flight_pipeline.py for tasks to queue
[2026-03-08T15:39:23.428+0000] {logging_mixin.py:188} INFO - [2026-03-08T15:39:23.428+0000] {dagbag.py:538} INFO - Filling up the DagBag from /opt/airflow/dags/flight_pipeline.py
[2026-03-08T15:39:23.447+0000] {processor.py:840} INFO - DAG(s) 'flight_pipeline' retrieved from /opt/airflow/dags/flight_pipeline.py
[2026-03-08T15:39:23.486+0000] {logging_mixin.py:188} INFO - [2026-03-08T15:39:23.485+0000] {dag.py:3036} INFO - Sync 1 DAGs
[2026-03-08T15:39:23.522+0000] {logging_mixin.py:188} INFO - [2026-03-08T15:39:23.521+0000] {dag.py:3823} INFO - Setting next_dagrun for flight_pipeline to 2026-03-08 06:00:00+00:00, run_after=2026-03-09 06:00:00+00:00
[2026-03-08T15:39:23.548+0000] {processor.py:183} INFO - Processing /opt/airflow/dags/flight_pipeline.py took 0.139 seconds
[2026-03-08T15:39:53.610+0000] {processor.py:161} INFO - Started process (PID=337) to work on /opt/airflow/dags/flight_pipeline.py
[2026-03-08T15:39:53.612+0000] {processor.py:830} INFO - Processing file /opt/airflow/dags/flight_pipeline.py for tasks to queue
[2026-03-08T15:39:53.613+0000] {logging_mixin.py:188} INFO - [2026-03-08T15:39:53.612+0000] {dagbag.py:538} INFO - Filling up the DagBag from /opt/airflow/dags/flight_pipeline.py
[2026-03-08T15:39:53.630+0000] {processor.py:840} INFO - DAG(s) 'flight_pipeline' retrieved from /opt/airflow/dags/flight_pipeline.py
[2026-03-08T15:39:53.667+0000] {logging_mixin.py:188} INFO - [2026-03-08T15:39:53.667+0000] {dag.py:3036} INFO - Sync 1 DAGs
[2026-03-08T15:39:53.699+0000] {logging_mixin.py:188} INFO - [2026-03-08T15:39:53.698+0000] {dag.py:3823} INFO - Setting next_dagrun for flight_pipeline to 2026-03-08 06:00:00+00:00, run_after=2026-03-09 06:00:00+00:00
[2026-03-08T15:39:53.724+0000] {processor.py:183} INFO - Processing /opt/airflow/dags/flight_pipeline.py took 0.119 seconds
[2026-03-08T15:40:23.892+0000] {processor.py:161} INFO - Started process (PID=342) to work on /opt/airflow/dags/flight_pipeline.py
[2026-03-08T15:40:23.893+0000] {processor.py:830} INFO - Processing file /opt/airflow/dags/flight_pipeline.py for tasks to queue
[2026-03-08T15:40:23.895+0000] {logging_mixin.py:188} INFO - [2026-03-08T15:40:23.894+0000] {dagbag.py:538} INFO - Filling up the DagBag from /opt/airflow/dags/flight_pipeline.py
[2026-03-08T15:40:23.914+0000] {processor.py:840} INFO - DAG(s) 'flight_pipeline' retrieved from /opt/airflow/dags/flight_pipeline.py
[2026-03-08T15:40:23.956+0000] {logging_mixin.py:188} INFO - [2026-03-08T15:40:23.955+0000] {dag.py:3036} INFO - Sync 1 DAGs
[2026-03-08T15:40:23.994+0000] {logging_mixin.py:188} INFO - [2026-03-08T15:40:23.993+0000] {dag.py:3823} INFO - Setting next_dagrun for flight_pipeline to 2026-03-08 06:00:00+00:00, run_after=2026-03-09 06:00:00+00:00
[2026-03-08T15:40:24.021+0000] {processor.py:183} INFO - Processing /opt/airflow/dags/flight_pipeline.py took 0.135 seconds
[2026-03-08T15:40:54.192+0000] {processor.py:161} INFO - Started process (PID=347) to work on /opt/airflow/dags/flight_pipeline.py
[2026-03-08T15:40:54.194+0000] {processor.py:830} INFO - Processing file /opt/airflow/dags/flight_pipeline.py for tasks to queue
[2026-03-08T15:40:54.195+0000] {logging_mixin.py:188} INFO - [2026-03-08T15:40:54.194+0000] {dagbag.py:538} INFO - Filling up the DagBag from /opt/airflow/dags/flight_pipeline.py
[2026-03-08T15:40:54.214+0000] {processor.py:840} INFO - DAG(s) 'flight_pipeline' retrieved from /opt/airflow/dags/flight_pipeline.py
[2026-03-08T15:40:54.255+0000] {logging_mixin.py:188} INFO - [2026-03-08T15:40:54.255+0000] {dag.py:3036} INFO - Sync 1 DAGs
[2026-03-08T15:40:54.288+0000] {logging_mixin.py:188} INFO - [2026-03-08T15:40:54.287+0000] {dag.py:3823} INFO - Setting next_dagrun for flight_pipeline to 2026-03-08 06:00:00+00:00, run_after=2026-03-09 06:00:00+00:00
[2026-03-08T15:40:54.313+0000] {processor.py:183} INFO - Processing /opt/airflow/dags/flight_pipeline.py took 0.126 seconds
[2026-03-08T15:41:24.353+0000] {processor.py:161} INFO - Started process (PID=352) to work on /opt/airflow/dags/flight_pipeline.py
[2026-03-08T15:41:24.364+0000] {processor.py:830} INFO - Processing file /opt/airflow/dags/flight_pipeline.py for tasks to queue
[2026-03-08T15:41:24.366+0000] {logging_mixin.py:188} INFO - [2026-03-08T15:41:24.365+0000] {dagbag.py:538} INFO - Filling up the DagBag from /opt/airflow/dags/flight_pipeline.py
[2026-03-08T15:41:24.386+0000] {processor.py:840} INFO - DAG(s) 'flight_pipeline' retrieved from /opt/airflow/dags/flight_pipeline.py
[2026-03-08T15:41:24.433+0000] {logging_mixin.py:188} INFO - [2026-03-08T15:41:24.432+0000] {dag.py:3036} INFO - Sync 1 DAGs
[2026-03-08T15:41:24.472+0000] {logging_mixin.py:188} INFO - [2026-03-08T15:41:24.472+0000] {dag.py:3823} INFO - Setting next_dagrun for flight_pipeline to 2026-03-08 06:00:00+00:00, run_after=2026-03-09 06:00:00+00:00
[2026-03-08T15:41:24.501+0000] {processor.py:183} INFO - Processing /opt/airflow/dags/flight_pipeline.py took 0.154 seconds
[2026-03-08T15:41:54.626+0000] {processor.py:161} INFO - Started process (PID=357) to work on /opt/airflow/dags/flight_pipeline.py
[2026-03-08T15:41:54.628+0000] {processor.py:830} INFO - Processing file /opt/airflow/dags/flight_pipeline.py for tasks to queue
[2026-03-08T15:41:54.629+0000] {logging_mixin.py:188} INFO - [2026-03-08T15:41:54.628+0000] {dagbag.py:538} INFO - Filling up the DagBag from /opt/airflow/dags/flight_pipeline.py
[2026-03-08T15:41:54.646+0000] {processor.py:840} INFO - DAG(s) 'flight_pipeline' retrieved from /opt/airflow/dags/flight_pipeline.py
[2026-03-08T15:41:54.687+0000] {logging_mixin.py:188} INFO - [2026-03-08T15:41:54.686+0000] {dag.py:3036} INFO - Sync 1 DAGs
[2026-03-08T15:41:54.722+0000] {logging_mixin.py:188} INFO - [2026-03-08T15:41:54.722+0000] {dag.py:3823} INFO - Setting next_dagrun for flight_pipeline to 2026-03-08 06:00:00+00:00, run_after=2026-03-09 06:00:00+00:00
[2026-03-08T15:41:54.747+0000] {processor.py:183} INFO - Processing /opt/airflow/dags/flight_pipeline.py took 0.126 seconds
[2026-03-08T15:42:24.807+0000] {processor.py:161} INFO - Started process (PID=362) to work on /opt/airflow/dags/flight_pipeline.py
[2026-03-08T15:42:24.808+0000] {processor.py:830} INFO - Processing file /opt/airflow/dags/flight_pipeline.py for tasks to queue
[2026-03-08T15:42:24.809+0000] {logging_mixin.py:188} INFO - [2026-03-08T15:42:24.809+0000] {dagbag.py:538} INFO - Filling up the DagBag from /opt/airflow/dags/flight_pipeline.py
[2026-03-08T15:42:24.828+0000] {processor.py:840} INFO - DAG(s) 'flight_pipeline' retrieved from /opt/airflow/dags/flight_pipeline.py
[2026-03-08T15:42:24.864+0000] {logging_mixin.py:188} INFO - [2026-03-08T15:42:24.864+0000] {dag.py:3036} INFO - Sync 1 DAGs
[2026-03-08T15:42:24.897+0000] {logging_mixin.py:188} INFO - [2026-03-08T15:42:24.896+0000] {dag.py:3823} INFO - Setting next_dagrun for flight_pipeline to 2026-03-08 06:00:00+00:00, run_after=2026-03-09 06:00:00+00:00
[2026-03-08T15:42:24.920+0000] {processor.py:183} INFO - Processing /opt/airflow/dags/flight_pipeline.py took 0.118 seconds
[2026-03-08T15:42:55.056+0000] {processor.py:161} INFO - Started process (PID=367) to work on /opt/airflow/dags/flight_pipeline.py
[2026-03-08T15:42:55.068+0000] {processor.py:830} INFO - Processing file /opt/airflow/dags/flight_pipeline.py for tasks to queue
[2026-03-08T15:42:55.070+0000] {logging_mixin.py:188} INFO - [2026-03-08T15:42:55.069+0000] {dagbag.py:538} INFO - Filling up the DagBag from /opt/airflow/dags/flight_pipeline.py
[2026-03-08T15:42:55.089+0000] {processor.py:840} INFO - DAG(s) 'flight_pipeline' retrieved from /opt/airflow/dags/flight_pipeline.py
[2026-03-08T15:42:55.124+0000] {logging_mixin.py:188} INFO - [2026-03-08T15:42:55.124+0000] {dag.py:3036} INFO - Sync 1 DAGs
[2026-03-08T15:42:55.157+0000] {logging_mixin.py:188} INFO - [2026-03-08T15:42:55.157+0000] {dag.py:3823} INFO - Setting next_dagrun for flight_pipeline to 2026-03-08 06:00:00+00:00, run_after=2026-03-09 06:00:00+00:00
[2026-03-08T15:42:55.179+0000] {processor.py:183} INFO - Processing /opt/airflow/dags/flight_pipeline.py took 0.128 seconds
[2026-03-08T15:43:25.232+0000] {processor.py:161} INFO - Started process (PID=372) to work on /opt/airflow/dags/flight_pipeline.py
[2026-03-08T15:43:25.234+0000] {processor.py:830} INFO - Processing file /opt/airflow/dags/flight_pipeline.py for tasks to queue
[2026-03-08T15:43:25.235+0000] {logging_mixin.py:188} INFO - [2026-03-08T15:43:25.234+0000] {dagbag.py:538} INFO - Filling up the DagBag from /opt/airflow/dags/flight_pipeline.py
[2026-03-08T15:43:25.253+0000] {processor.py:840} INFO - DAG(s) 'flight_pipeline' retrieved from /opt/airflow/dags/flight_pipeline.py
[2026-03-08T15:43:25.294+0000] {logging_mixin.py:188} INFO - [2026-03-08T15:43:25.293+0000] {dag.py:3036} INFO - Sync 1 DAGs
[2026-03-08T15:43:25.330+0000] {logging_mixin.py:188} INFO - [2026-03-08T15:43:25.330+0000] {dag.py:3823} INFO - Setting next_dagrun for flight_pipeline to 2026-03-08 06:00:00+00:00, run_after=2026-03-09 06:00:00+00:00
[2026-03-08T15:43:25.355+0000] {processor.py:183} INFO - Processing /opt/airflow/dags/flight_pipeline.py took 0.128 seconds
[2026-03-08T15:43:55.495+0000] {processor.py:161} INFO - Started process (PID=377) to work on /opt/airflow/dags/flight_pipeline.py
[2026-03-08T15:43:55.497+0000] {processor.py:830} INFO - Processing file /opt/airflow/dags/flight_pipeline.py for tasks to queue
[2026-03-08T15:43:55.498+0000] {logging_mixin.py:188} INFO - [2026-03-08T15:43:55.497+0000] {dagbag.py:538} INFO - Filling up the DagBag from /opt/airflow/dags/flight_pipeline.py
[2026-03-08T15:43:55.520+0000] {processor.py:840} INFO - DAG(s) 'flight_pipeline' retrieved from /opt/airflow/dags/flight_pipeline.py
[2026-03-08T15:43:55.564+0000] {logging_mixin.py:188} INFO - [2026-03-08T15:43:55.564+0000] {dag.py:3036} INFO - Sync 1 DAGs
[2026-03-08T15:43:55.599+0000] {logging_mixin.py:188} INFO - [2026-03-08T15:43:55.599+0000] {dag.py:3823} INFO - Setting next_dagrun for flight_pipeline to 2026-03-08 06:00:00+00:00, run_after=2026-03-09 06:00:00+00:00
[2026-03-08T15:43:55.624+0000] {processor.py:183} INFO - Processing /opt/airflow/dags/flight_pipeline.py took 0.135 seconds
[2026-03-08T15:44:25.685+0000] {processor.py:161} INFO - Started process (PID=382) to work on /opt/airflow/dags/flight_pipeline.py
[2026-03-08T15:44:25.686+0000] {processor.py:830} INFO - Processing file /opt/airflow/dags/flight_pipeline.py for tasks to queue
[2026-03-08T15:44:25.687+0000] {logging_mixin.py:188} INFO - [2026-03-08T15:44:25.687+0000] {dagbag.py:538} INFO - Filling up the DagBag from /opt/airflow/dags/flight_pipeline.py
[2026-03-08T15:44:25.707+0000] {processor.py:840} INFO - DAG(s) 'flight_pipeline' retrieved from /opt/airflow/dags/flight_pipeline.py
[2026-03-08T15:44:25.752+0000] {logging_mixin.py:188} INFO - [2026-03-08T15:44:25.752+0000] {dag.py:3036} INFO - Sync 1 DAGs
[2026-03-08T15:44:25.792+0000] {logging_mixin.py:188} INFO - [2026-03-08T15:44:25.791+0000] {dag.py:3823} INFO - Setting next_dagrun for flight_pipeline to 2026-03-08 06:00:00+00:00, run_after=2026-03-09 06:00:00+00:00
[2026-03-08T15:44:25.835+0000] {processor.py:183} INFO - Processing /opt/airflow/dags/flight_pipeline.py took 0.155 seconds
[2026-03-08T15:44:55.938+0000] {processor.py:161} INFO - Started process (PID=387) to work on /opt/airflow/dags/flight_pipeline.py
[2026-03-08T15:44:55.950+0000] {processor.py:830} INFO - Processing file /opt/airflow/dags/flight_pipeline.py for tasks to queue
[2026-03-08T15:44:55.951+0000] {logging_mixin.py:188} INFO - [2026-03-08T15:44:55.950+0000] {dagbag.py:538} INFO - Filling up the DagBag from /opt/airflow/dags/flight_pipeline.py
[2026-03-08T15:44:55.971+0000] {processor.py:840} INFO - DAG(s) 'flight_pipeline' retrieved from /opt/airflow/dags/flight_pipeline.py
[2026-03-08T15:44:56.010+0000] {logging_mixin.py:188} INFO - [2026-03-08T15:44:56.010+0000] {dag.py:3036} INFO - Sync 1 DAGs
[2026-03-08T15:44:56.043+0000] {logging_mixin.py:188} INFO - [2026-03-08T15:44:56.042+0000] {dag.py:3823} INFO - Setting next_dagrun for flight_pipeline to 2026-03-08 06:00:00+00:00, run_after=2026-03-09 06:00:00+00:00
[2026-03-08T15:44:56.065+0000] {processor.py:183} INFO - Processing /opt/airflow/dags/flight_pipeline.py took 0.132 seconds
[2026-03-08T15:45:26.141+0000] {processor.py:161} INFO - Started process (PID=392) to work on /opt/airflow/dags/flight_pipeline.py
[2026-03-08T15:45:26.141+0000] {processor.py:830} INFO - Processing file /opt/airflow/dags/flight_pipeline.py for tasks to queue
[2026-03-08T15:45:26.142+0000] {logging_mixin.py:188} INFO - [2026-03-08T15:45:26.142+0000] {dagbag.py:538} INFO - Filling up the DagBag from /opt/airflow/dags/flight_pipeline.py
[2026-03-08T15:45:26.151+0000] {processor.py:840} INFO - DAG(s) 'flight_pipeline' retrieved from /opt/airflow/dags/flight_pipeline.py
[2026-03-08T15:45:26.172+0000] {logging_mixin.py:188} INFO - [2026-03-08T15:45:26.171+0000] {dag.py:3036} INFO - Sync 1 DAGs
[2026-03-08T15:45:26.189+0000] {logging_mixin.py:188} INFO - [2026-03-08T15:45:26.189+0000] {dag.py:3823} INFO - Setting next_dagrun for flight_pipeline to 2026-03-08 06:00:00+00:00, run_after=2026-03-09 06:00:00+00:00
[2026-03-08T15:45:26.214+0000] {processor.py:183} INFO - Processing /opt/airflow/dags/flight_pipeline.py took 0.076 seconds
[2026-03-08T15:45:56.330+0000] {processor.py:161} INFO - Started process (PID=397) to work on /opt/airflow/dags/flight_pipeline.py
[2026-03-08T15:45:56.331+0000] {processor.py:830} INFO - Processing file /opt/airflow/dags/flight_pipeline.py for tasks to queue
[2026-03-08T15:45:56.332+0000] {logging_mixin.py:188} INFO - [2026-03-08T15:45:56.331+0000] {dagbag.py:538} INFO - Filling up the DagBag from /opt/airflow/dags/flight_pipeline.py
[2026-03-08T15:45:56.352+0000] {processor.py:840} INFO - DAG(s) 'flight_pipeline' retrieved from /opt/airflow/dags/flight_pipeline.py
[2026-03-08T15:45:56.391+0000] {logging_mixin.py:188} INFO - [2026-03-08T15:45:56.391+0000] {dag.py:3036} INFO - Sync 1 DAGs
[2026-03-08T15:45:56.433+0000] {logging_mixin.py:188} INFO - [2026-03-08T15:45:56.432+0000] {dag.py:3823} INFO - Setting next_dagrun for flight_pipeline to 2026-03-08 06:00:00+00:00, run_after=2026-03-09 06:00:00+00:00
[2026-03-08T15:45:56.460+0000] {processor.py:183} INFO - Processing /opt/airflow/dags/flight_pipeline.py took 0.135 seconds
[2026-03-08T15:46:13.431+0000] {processor.py:161} INFO - Started process (PID=402) to work on /opt/airflow/dags/flight_pipeline.py
[2026-03-08T15:46:13.438+0000] {processor.py:830} INFO - Processing file /opt/airflow/dags/flight_pipeline.py for tasks to queue
[2026-03-08T15:46:13.440+0000] {logging_mixin.py:188} INFO - [2026-03-08T15:46:13.439+0000] {dagbag.py:538} INFO - Filling up the DagBag from /opt/airflow/dags/flight_pipeline.py
[2026-03-08T15:46:13.460+0000] {processor.py:840} INFO - DAG(s) 'flight_pipeline' retrieved from /opt/airflow/dags/flight_pipeline.py
[2026-03-08T15:46:13.631+0000] {logging_mixin.py:188} INFO - [2026-03-08T15:46:13.630+0000] {dag.py:3036} INFO - Sync 1 DAGs
[2026-03-08T15:46:13.662+0000] {logging_mixin.py:188} INFO - [2026-03-08T15:46:13.662+0000] {dag.py:3823} INFO - Setting next_dagrun for flight_pipeline to 2026-03-08 06:00:00+00:00, run_after=2026-03-09 06:00:00+00:00
[2026-03-08T15:46:13.688+0000] {processor.py:183} INFO - Processing /opt/airflow/dags/flight_pipeline.py took 0.263 seconds
[2026-03-08T15:46:43.847+0000] {processor.py:161} INFO - Started process (PID=407) to work on /opt/airflow/dags/flight_pipeline.py
[2026-03-08T15:46:43.848+0000] {processor.py:830} INFO - Processing file /opt/airflow/dags/flight_pipeline.py for tasks to queue
[2026-03-08T15:46:43.849+0000] {logging_mixin.py:188} INFO - [2026-03-08T15:46:43.849+0000] {dagbag.py:538} INFO - Filling up the DagBag from /opt/airflow/dags/flight_pipeline.py
[2026-03-08T15:46:43.859+0000] {processor.py:840} INFO - DAG(s) 'flight_pipeline' retrieved from /opt/airflow/dags/flight_pipeline.py
[2026-03-08T15:46:43.870+0000] {logging_mixin.py:188} INFO - [2026-03-08T15:46:43.870+0000] {dag.py:3036} INFO - Sync 1 DAGs
[2026-03-08T15:46:43.895+0000] {logging_mixin.py:188} INFO - [2026-03-08T15:46:43.895+0000] {dag.py:3823} INFO - Setting next_dagrun for flight_pipeline to 2026-03-08 06:00:00+00:00, run_after=2026-03-09 06:00:00+00:00
[2026-03-08T15:46:43.910+0000] {processor.py:183} INFO - Processing /opt/airflow/dags/flight_pipeline.py took 0.065 seconds
[2026-03-08T15:47:19.046+0000] {processor.py:161} INFO - Started process (PID=175) to work on /opt/airflow/dags/flight_pipeline.py
[2026-03-08T15:47:19.051+0000] {processor.py:830} INFO - Processing file /opt/airflow/dags/flight_pipeline.py for tasks to queue
[2026-03-08T15:47:19.052+0000] {logging_mixin.py:188} INFO - [2026-03-08T15:47:19.052+0000] {dagbag.py:538} INFO - Filling up the DagBag from /opt/airflow/dags/flight_pipeline.py
[2026-03-08T15:47:19.076+0000] {processor.py:840} INFO - DAG(s) 'flight_pipeline' retrieved from /opt/airflow/dags/flight_pipeline.py
[2026-03-08T15:47:19.097+0000] {logging_mixin.py:188} INFO - [2026-03-08T15:47:19.097+0000] {dag.py:3036} INFO - Sync 1 DAGs
[2026-03-08T15:47:19.114+0000] {logging_mixin.py:188} INFO - [2026-03-08T15:47:19.113+0000] {dag.py:3823} INFO - Setting next_dagrun for flight_pipeline to 2026-03-08 06:00:00+00:00, run_after=2026-03-09 06:00:00+00:00
[2026-03-08T15:47:19.125+0000] {processor.py:183} INFO - Processing /opt/airflow/dags/flight_pipeline.py took 0.081 seconds
[2026-03-08T15:47:49.211+0000] {processor.py:161} INFO - Started process (PID=180) to work on /opt/airflow/dags/flight_pipeline.py
[2026-03-08T15:47:49.212+0000] {processor.py:830} INFO - Processing file /opt/airflow/dags/flight_pipeline.py for tasks to queue
[2026-03-08T15:47:49.213+0000] {logging_mixin.py:188} INFO - [2026-03-08T15:47:49.213+0000] {dagbag.py:538} INFO - Filling up the DagBag from /opt/airflow/dags/flight_pipeline.py
[2026-03-08T15:47:49.231+0000] {processor.py:840} INFO - DAG(s) 'flight_pipeline' retrieved from /opt/airflow/dags/flight_pipeline.py
[2026-03-08T15:47:49.252+0000] {logging_mixin.py:188} INFO - [2026-03-08T15:47:49.252+0000] {dag.py:3036} INFO - Sync 1 DAGs
[2026-03-08T15:47:49.295+0000] {logging_mixin.py:188} INFO - [2026-03-08T15:47:49.294+0000] {dag.py:3823} INFO - Setting next_dagrun for flight_pipeline to 2026-03-08 06:00:00+00:00, run_after=2026-03-09 06:00:00+00:00
[2026-03-08T15:47:49.328+0000] {processor.py:183} INFO - Processing /opt/airflow/dags/flight_pipeline.py took 0.123 seconds
[2026-03-08T15:48:19.433+0000] {processor.py:161} INFO - Started process (PID=306) to work on /opt/airflow/dags/flight_pipeline.py
[2026-03-08T15:48:19.434+0000] {processor.py:830} INFO - Processing file /opt/airflow/dags/flight_pipeline.py for tasks to queue
[2026-03-08T15:48:19.435+0000] {logging_mixin.py:188} INFO - [2026-03-08T15:48:19.435+0000] {dagbag.py:538} INFO - Filling up the DagBag from /opt/airflow/dags/flight_pipeline.py
[2026-03-08T15:48:19.453+0000] {processor.py:840} INFO - DAG(s) 'flight_pipeline' retrieved from /opt/airflow/dags/flight_pipeline.py
[2026-03-08T15:48:19.759+0000] {logging_mixin.py:188} INFO - [2026-03-08T15:48:19.758+0000] {dag.py:3036} INFO - Sync 1 DAGs
[2026-03-08T15:48:19.790+0000] {logging_mixin.py:188} INFO - [2026-03-08T15:48:19.790+0000] {dag.py:3823} INFO - Setting next_dagrun for flight_pipeline to 2026-03-08 06:00:00+00:00, run_after=2026-03-09 06:00:00+00:00
[2026-03-08T15:48:19.814+0000] {processor.py:183} INFO - Processing /opt/airflow/dags/flight_pipeline.py took 0.386 seconds
[2026-03-08T15:48:50.007+0000] {processor.py:161} INFO - Started process (PID=422) to work on /opt/airflow/dags/flight_pipeline.py
[2026-03-08T15:48:50.009+0000] {processor.py:830} INFO - Processing file /opt/airflow/dags/flight_pipeline.py for tasks to queue
[2026-03-08T15:48:50.011+0000] {logging_mixin.py:188} INFO - [2026-03-08T15:48:50.010+0000] {dagbag.py:538} INFO - Filling up the DagBag from /opt/airflow/dags/flight_pipeline.py
[2026-03-08T15:48:50.029+0000] {processor.py:840} INFO - DAG(s) 'flight_pipeline' retrieved from /opt/airflow/dags/flight_pipeline.py
[2026-03-08T15:48:50.072+0000] {logging_mixin.py:188} INFO - [2026-03-08T15:48:50.071+0000] {dag.py:3036} INFO - Sync 1 DAGs
[2026-03-08T15:48:50.108+0000] {logging_mixin.py:188} INFO - [2026-03-08T15:48:50.108+0000] {dag.py:3823} INFO - Setting next_dagrun for flight_pipeline to 2026-03-08 06:00:00+00:00, run_after=2026-03-09 06:00:00+00:00
[2026-03-08T15:48:50.136+0000] {processor.py:183} INFO - Processing /opt/airflow/dags/flight_pipeline.py took 0.134 seconds
[2026-03-08T15:49:20.309+0000] {processor.py:161} INFO - Started process (PID=485) to work on /opt/airflow/dags/flight_pipeline.py
[2026-03-08T15:49:20.310+0000] {processor.py:830} INFO - Processing file /opt/airflow/dags/flight_pipeline.py for tasks to queue
[2026-03-08T15:49:20.311+0000] {logging_mixin.py:188} INFO - [2026-03-08T15:49:20.311+0000] {dagbag.py:538} INFO - Filling up the DagBag from /opt/airflow/dags/flight_pipeline.py
[2026-03-08T15:49:20.330+0000] {processor.py:840} INFO - DAG(s) 'flight_pipeline' retrieved from /opt/airflow/dags/flight_pipeline.py
[2026-03-08T15:49:20.370+0000] {logging_mixin.py:188} INFO - [2026-03-08T15:49:20.370+0000] {dag.py:3036} INFO - Sync 1 DAGs
[2026-03-08T15:49:20.405+0000] {logging_mixin.py:188} INFO - [2026-03-08T15:49:20.405+0000] {dag.py:3823} INFO - Setting next_dagrun for flight_pipeline to 2026-03-08 06:00:00+00:00, run_after=2026-03-09 06:00:00+00:00
[2026-03-08T15:49:20.431+0000] {processor.py:183} INFO - Processing /opt/airflow/dags/flight_pipeline.py took 0.127 seconds
[2026-03-08T15:49:50.605+0000] {processor.py:161} INFO - Started process (PID=550) to work on /opt/airflow/dags/flight_pipeline.py
[2026-03-08T15:49:50.607+0000] {processor.py:830} INFO - Processing file /opt/airflow/dags/flight_pipeline.py for tasks to queue
[2026-03-08T15:49:50.608+0000] {logging_mixin.py:188} INFO - [2026-03-08T15:49:50.607+0000] {dagbag.py:538} INFO - Filling up the DagBag from /opt/airflow/dags/flight_pipeline.py
[2026-03-08T15:49:50.628+0000] {processor.py:840} INFO - DAG(s) 'flight_pipeline' retrieved from /opt/airflow/dags/flight_pipeline.py
[2026-03-08T15:49:50.674+0000] {logging_mixin.py:188} INFO - [2026-03-08T15:49:50.674+0000] {dag.py:3036} INFO - Sync 1 DAGs
[2026-03-08T15:49:50.712+0000] {logging_mixin.py:188} INFO - [2026-03-08T15:49:50.711+0000] {dag.py:3823} INFO - Setting next_dagrun for flight_pipeline to 2026-03-08 06:00:00+00:00, run_after=2026-03-09 06:00:00+00:00
[2026-03-08T15:49:50.738+0000] {processor.py:183} INFO - Processing /opt/airflow/dags/flight_pipeline.py took 0.139 seconds
[2026-03-08T15:50:20.927+0000] {processor.py:161} INFO - Started process (PID=574) to work on /opt/airflow/dags/flight_pipeline.py
[2026-03-08T15:50:20.928+0000] {processor.py:830} INFO - Processing file /opt/airflow/dags/flight_pipeline.py for tasks to queue
[2026-03-08T15:50:20.930+0000] {logging_mixin.py:188} INFO - [2026-03-08T15:50:20.929+0000] {dagbag.py:538} INFO - Filling up the DagBag from /opt/airflow/dags/flight_pipeline.py
[2026-03-08T15:50:20.953+0000] {processor.py:840} INFO - DAG(s) 'flight_pipeline' retrieved from /opt/airflow/dags/flight_pipeline.py
[2026-03-08T15:50:20.997+0000] {logging_mixin.py:188} INFO - [2026-03-08T15:50:20.997+0000] {dag.py:3036} INFO - Sync 1 DAGs
[2026-03-08T15:50:21.034+0000] {logging_mixin.py:188} INFO - [2026-03-08T15:50:21.033+0000] {dag.py:3823} INFO - Setting next_dagrun for flight_pipeline to 2026-03-08 06:00:00+00:00, run_after=2026-03-09 06:00:00+00:00
[2026-03-08T15:50:21.062+0000] {processor.py:183} INFO - Processing /opt/airflow/dags/flight_pipeline.py took 0.142 seconds
[2026-03-08T15:50:51.243+0000] {processor.py:161} INFO - Started process (PID=583) to work on /opt/airflow/dags/flight_pipeline.py
[2026-03-08T15:50:51.244+0000] {processor.py:830} INFO - Processing file /opt/airflow/dags/flight_pipeline.py for tasks to queue
[2026-03-08T15:50:51.245+0000] {logging_mixin.py:188} INFO - [2026-03-08T15:50:51.245+0000] {dagbag.py:538} INFO - Filling up the DagBag from /opt/airflow/dags/flight_pipeline.py
[2026-03-08T15:50:51.266+0000] {processor.py:840} INFO - DAG(s) 'flight_pipeline' retrieved from /opt/airflow/dags/flight_pipeline.py
[2026-03-08T15:50:51.307+0000] {logging_mixin.py:188} INFO - [2026-03-08T15:50:51.307+0000] {dag.py:3036} INFO - Sync 1 DAGs
[2026-03-08T15:50:51.342+0000] {logging_mixin.py:188} INFO - [2026-03-08T15:50:51.342+0000] {dag.py:3823} INFO - Setting next_dagrun for flight_pipeline to 2026-03-08 06:00:00+00:00, run_after=2026-03-09 06:00:00+00:00
[2026-03-08T15:50:51.366+0000] {processor.py:183} INFO - Processing /opt/airflow/dags/flight_pipeline.py took 0.129 seconds
[2026-03-08T15:51:21.527+0000] {processor.py:161} INFO - Started process (PID=1306) to work on /opt/airflow/dags/flight_pipeline.py
[2026-03-08T15:51:21.528+0000] {processor.py:830} INFO - Processing file /opt/airflow/dags/flight_pipeline.py for tasks to queue
[2026-03-08T15:51:21.529+0000] {logging_mixin.py:188} INFO - [2026-03-08T15:51:21.528+0000] {dagbag.py:538} INFO - Filling up the DagBag from /opt/airflow/dags/flight_pipeline.py
[2026-03-08T15:51:21.540+0000] {processor.py:840} INFO - DAG(s) 'flight_pipeline' retrieved from /opt/airflow/dags/flight_pipeline.py
[2026-03-08T15:51:21.566+0000] {logging_mixin.py:188} INFO - [2026-03-08T15:51:21.565+0000] {dag.py:3036} INFO - Sync 1 DAGs
[2026-03-08T15:51:21.587+0000] {logging_mixin.py:188} INFO - [2026-03-08T15:51:21.587+0000] {dag.py:3823} INFO - Setting next_dagrun for flight_pipeline to 2026-03-08 06:00:00+00:00, run_after=2026-03-09 06:00:00+00:00
[2026-03-08T15:51:21.605+0000] {processor.py:183} INFO - Processing /opt/airflow/dags/flight_pipeline.py took 0.081 seconds
[2026-03-08T15:51:51.707+0000] {processor.py:161} INFO - Started process (PID=1516) to work on /opt/airflow/dags/flight_pipeline.py
[2026-03-08T15:51:51.719+0000] {processor.py:830} INFO - Processing file /opt/airflow/dags/flight_pipeline.py for tasks to queue
[2026-03-08T15:51:51.721+0000] {logging_mixin.py:188} INFO - [2026-03-08T15:51:51.720+0000] {dagbag.py:538} INFO - Filling up the DagBag from /opt/airflow/dags/flight_pipeline.py
[2026-03-08T15:51:51.741+0000] {processor.py:840} INFO - DAG(s) 'flight_pipeline' retrieved from /opt/airflow/dags/flight_pipeline.py
[2026-03-08T15:51:51.785+0000] {logging_mixin.py:188} INFO - [2026-03-08T15:51:51.784+0000] {dag.py:3036} INFO - Sync 1 DAGs
[2026-03-08T15:51:51.822+0000] {logging_mixin.py:188} INFO - [2026-03-08T15:51:51.821+0000] {dag.py:3823} INFO - Setting next_dagrun for flight_pipeline to 2026-03-08 06:00:00+00:00, run_after=2026-03-09 06:00:00+00:00
[2026-03-08T15:51:51.845+0000] {processor.py:183} INFO - Processing /opt/airflow/dags/flight_pipeline.py took 0.143 seconds
[2026-03-08T15:52:21.972+0000] {processor.py:161} INFO - Started process (PID=1521) to work on /opt/airflow/dags/flight_pipeline.py
[2026-03-08T15:52:21.973+0000] {processor.py:830} INFO - Processing file /opt/airflow/dags/flight_pipeline.py for tasks to queue
[2026-03-08T15:52:21.974+0000] {logging_mixin.py:188} INFO - [2026-03-08T15:52:21.974+0000] {dagbag.py:538} INFO - Filling up the DagBag from /opt/airflow/dags/flight_pipeline.py
[2026-03-08T15:52:21.994+0000] {processor.py:840} INFO - DAG(s) 'flight_pipeline' retrieved from /opt/airflow/dags/flight_pipeline.py
[2026-03-08T15:52:22.036+0000] {logging_mixin.py:188} INFO - [2026-03-08T15:52:22.036+0000] {dag.py:3036} INFO - Sync 1 DAGs
[2026-03-08T15:52:22.073+0000] {logging_mixin.py:188} INFO - [2026-03-08T15:52:22.072+0000] {dag.py:3823} INFO - Setting next_dagrun for flight_pipeline to 2026-03-08 06:00:00+00:00, run_after=2026-03-09 06:00:00+00:00
[2026-03-08T15:52:22.099+0000] {processor.py:183} INFO - Processing /opt/airflow/dags/flight_pipeline.py took 0.132 seconds
[2026-03-08T15:52:52.174+0000] {processor.py:161} INFO - Started process (PID=1526) to work on /opt/airflow/dags/flight_pipeline.py
[2026-03-08T15:52:52.185+0000] {processor.py:830} INFO - Processing file /opt/airflow/dags/flight_pipeline.py for tasks to queue
[2026-03-08T15:52:52.186+0000] {logging_mixin.py:188} INFO - [2026-03-08T15:52:52.186+0000] {dagbag.py:538} INFO - Filling up the DagBag from /opt/airflow/dags/flight_pipeline.py
[2026-03-08T15:52:52.195+0000] {processor.py:840} INFO - DAG(s) 'flight_pipeline' retrieved from /opt/airflow/dags/flight_pipeline.py
[2026-03-08T15:52:52.215+0000] {logging_mixin.py:188} INFO - [2026-03-08T15:52:52.215+0000] {dag.py:3036} INFO - Sync 1 DAGs
[2026-03-08T15:52:52.231+0000] {logging_mixin.py:188} INFO - [2026-03-08T15:52:52.231+0000] {dag.py:3823} INFO - Setting next_dagrun for flight_pipeline to 2026-03-08 06:00:00+00:00, run_after=2026-03-09 06:00:00+00:00
[2026-03-08T15:52:52.244+0000] {processor.py:183} INFO - Processing /opt/airflow/dags/flight_pipeline.py took 0.072 seconds
[2026-03-08T15:53:22.431+0000] {processor.py:161} INFO - Started process (PID=1531) to work on /opt/airflow/dags/flight_pipeline.py
[2026-03-08T15:53:22.432+0000] {processor.py:830} INFO - Processing file /opt/airflow/dags/flight_pipeline.py for tasks to queue
[2026-03-08T15:53:22.433+0000] {logging_mixin.py:188} INFO - [2026-03-08T15:53:22.433+0000] {dagbag.py:538} INFO - Filling up the DagBag from /opt/airflow/dags/flight_pipeline.py
[2026-03-08T15:53:22.451+0000] {processor.py:840} INFO - DAG(s) 'flight_pipeline' retrieved from /opt/airflow/dags/flight_pipeline.py
[2026-03-08T15:53:22.492+0000] {logging_mixin.py:188} INFO - [2026-03-08T15:53:22.492+0000] {dag.py:3036} INFO - Sync 1 DAGs
[2026-03-08T15:53:22.535+0000] {logging_mixin.py:188} INFO - [2026-03-08T15:53:22.534+0000] {dag.py:3823} INFO - Setting next_dagrun for flight_pipeline to 2026-03-08 06:00:00+00:00, run_after=2026-03-09 06:00:00+00:00
[2026-03-08T15:53:22.581+0000] {processor.py:183} INFO - Processing /opt/airflow/dags/flight_pipeline.py took 0.155 seconds
[2026-03-08T15:53:52.762+0000] {processor.py:161} INFO - Started process (PID=1536) to work on /opt/airflow/dags/flight_pipeline.py
[2026-03-08T15:53:52.773+0000] {processor.py:830} INFO - Processing file /opt/airflow/dags/flight_pipeline.py for tasks to queue
[2026-03-08T15:53:52.774+0000] {logging_mixin.py:188} INFO - [2026-03-08T15:53:52.774+0000] {dagbag.py:538} INFO - Filling up the DagBag from /opt/airflow/dags/flight_pipeline.py
[2026-03-08T15:53:52.785+0000] {processor.py:840} INFO - DAG(s) 'flight_pipeline' retrieved from /opt/airflow/dags/flight_pipeline.py
[2026-03-08T15:53:52.810+0000] {logging_mixin.py:188} INFO - [2026-03-08T15:53:52.809+0000] {dag.py:3036} INFO - Sync 1 DAGs
[2026-03-08T15:53:52.832+0000] {logging_mixin.py:188} INFO - [2026-03-08T15:53:52.832+0000] {dag.py:3823} INFO - Setting next_dagrun for flight_pipeline to 2026-03-08 06:00:00+00:00, run_after=2026-03-09 06:00:00+00:00
[2026-03-08T15:53:52.849+0000] {processor.py:183} INFO - Processing /opt/airflow/dags/flight_pipeline.py took 0.090 seconds
[2026-03-08T15:54:22.935+0000] {processor.py:161} INFO - Started process (PID=1541) to work on /opt/airflow/dags/flight_pipeline.py
[2026-03-08T15:54:22.936+0000] {processor.py:830} INFO - Processing file /opt/airflow/dags/flight_pipeline.py for tasks to queue
[2026-03-08T15:54:22.937+0000] {logging_mixin.py:188} INFO - [2026-03-08T15:54:22.936+0000] {dagbag.py:538} INFO - Filling up the DagBag from /opt/airflow/dags/flight_pipeline.py
[2026-03-08T15:54:22.955+0000] {processor.py:840} INFO - DAG(s) 'flight_pipeline' retrieved from /opt/airflow/dags/flight_pipeline.py
[2026-03-08T15:54:22.998+0000] {logging_mixin.py:188} INFO - [2026-03-08T15:54:22.998+0000] {dag.py:3036} INFO - Sync 1 DAGs
[2026-03-08T15:54:23.037+0000] {logging_mixin.py:188} INFO - [2026-03-08T15:54:23.037+0000] {dag.py:3823} INFO - Setting next_dagrun for flight_pipeline to 2026-03-08 06:00:00+00:00, run_after=2026-03-09 06:00:00+00:00
[2026-03-08T15:54:23.065+0000] {processor.py:183} INFO - Processing /opt/airflow/dags/flight_pipeline.py took 0.134 seconds
[2026-03-08T15:54:53.181+0000] {processor.py:161} INFO - Started process (PID=1546) to work on /opt/airflow/dags/flight_pipeline.py
[2026-03-08T15:54:53.192+0000] {processor.py:830} INFO - Processing file /opt/airflow/dags/flight_pipeline.py for tasks to queue
[2026-03-08T15:54:53.194+0000] {logging_mixin.py:188} INFO - [2026-03-08T15:54:53.193+0000] {dagbag.py:538} INFO - Filling up the DagBag from /opt/airflow/dags/flight_pipeline.py
[2026-03-08T15:54:53.213+0000] {processor.py:840} INFO - DAG(s) 'flight_pipeline' retrieved from /opt/airflow/dags/flight_pipeline.py
[2026-03-08T15:54:53.255+0000] {logging_mixin.py:188} INFO - [2026-03-08T15:54:53.255+0000] {dag.py:3036} INFO - Sync 1 DAGs
[2026-03-08T15:54:53.294+0000] {logging_mixin.py:188} INFO - [2026-03-08T15:54:53.293+0000] {dag.py:3823} INFO - Setting next_dagrun for flight_pipeline to 2026-03-08 06:00:00+00:00, run_after=2026-03-09 06:00:00+00:00
[2026-03-08T15:54:53.332+0000] {processor.py:183} INFO - Processing /opt/airflow/dags/flight_pipeline.py took 0.156 seconds
[2026-03-08T15:55:23.403+0000] {processor.py:161} INFO - Started process (PID=1551) to work on /opt/airflow/dags/flight_pipeline.py
[2026-03-08T15:55:23.404+0000] {processor.py:830} INFO - Processing file /opt/airflow/dags/flight_pipeline.py for tasks to queue
[2026-03-08T15:55:23.406+0000] {logging_mixin.py:188} INFO - [2026-03-08T15:55:23.405+0000] {dagbag.py:538} INFO - Filling up the DagBag from /opt/airflow/dags/flight_pipeline.py
[2026-03-08T15:55:23.427+0000] {processor.py:840} INFO - DAG(s) 'flight_pipeline' retrieved from /opt/airflow/dags/flight_pipeline.py
[2026-03-08T15:55:23.474+0000] {logging_mixin.py:188} INFO - [2026-03-08T15:55:23.473+0000] {dag.py:3036} INFO - Sync 1 DAGs
[2026-03-08T15:55:23.517+0000] {logging_mixin.py:188} INFO - [2026-03-08T15:55:23.516+0000] {dag.py:3823} INFO - Setting next_dagrun for flight_pipeline to 2026-03-08 06:00:00+00:00, run_after=2026-03-09 06:00:00+00:00
[2026-03-08T15:55:23.561+0000] {processor.py:183} INFO - Processing /opt/airflow/dags/flight_pipeline.py took 0.163 seconds
[2026-03-08T15:55:53.677+0000] {processor.py:161} INFO - Started process (PID=1556) to work on /opt/airflow/dags/flight_pipeline.py
[2026-03-08T15:55:53.678+0000] {processor.py:830} INFO - Processing file /opt/airflow/dags/flight_pipeline.py for tasks to queue
[2026-03-08T15:55:53.679+0000] {logging_mixin.py:188} INFO - [2026-03-08T15:55:53.679+0000] {dagbag.py:538} INFO - Filling up the DagBag from /opt/airflow/dags/flight_pipeline.py
[2026-03-08T15:55:53.698+0000] {processor.py:840} INFO - DAG(s) 'flight_pipeline' retrieved from /opt/airflow/dags/flight_pipeline.py
[2026-03-08T15:55:53.739+0000] {logging_mixin.py:188} INFO - [2026-03-08T15:55:53.739+0000] {dag.py:3036} INFO - Sync 1 DAGs
[2026-03-08T15:55:53.774+0000] {logging_mixin.py:188} INFO - [2026-03-08T15:55:53.773+0000] {dag.py:3823} INFO - Setting next_dagrun for flight_pipeline to 2026-03-08 06:00:00+00:00, run_after=2026-03-09 06:00:00+00:00
[2026-03-08T15:55:53.802+0000] {processor.py:183} INFO - Processing /opt/airflow/dags/flight_pipeline.py took 0.130 seconds
[2026-03-08T15:56:23.917+0000] {processor.py:161} INFO - Started process (PID=1561) to work on /opt/airflow/dags/flight_pipeline.py
[2026-03-08T15:56:23.929+0000] {processor.py:830} INFO - Processing file /opt/airflow/dags/flight_pipeline.py for tasks to queue
[2026-03-08T15:56:23.931+0000] {logging_mixin.py:188} INFO - [2026-03-08T15:56:23.930+0000] {dagbag.py:538} INFO - Filling up the DagBag from /opt/airflow/dags/flight_pipeline.py
[2026-03-08T15:56:23.952+0000] {processor.py:840} INFO - DAG(s) 'flight_pipeline' retrieved from /opt/airflow/dags/flight_pipeline.py
[2026-03-08T15:56:24.001+0000] {logging_mixin.py:188} INFO - [2026-03-08T15:56:24.001+0000] {dag.py:3036} INFO - Sync 1 DAGs
[2026-03-08T15:56:24.044+0000] {logging_mixin.py:188} INFO - [2026-03-08T15:56:24.044+0000] {dag.py:3823} INFO - Setting next_dagrun for flight_pipeline to 2026-03-08 06:00:00+00:00, run_after=2026-03-09 06:00:00+00:00
[2026-03-08T15:56:24.075+0000] {processor.py:183} INFO - Processing /opt/airflow/dags/flight_pipeline.py took 0.164 seconds
[2026-03-08T15:56:54.155+0000] {processor.py:161} INFO - Started process (PID=1566) to work on /opt/airflow/dags/flight_pipeline.py
[2026-03-08T15:56:54.156+0000] {processor.py:830} INFO - Processing file /opt/airflow/dags/flight_pipeline.py for tasks to queue
[2026-03-08T15:56:54.158+0000] {logging_mixin.py:188} INFO - [2026-03-08T15:56:54.157+0000] {dagbag.py:538} INFO - Filling up the DagBag from /opt/airflow/dags/flight_pipeline.py
[2026-03-08T15:56:54.177+0000] {processor.py:840} INFO - DAG(s) 'flight_pipeline' retrieved from /opt/airflow/dags/flight_pipeline.py
[2026-03-08T15:56:54.219+0000] {logging_mixin.py:188} INFO - [2026-03-08T15:56:54.219+0000] {dag.py:3036} INFO - Sync 1 DAGs
[2026-03-08T15:56:54.255+0000] {logging_mixin.py:188} INFO - [2026-03-08T15:56:54.255+0000] {dag.py:3823} INFO - Setting next_dagrun for flight_pipeline to 2026-03-08 06:00:00+00:00, run_after=2026-03-09 06:00:00+00:00
[2026-03-08T15:56:54.282+0000] {processor.py:183} INFO - Processing /opt/airflow/dags/flight_pipeline.py took 0.132 seconds
[2026-03-08T15:57:24.446+0000] {processor.py:161} INFO - Started process (PID=1571) to work on /opt/airflow/dags/flight_pipeline.py
[2026-03-08T15:57:24.457+0000] {processor.py:830} INFO - Processing file /opt/airflow/dags/flight_pipeline.py for tasks to queue
[2026-03-08T15:57:24.459+0000] {logging_mixin.py:188} INFO - [2026-03-08T15:57:24.458+0000] {dagbag.py:538} INFO - Filling up the DagBag from /opt/airflow/dags/flight_pipeline.py
[2026-03-08T15:57:24.477+0000] {processor.py:840} INFO - DAG(s) 'flight_pipeline' retrieved from /opt/airflow/dags/flight_pipeline.py
[2026-03-08T15:57:24.520+0000] {logging_mixin.py:188} INFO - [2026-03-08T15:57:24.519+0000] {dag.py:3036} INFO - Sync 1 DAGs
[2026-03-08T15:57:24.553+0000] {logging_mixin.py:188} INFO - [2026-03-08T15:57:24.553+0000] {dag.py:3823} INFO - Setting next_dagrun for flight_pipeline to 2026-03-08 06:00:00+00:00, run_after=2026-03-09 06:00:00+00:00
[2026-03-08T15:57:24.575+0000] {processor.py:183} INFO - Processing /opt/airflow/dags/flight_pipeline.py took 0.134 seconds
