[2026-03-08T17:16:24.224+0000] {taskinstance.py:1956} INFO - Dependencies all met for dep_context=non-requeueable deps ti=<TaskInstance: flight_pipeline.load_to_bigquery scheduled__2026-03-08T17:14:00+00:00 [queued]>
[2026-03-08T17:16:24.230+0000] {taskinstance.py:1956} INFO - Dependencies all met for dep_context=requeueable deps ti=<TaskInstance: flight_pipeline.load_to_bigquery scheduled__2026-03-08T17:14:00+00:00 [queued]>
[2026-03-08T17:16:24.231+0000] {taskinstance.py:2170} INFO - Starting attempt 1 of 2
[2026-03-08T17:16:24.239+0000] {taskinstance.py:2191} INFO - Executing <Task(BashOperator): load_to_bigquery> on 2026-03-08 17:14:00+00:00
[2026-03-08T17:16:24.245+0000] {standard_task_runner.py:60} INFO - Started process 42028 to run task
[2026-03-08T17:16:24.248+0000] {standard_task_runner.py:87} INFO - Running: ['***', 'tasks', 'run', 'flight_pipeline', 'load_to_bigquery', 'scheduled__2026-03-08T17:14:00+00:00', '--job-id', '157', '--raw', '--subdir', 'DAGS_FOLDER/flight_pipeline.py', '--cfg-path', '/tmp/tmpvsia6pks']
[2026-03-08T17:16:24.250+0000] {standard_task_runner.py:88} INFO - Job 157: Subtask load_to_bigquery
[2026-03-08T17:16:24.284+0000] {task_command.py:423} INFO - Running <TaskInstance: flight_pipeline.load_to_bigquery scheduled__2026-03-08T17:14:00+00:00 [running]> on host 45fb248f2902
[2026-03-08T17:16:24.343+0000] {taskinstance.py:2480} INFO - Exporting env vars: AIRFLOW_CTX_DAG_OWNER='vivek' AIRFLOW_CTX_DAG_ID='flight_pipeline' AIRFLOW_CTX_TASK_ID='load_to_bigquery' AIRFLOW_CTX_EXECUTION_DATE='2026-03-08T17:14:00+00:00' AIRFLOW_CTX_TRY_NUMBER='1' AIRFLOW_CTX_DAG_RUN_ID='scheduled__2026-03-08T17:14:00+00:00'
[2026-03-08T17:16:24.344+0000] {subprocess.py:63} INFO - Tmp dir root location: /tmp
[2026-03-08T17:16:24.345+0000] {subprocess.py:75} INFO - Running command: ['/usr/bin/bash', '-c', 'cd /opt/***/ingestion && python load_to_bigquery.py']
[2026-03-08T17:16:24.358+0000] {subprocess.py:86} INFO - Output:
[2026-03-08T17:16:29.537+0000] {subprocess.py:93} INFO - Loading Parquet into temp staging table: flight-pipeline-487919.flight_staging.raw_flights_staging
[2026-03-08T17:16:29.537+0000] {subprocess.py:93} INFO - Temp staging table loaded successfully
[2026-03-08T17:16:29.537+0000] {subprocess.py:93} INFO - Merging into flight-pipeline-487919.flight_staging.raw_flights with deduplication...
[2026-03-08T17:16:29.537+0000] {subprocess.py:93} INFO - Merge complete!
[2026-03-08T17:16:29.538+0000] {subprocess.py:93} INFO - Temp staging table dropped
[2026-03-08T17:16:29.538+0000] {subprocess.py:93} INFO - Total rows in flight-pipeline-487919.flight_staging.raw_flights: 8714
[2026-03-08T17:16:29.538+0000] {subprocess.py:93} INFO - Done!
[2026-03-08T17:16:29.646+0000] {subprocess.py:97} INFO - Command exited with return code 0
[2026-03-08T17:16:29.676+0000] {taskinstance.py:1138} INFO - Marking task as SUCCESS. dag_id=flight_pipeline, task_id=load_to_bigquery, execution_date=20260308T171400, start_date=20260308T171624, end_date=20260308T171629
[2026-03-08T17:16:29.715+0000] {local_task_job_runner.py:234} INFO - Task exited with return code 0
[2026-03-08T17:16:29.734+0000] {taskinstance.py:3280} INFO - 1 downstream tasks scheduled from follow-on schedule check
