[2026-03-08T16:20:37.394+0000] {taskinstance.py:1956} INFO - Dependencies all met for dep_context=non-requeueable deps ti=<TaskInstance: flight_pipeline.transform scheduled__2026-03-08T16:18:00+00:00 [queued]>
[2026-03-08T16:20:37.409+0000] {taskinstance.py:1956} INFO - Dependencies all met for dep_context=requeueable deps ti=<TaskInstance: flight_pipeline.transform scheduled__2026-03-08T16:18:00+00:00 [queued]>
[2026-03-08T16:20:37.410+0000] {taskinstance.py:2170} INFO - Starting attempt 1 of 2
[2026-03-08T16:20:37.438+0000] {taskinstance.py:2191} INFO - Executing <Task(BashOperator): transform> on 2026-03-08 16:18:00+00:00
[2026-03-08T16:20:37.452+0000] {standard_task_runner.py:60} INFO - Started process 11004 to run task
[2026-03-08T16:20:37.456+0000] {standard_task_runner.py:87} INFO - Running: ['***', 'tasks', 'run', 'flight_pipeline', 'transform', 'scheduled__2026-03-08T16:18:00+00:00', '--job-id', '48', '--raw', '--subdir', 'DAGS_FOLDER/flight_pipeline.py', '--cfg-path', '/tmp/tmprnf4wjjm']
[2026-03-08T16:20:37.459+0000] {standard_task_runner.py:88} INFO - Job 48: Subtask transform
[2026-03-08T16:20:37.530+0000] {task_command.py:423} INFO - Running <TaskInstance: flight_pipeline.transform scheduled__2026-03-08T16:18:00+00:00 [running]> on host 45fb248f2902
[2026-03-08T16:20:37.644+0000] {taskinstance.py:2480} INFO - Exporting env vars: AIRFLOW_CTX_DAG_OWNER='vivek' AIRFLOW_CTX_DAG_ID='flight_pipeline' AIRFLOW_CTX_TASK_ID='transform' AIRFLOW_CTX_EXECUTION_DATE='2026-03-08T16:18:00+00:00' AIRFLOW_CTX_TRY_NUMBER='1' AIRFLOW_CTX_DAG_RUN_ID='scheduled__2026-03-08T16:18:00+00:00'
[2026-03-08T16:20:37.645+0000] {subprocess.py:63} INFO - Tmp dir root location: /tmp
[2026-03-08T16:20:37.646+0000] {subprocess.py:75} INFO - Running command: ['/usr/bin/bash', '-c', 'cd /opt/***/ingestion && python transform.py']
[2026-03-08T16:20:37.668+0000] {subprocess.py:86} INFO - Output:
[2026-03-08T16:20:46.650+0000] {subprocess.py:93} INFO - Running: fct_flights...
[2026-03-08T16:20:46.651+0000] {subprocess.py:93} INFO - Done: fct_flights
[2026-03-08T16:20:46.651+0000] {subprocess.py:93} INFO - Running: dim_countries...
[2026-03-08T16:20:46.652+0000] {subprocess.py:93} INFO - Done: dim_countries
[2026-03-08T16:20:46.652+0000] {subprocess.py:93} INFO - Running: dim_flight_phases...
[2026-03-08T16:20:46.652+0000] {subprocess.py:93} INFO - Done: dim_flight_phases
[2026-03-08T16:20:46.653+0000] {subprocess.py:93} INFO - Running: agg_flights_daily...
[2026-03-08T16:20:46.653+0000] {subprocess.py:93} INFO - Done: agg_flights_daily
[2026-03-08T16:20:46.653+0000] {subprocess.py:93} INFO - 
[2026-03-08T16:20:46.653+0000] {subprocess.py:93} INFO - All transformations complete!
[2026-03-08T16:20:47.020+0000] {subprocess.py:97} INFO - Command exited with return code 0
[2026-03-08T16:20:47.078+0000] {taskinstance.py:1138} INFO - Marking task as SUCCESS. dag_id=flight_pipeline, task_id=transform, execution_date=20260308T161800, start_date=20260308T162037, end_date=20260308T162047
[2026-03-08T16:20:47.126+0000] {local_task_job_runner.py:234} INFO - Task exited with return code 0
[2026-03-08T16:20:47.151+0000] {taskinstance.py:3280} INFO - 0 downstream tasks scheduled from follow-on schedule check
