[2026-03-08T16:18:00.399+0000] {taskinstance.py:1956} INFO - Dependencies all met for dep_context=non-requeueable deps ti=<TaskInstance: flight_pipeline.fetch_flights scheduled__2026-03-08T16:16:00+00:00 [queued]>
[2026-03-08T16:18:00.412+0000] {taskinstance.py:1956} INFO - Dependencies all met for dep_context=requeueable deps ti=<TaskInstance: flight_pipeline.fetch_flights scheduled__2026-03-08T16:16:00+00:00 [queued]>
[2026-03-08T16:18:00.412+0000] {taskinstance.py:2170} INFO - Starting attempt 1 of 2
[2026-03-08T16:18:00.431+0000] {taskinstance.py:2191} INFO - Executing <Task(BashOperator): fetch_flights> on 2026-03-08 16:16:00+00:00
[2026-03-08T16:18:00.442+0000] {standard_task_runner.py:60} INFO - Started process 8859 to run task
[2026-03-08T16:18:00.446+0000] {standard_task_runner.py:87} INFO - Running: ['***', 'tasks', 'run', 'flight_pipeline', 'fetch_flights', 'scheduled__2026-03-08T16:16:00+00:00', '--job-id', '41', '--raw', '--subdir', 'DAGS_FOLDER/flight_pipeline.py', '--cfg-path', '/tmp/tmpn5p7qb9z']
[2026-03-08T16:18:00.449+0000] {standard_task_runner.py:88} INFO - Job 41: Subtask fetch_flights
[2026-03-08T16:18:00.512+0000] {task_command.py:423} INFO - Running <TaskInstance: flight_pipeline.fetch_flights scheduled__2026-03-08T16:16:00+00:00 [running]> on host 45fb248f2902
[2026-03-08T16:18:00.623+0000] {taskinstance.py:2480} INFO - Exporting env vars: AIRFLOW_CTX_DAG_OWNER='vivek' AIRFLOW_CTX_DAG_ID='flight_pipeline' AIRFLOW_CTX_TASK_ID='fetch_flights' AIRFLOW_CTX_EXECUTION_DATE='2026-03-08T16:16:00+00:00' AIRFLOW_CTX_TRY_NUMBER='1' AIRFLOW_CTX_DAG_RUN_ID='scheduled__2026-03-08T16:16:00+00:00'
[2026-03-08T16:18:00.624+0000] {subprocess.py:63} INFO - Tmp dir root location: /tmp
[2026-03-08T16:18:00.625+0000] {subprocess.py:75} INFO - Running command: ['/usr/bin/bash', '-c', 'cd /opt/***/ingestion && python fetch_flights.py']
[2026-03-08T16:18:00.646+0000] {subprocess.py:86} INFO - Output:
[2026-03-08T16:18:02.425+0000] {subprocess.py:93} INFO - Fetching flights from OpenSky...
[2026-03-08T16:18:02.425+0000] {subprocess.py:93} INFO - Fetched 215 flights
[2026-03-08T16:18:02.426+0000] {subprocess.py:93} INFO - Uploaded to gs://flight-pipeline-487919-flight-raw/raw/flights/2026-03-08/flights_16-18-02.json
[2026-03-08T16:18:02.426+0000] {subprocess.py:93} INFO - Done!
[2026-03-08T16:18:02.499+0000] {subprocess.py:97} INFO - Command exited with return code 0
[2026-03-08T16:18:02.557+0000] {taskinstance.py:1138} INFO - Marking task as SUCCESS. dag_id=flight_pipeline, task_id=fetch_flights, execution_date=20260308T161600, start_date=20260308T161800, end_date=20260308T161802
[2026-03-08T16:18:02.625+0000] {local_task_job_runner.py:234} INFO - Task exited with return code 0
[2026-03-08T16:18:02.675+0000] {taskinstance.py:3280} INFO - 1 downstream tasks scheduled from follow-on schedule check
