[2026-03-08T16:54:03.389+0000] {taskinstance.py:1956} INFO - Dependencies all met for dep_context=non-requeueable deps ti=<TaskInstance: flight_pipeline.spark_transform scheduled__2026-03-08T16:52:00+00:00 [queued]>
[2026-03-08T16:54:03.395+0000] {taskinstance.py:1956} INFO - Dependencies all met for dep_context=requeueable deps ti=<TaskInstance: flight_pipeline.spark_transform scheduled__2026-03-08T16:52:00+00:00 [queued]>
[2026-03-08T16:54:03.395+0000] {taskinstance.py:2170} INFO - Starting attempt 1 of 2
[2026-03-08T16:54:03.403+0000] {taskinstance.py:2191} INFO - Executing <Task(BashOperator): spark_transform> on 2026-03-08 16:52:00+00:00
[2026-03-08T16:54:03.410+0000] {standard_task_runner.py:60} INFO - Started process 28729 to run task
[2026-03-08T16:54:03.412+0000] {standard_task_runner.py:87} INFO - Running: ['***', 'tasks', 'run', 'flight_pipeline', 'spark_transform', 'scheduled__2026-03-08T16:52:00+00:00', '--job-id', '114', '--raw', '--subdir', 'DAGS_FOLDER/flight_pipeline.py', '--cfg-path', '/tmp/tmpo9jpsqzb']
[2026-03-08T16:54:03.414+0000] {standard_task_runner.py:88} INFO - Job 114: Subtask spark_transform
[2026-03-08T16:54:03.446+0000] {task_command.py:423} INFO - Running <TaskInstance: flight_pipeline.spark_transform scheduled__2026-03-08T16:52:00+00:00 [running]> on host 45fb248f2902
[2026-03-08T16:54:03.502+0000] {taskinstance.py:2480} INFO - Exporting env vars: AIRFLOW_CTX_DAG_OWNER='vivek' AIRFLOW_CTX_DAG_ID='flight_pipeline' AIRFLOW_CTX_TASK_ID='spark_transform' AIRFLOW_CTX_EXECUTION_DATE='2026-03-08T16:52:00+00:00' AIRFLOW_CTX_TRY_NUMBER='1' AIRFLOW_CTX_DAG_RUN_ID='scheduled__2026-03-08T16:52:00+00:00'
[2026-03-08T16:54:03.503+0000] {subprocess.py:63} INFO - Tmp dir root location: /tmp
[2026-03-08T16:54:03.503+0000] {subprocess.py:75} INFO - Running command: ['/usr/bin/bash', '-c', 'cd /opt/***/ingestion && python spark_transform.py']
[2026-03-08T16:54:03.517+0000] {subprocess.py:86} INFO - Output:
[2026-03-08T16:54:04.651+0000] {subprocess.py:93} INFO - :: loading settings :: url = jar:file:/home/***/.local/lib/python3.8/site-packages/pyspark/jars/ivy-2.5.1.jar!/org/apache/ivy/core/settings/ivysettings.xml
[2026-03-08T16:54:04.695+0000] {subprocess.py:93} INFO - Ivy Default Cache set to: /home/***/.ivy2/cache
[2026-03-08T16:54:04.696+0000] {subprocess.py:93} INFO - The jars for the packages stored in: /home/***/.ivy2/jars
[2026-03-08T16:54:04.699+0000] {subprocess.py:93} INFO - com.google.cloud.bigdataoss#gcs-connector added as a dependency
[2026-03-08T16:54:04.699+0000] {subprocess.py:93} INFO - :: resolving dependencies :: org.apache.spark#spark-submit-parent-cdd4988a-15c2-4fdc-9131-59706921c2ee;1.0
[2026-03-08T16:54:04.699+0000] {subprocess.py:93} INFO - 	confs: [default]
[2026-03-08T16:54:04.776+0000] {subprocess.py:93} INFO - 	found com.google.cloud.bigdataoss#gcs-connector;hadoop3-2.2.22 in central
[2026-03-08T16:54:04.804+0000] {subprocess.py:93} INFO - 	found com.google.api-client#google-api-client-jackson2;2.0.1 in central
[2026-03-08T16:54:04.824+0000] {subprocess.py:93} INFO - 	found com.google.api-client#google-api-client;2.0.1 in central
[2026-03-08T16:54:04.846+0000] {subprocess.py:93} INFO - 	found com.google.oauth-client#google-oauth-client;1.34.1 in central
[2026-03-08T16:54:04.865+0000] {subprocess.py:93} INFO - 	found com.google.http-client#google-http-client;1.42.3 in central
[2026-03-08T16:54:04.881+0000] {subprocess.py:93} INFO - 	found org.apache.httpcomponents#httpclient;4.5.13 in central
[2026-03-08T16:54:04.896+0000] {subprocess.py:93} INFO - 	found org.apache.httpcomponents#httpcore;4.4.15 in central
[2026-03-08T16:54:04.911+0000] {subprocess.py:93} INFO - 	found commons-logging#commons-logging;1.2 in central
[2026-03-08T16:54:04.927+0000] {subprocess.py:93} INFO - 	found commons-codec#commons-codec;1.15 in central
[2026-03-08T16:54:04.939+0000] {subprocess.py:93} INFO - 	found com.google.code.findbugs#jsr305;3.0.2 in central
[2026-03-08T16:54:04.952+0000] {subprocess.py:93} INFO - 	found com.google.errorprone#error_prone_annotations;2.16 in central
[2026-03-08T16:54:04.966+0000] {subprocess.py:93} INFO - 	found com.google.guava#guava;33.1.0-jre in central
[2026-03-08T16:54:04.980+0000] {subprocess.py:93} INFO - 	found com.google.guava#failureaccess;1.0.2 in central
[2026-03-08T16:54:04.992+0000] {subprocess.py:93} INFO - 	found com.google.guava#listenablefuture;9999.0-empty-to-avoid-conflict-with-guava in central
[2026-03-08T16:54:05.004+0000] {subprocess.py:93} INFO - 	found org.checkerframework#checker-qual;3.42.0 in central
[2026-03-08T16:54:05.018+0000] {subprocess.py:93} INFO - 	found com.google.j2objc#j2objc-annotations;1.3 in central
[2026-03-08T16:54:05.031+0000] {subprocess.py:93} INFO - 	found io.opencensus#opencensus-api;0.31.1 in central
[2026-03-08T16:54:05.042+0000] {subprocess.py:93} INFO - 	found io.grpc#grpc-context;1.62.2 in central
[2026-03-08T16:54:05.050+0000] {subprocess.py:93} INFO - 	found io.opencensus#opencensus-contrib-http-util;0.31.1 in central
[2026-03-08T16:54:05.060+0000] {subprocess.py:93} INFO - 	found com.google.http-client#google-http-client-gson;1.42.3 in central
[2026-03-08T16:54:05.068+0000] {subprocess.py:93} INFO - 	found com.google.code.gson#gson;2.8.9 in central
[2026-03-08T16:54:05.079+0000] {subprocess.py:93} INFO - 	found io.grpc#grpc-api;1.62.2 in central
[2026-03-08T16:54:05.088+0000] {subprocess.py:93} INFO - 	found com.google.http-client#google-http-client-apache-v2;1.42.3 in central
[2026-03-08T16:54:05.099+0000] {subprocess.py:93} INFO - 	found com.google.cloud.bigdataoss#util;2.2.22 in central
[2026-03-08T16:54:05.106+0000] {subprocess.py:93} INFO - 	found com.google.http-client#google-http-client-jackson2;1.42.3 in central
[2026-03-08T16:54:05.115+0000] {subprocess.py:93} INFO - 	found com.fasterxml.jackson.core#jackson-core;2.13.4 in central
[2026-03-08T16:54:05.122+0000] {subprocess.py:93} INFO - 	found com.google.apis#google-api-services-iamcredentials;v1-rev20211203-2.0.0 in central
[2026-03-08T16:54:05.137+0000] {subprocess.py:93} INFO - 	found com.google.apis#google-api-services-storage;v1-rev20240105-2.0.0 in central
[2026-03-08T16:54:05.144+0000] {subprocess.py:93} INFO - 	found com.google.api-client#google-api-client;2.2.0 in central
[2026-03-08T16:54:05.157+0000] {subprocess.py:93} INFO - 	found org.apache.httpcomponents#httpcore;4.4.16 in central
[2026-03-08T16:54:05.165+0000] {subprocess.py:93} INFO - 	found com.google.auto.value#auto-value-annotations;1.10.4 in central
[2026-03-08T16:54:05.171+0000] {subprocess.py:93} INFO - 	found com.google.auth#google-auth-library-oauth2-http;1.22.0 in central
[2026-03-08T16:54:05.179+0000] {subprocess.py:93} INFO - 	found com.google.auth#google-auth-library-credentials;1.22.0 in central
[2026-03-08T16:54:05.186+0000] {subprocess.py:93} INFO - 	found com.google.http-client#google-http-client;1.43.3 in central
[2026-03-08T16:54:05.196+0000] {subprocess.py:93} INFO - 	found com.google.errorprone#error_prone_annotations;2.18.0 in central
[2026-03-08T16:54:05.205+0000] {subprocess.py:93} INFO - 	found com.google.j2objc#j2objc-annotations;2.8 in central
[2026-03-08T16:54:05.219+0000] {subprocess.py:93} INFO - 	found com.google.http-client#google-http-client-gson;1.43.3 in central
[2026-03-08T16:54:05.227+0000] {subprocess.py:93} INFO - 	found com.google.flogger#google-extensions;0.7.1 in central
[2026-03-08T16:54:05.233+0000] {subprocess.py:93} INFO - 	found com.google.flogger#flogger;0.7.1 in central
[2026-03-08T16:54:05.238+0000] {subprocess.py:93} INFO - 	found org.checkerframework#checker-compat-qual;2.5.3 in central
[2026-03-08T16:54:05.244+0000] {subprocess.py:93} INFO - 	found com.google.flogger#flogger-system-backend;0.7.1 in central
[2026-03-08T16:54:05.253+0000] {subprocess.py:93} INFO - 	found com.google.cloud.bigdataoss#util-hadoop;hadoop3-2.2.22 in central
[2026-03-08T16:54:05.263+0000] {subprocess.py:93} INFO - 	found com.google.cloud.bigdataoss#gcsio;2.2.22 in central
[2026-03-08T16:54:05.273+0000] {subprocess.py:93} INFO - 	found io.grpc#grpc-alts;1.62.2 in central
[2026-03-08T16:54:05.280+0000] {subprocess.py:93} INFO - 	found io.grpc#grpc-auth;1.62.2 in central
[2026-03-08T16:54:05.288+0000] {subprocess.py:93} INFO - 	found io.grpc#grpc-core;1.62.2 in central
[2026-03-08T16:54:05.294+0000] {subprocess.py:93} INFO - 	found io.grpc#grpc-grpclb;1.62.2 in central
[2026-03-08T16:54:05.304+0000] {subprocess.py:93} INFO - 	found io.grpc#grpc-protobuf;1.62.2 in central
[2026-03-08T16:54:05.312+0000] {subprocess.py:93} INFO - 	found com.google.protobuf#protobuf-java;3.25.3 in central
[2026-03-08T16:54:05.319+0000] {subprocess.py:93} INFO - 	found com.google.api.grpc#proto-google-common-protos;2.29.0 in central
[2026-03-08T16:54:05.325+0000] {subprocess.py:93} INFO - 	found io.grpc#grpc-stub;1.62.2 in central
[2026-03-08T16:54:05.332+0000] {subprocess.py:93} INFO - 	found org.conscrypt#conscrypt-openjdk-uber;2.5.2 in central
[2026-03-08T16:54:05.339+0000] {subprocess.py:93} INFO - 	found io.grpc#grpc-netty-shaded;1.62.2 in central
[2026-03-08T16:54:05.346+0000] {subprocess.py:93} INFO - 	found io.grpc#grpc-census;1.62.2 in central
[2026-03-08T16:54:05.356+0000] {subprocess.py:93} INFO - 	found com.google.cloud#google-cloud-storage;2.37.0 in central
[2026-03-08T16:54:05.376+0000] {subprocess.py:93} INFO - 	found com.google.errorprone#error_prone_annotations;2.26.1 in central
[2026-03-08T16:54:05.385+0000] {subprocess.py:93} INFO - 	found com.google.j2objc#j2objc-annotations;3.0.0 in central
[2026-03-08T16:54:05.392+0000] {subprocess.py:93} INFO - 	found com.google.http-client#google-http-client;1.44.1 in central
[2026-03-08T16:54:05.403+0000] {subprocess.py:93} INFO - 	found com.google.http-client#google-http-client-gson;1.44.1 in central
[2026-03-08T16:54:05.410+0000] {subprocess.py:93} INFO - 	found com.google.api-client#google-api-client;2.4.0 in central
[2026-03-08T16:54:05.418+0000] {subprocess.py:93} INFO - 	found commons-codec#commons-codec;1.16.1 in central
[2026-03-08T16:54:05.427+0000] {subprocess.py:93} INFO - 	found com.google.http-client#google-http-client-apache-v2;1.44.1 in central
[2026-03-08T16:54:05.442+0000] {subprocess.py:93} INFO - 	found com.google.cloud#google-cloud-core;2.5.4 in central
[2026-03-08T16:54:05.465+0000] {subprocess.py:93} INFO - 	found com.google.protobuf#protobuf-java-util;3.25.3 in central
[2026-03-08T16:54:05.490+0000] {subprocess.py:93} INFO - 	found com.google.api.grpc#proto-google-iam-v1;1.1.7 in central
[2026-03-08T16:54:05.508+0000] {subprocess.py:93} INFO - 	found com.google.cloud#google-cloud-core-http;2.37.0 in central
[2026-03-08T16:54:05.516+0000] {subprocess.py:93} INFO - 	found com.google.http-client#google-http-client-appengine;1.44.1 in central
[2026-03-08T16:54:05.528+0000] {subprocess.py:93} INFO - 	found com.google.api#gax-httpjson;2.47.0 in central
[2026-03-08T16:54:05.538+0000] {subprocess.py:93} INFO - 	found com.google.cloud#google-cloud-core-grpc;2.37.0 in central
[2026-03-08T16:54:05.544+0000] {subprocess.py:93} INFO - 	found com.google.api#gax;2.47.0 in central
[2026-03-08T16:54:05.551+0000] {subprocess.py:93} INFO - 	found io.opentelemetry#opentelemetry-api;1.37.0 in central
[2026-03-08T16:54:05.559+0000] {subprocess.py:93} INFO - 	found io.opentelemetry#opentelemetry-context;1.37.0 in central
[2026-03-08T16:54:05.567+0000] {subprocess.py:93} INFO - 	found com.google.api#gax-grpc;2.42.0 in central
[2026-03-08T16:54:05.585+0000] {subprocess.py:93} INFO - 	found io.grpc#grpc-inprocess;1.62.2 in central
[2026-03-08T16:54:05.593+0000] {subprocess.py:93} INFO - 	found com.google.api#api-common;2.30.0 in central
[2026-03-08T16:54:05.600+0000] {subprocess.py:93} INFO - 	found javax.annotation#javax.annotation-api;1.3.2 in central
[2026-03-08T16:54:05.609+0000] {subprocess.py:93} INFO - 	found com.google.api.grpc#proto-google-common-protos;2.38.0 in central
[2026-03-08T16:54:05.613+0000] {subprocess.py:93} INFO - 	found org.threeten#threetenbp;1.6.9 in central
[2026-03-08T16:54:05.626+0000] {subprocess.py:93} INFO - 	found com.google.api.grpc#proto-google-cloud-storage-v2;2.37.0-alpha in central
[2026-03-08T16:54:05.636+0000] {subprocess.py:93} INFO - 	found com.google.api.grpc#grpc-google-cloud-storage-v2;2.37.0-alpha in central
[2026-03-08T16:54:05.648+0000] {subprocess.py:93} INFO - 	found com.google.api.grpc#gapic-google-cloud-storage-v2;2.37.0-alpha in central
[2026-03-08T16:54:05.656+0000] {subprocess.py:93} INFO - 	found com.fasterxml.jackson.core#jackson-core;2.17.0 in central
[2026-03-08T16:54:05.666+0000] {subprocess.py:93} INFO - 	found com.google.cloud#google-cloud-storage-control;2.37.0-alpha in central
[2026-03-08T16:54:05.675+0000] {subprocess.py:93} INFO - 	found com.google.api.grpc#proto-google-cloud-storage-control-v2;2.37.0-alpha in central
[2026-03-08T16:54:05.689+0000] {subprocess.py:93} INFO - 	found io.grpc#grpc-xds;1.62.2 in central
[2026-03-08T16:54:05.696+0000] {subprocess.py:93} INFO - 	found io.opencensus#opencensus-proto;0.2.0 in central
[2026-03-08T16:54:05.703+0000] {subprocess.py:93} INFO - 	found io.grpc#grpc-util;1.62.2 in central
[2026-03-08T16:54:05.709+0000] {subprocess.py:93} INFO - 	found io.grpc#grpc-services;1.62.2 in central
[2026-03-08T16:54:05.720+0000] {subprocess.py:93} INFO - 	found com.google.re2j#re2j;1.7 in central
[2026-03-08T16:54:05.728+0000] {subprocess.py:93} INFO - 	found io.opencensus#opencensus-impl;0.31.0 in central
[2026-03-08T16:54:05.734+0000] {subprocess.py:93} INFO - 	found io.opencensus#opencensus-impl-core;0.31.0 in central
[2026-03-08T16:54:05.740+0000] {subprocess.py:93} INFO - 	found com.lmax#disruptor;3.4.2 in central
[2026-03-08T16:54:05.746+0000] {subprocess.py:93} INFO - 	found io.opencensus#opencensus-exporter-stats-stackdriver;0.31.0 in central
[2026-03-08T16:54:05.753+0000] {subprocess.py:93} INFO - 	found io.opencensus#opencensus-contrib-exemplar-util;0.31.0 in central
[2026-03-08T16:54:05.759+0000] {subprocess.py:93} INFO - 	found io.opencensus#opencensus-contrib-resource-util;0.31.0 in central
[2026-03-08T16:54:05.767+0000] {subprocess.py:93} INFO - 	found io.opencensus#opencensus-exporter-metrics-util;0.31.0 in central
[2026-03-08T16:54:05.777+0000] {subprocess.py:93} INFO - 	found com.google.cloud#google-cloud-monitoring;1.82.0 in central
[2026-03-08T16:54:05.785+0000] {subprocess.py:93} INFO - 	found com.google.api.grpc#proto-google-cloud-monitoring-v3;1.64.0 in central
[2026-03-08T16:54:05.794+0000] {subprocess.py:93} INFO - 	found io.opencensus#opencensus-contrib-grpc-metrics;0.31.0 in central
[2026-03-08T16:54:05.803+0000] {subprocess.py:93} INFO - 	found com.google.android#annotations;4.1.1.4 in central
[2026-03-08T16:54:05.810+0000] {subprocess.py:93} INFO - 	found org.codehaus.mojo#animal-sniffer-annotations;1.23 in central
[2026-03-08T16:54:05.822+0000] {subprocess.py:93} INFO - 	found io.perfmark#perfmark-api;0.26.0 in central
[2026-03-08T16:54:05.837+0000] {subprocess.py:93} INFO - 	found io.grpc#grpc-protobuf-lite;1.62.2 in central
[2026-03-08T16:54:05.894+0000] {subprocess.py:93} INFO - 	found io.perfmark#perfmark-api;0.27.0 in central
[2026-03-08T16:54:05.909+0000] {subprocess.py:93} INFO - 	found io.grpc#grpc-googleapis;1.62.2 in central
[2026-03-08T16:54:05.932+0000] {subprocess.py:93} INFO - 	found io.grpc#grpc-rls;1.62.2 in central
[2026-03-08T16:54:05.986+0000] {subprocess.py:93} INFO - :: resolution report :: resolve 1256ms :: artifacts dl 30ms
[2026-03-08T16:54:05.986+0000] {subprocess.py:93} INFO - 	:: modules in use:
[2026-03-08T16:54:05.986+0000] {subprocess.py:93} INFO - 	com.fasterxml.jackson.core#jackson-core;2.17.0 from central in [default]
[2026-03-08T16:54:05.987+0000] {subprocess.py:93} INFO - 	com.google.android#annotations;4.1.1.4 from central in [default]
[2026-03-08T16:54:05.987+0000] {subprocess.py:93} INFO - 	com.google.api#api-common;2.30.0 from central in [default]
[2026-03-08T16:54:05.987+0000] {subprocess.py:93} INFO - 	com.google.api#gax;2.47.0 from central in [default]
[2026-03-08T16:54:05.987+0000] {subprocess.py:93} INFO - 	com.google.api#gax-grpc;2.42.0 from central in [default]
[2026-03-08T16:54:05.987+0000] {subprocess.py:93} INFO - 	com.google.api#gax-httpjson;2.47.0 from central in [default]
[2026-03-08T16:54:05.987+0000] {subprocess.py:93} INFO - 	com.google.api-client#google-api-client;2.4.0 from central in [default]
[2026-03-08T16:54:05.987+0000] {subprocess.py:93} INFO - 	com.google.api-client#google-api-client-jackson2;2.0.1 from central in [default]
[2026-03-08T16:54:05.987+0000] {subprocess.py:93} INFO - 	com.google.api.grpc#gapic-google-cloud-storage-v2;2.37.0-alpha from central in [default]
[2026-03-08T16:54:05.988+0000] {subprocess.py:93} INFO - 	com.google.api.grpc#grpc-google-cloud-storage-v2;2.37.0-alpha from central in [default]
[2026-03-08T16:54:05.988+0000] {subprocess.py:93} INFO - 	com.google.api.grpc#proto-google-cloud-monitoring-v3;1.64.0 from central in [default]
[2026-03-08T16:54:05.988+0000] {subprocess.py:93} INFO - 	com.google.api.grpc#proto-google-cloud-storage-control-v2;2.37.0-alpha from central in [default]
[2026-03-08T16:54:05.988+0000] {subprocess.py:93} INFO - 	com.google.api.grpc#proto-google-cloud-storage-v2;2.37.0-alpha from central in [default]
[2026-03-08T16:54:05.988+0000] {subprocess.py:93} INFO - 	com.google.api.grpc#proto-google-common-protos;2.38.0 from central in [default]
[2026-03-08T16:54:05.988+0000] {subprocess.py:93} INFO - 	com.google.api.grpc#proto-google-iam-v1;1.1.7 from central in [default]
[2026-03-08T16:54:05.989+0000] {subprocess.py:93} INFO - 	com.google.apis#google-api-services-iamcredentials;v1-rev20211203-2.0.0 from central in [default]
[2026-03-08T16:54:05.989+0000] {subprocess.py:93} INFO - 	com.google.apis#google-api-services-storage;v1-rev20240105-2.0.0 from central in [default]
[2026-03-08T16:54:05.989+0000] {subprocess.py:93} INFO - 	com.google.auth#google-auth-library-credentials;1.22.0 from central in [default]
[2026-03-08T16:54:05.989+0000] {subprocess.py:93} INFO - 	com.google.auth#google-auth-library-oauth2-http;1.22.0 from central in [default]
[2026-03-08T16:54:05.989+0000] {subprocess.py:93} INFO - 	com.google.auto.value#auto-value-annotations;1.10.4 from central in [default]
[2026-03-08T16:54:05.989+0000] {subprocess.py:93} INFO - 	com.google.cloud#google-cloud-core;2.5.4 from central in [default]
[2026-03-08T16:54:05.989+0000] {subprocess.py:93} INFO - 	com.google.cloud#google-cloud-core-grpc;2.37.0 from central in [default]
[2026-03-08T16:54:05.990+0000] {subprocess.py:93} INFO - 	com.google.cloud#google-cloud-core-http;2.37.0 from central in [default]
[2026-03-08T16:54:05.990+0000] {subprocess.py:93} INFO - 	com.google.cloud#google-cloud-monitoring;1.82.0 from central in [default]
[2026-03-08T16:54:05.990+0000] {subprocess.py:93} INFO - 	com.google.cloud#google-cloud-storage;2.37.0 from central in [default]
[2026-03-08T16:54:05.990+0000] {subprocess.py:93} INFO - 	com.google.cloud#google-cloud-storage-control;2.37.0-alpha from central in [default]
[2026-03-08T16:54:05.990+0000] {subprocess.py:93} INFO - 	com.google.cloud.bigdataoss#gcs-connector;hadoop3-2.2.22 from central in [default]
[2026-03-08T16:54:05.991+0000] {subprocess.py:93} INFO - 	com.google.cloud.bigdataoss#gcsio;2.2.22 from central in [default]
[2026-03-08T16:54:05.991+0000] {subprocess.py:93} INFO - 	com.google.cloud.bigdataoss#util;2.2.22 from central in [default]
[2026-03-08T16:54:05.991+0000] {subprocess.py:93} INFO - 	com.google.cloud.bigdataoss#util-hadoop;hadoop3-2.2.22 from central in [default]
[2026-03-08T16:54:05.991+0000] {subprocess.py:93} INFO - 	com.google.code.findbugs#jsr305;3.0.2 from central in [default]
[2026-03-08T16:54:05.991+0000] {subprocess.py:93} INFO - 	com.google.code.gson#gson;2.8.9 from central in [default]
[2026-03-08T16:54:05.991+0000] {subprocess.py:93} INFO - 	com.google.errorprone#error_prone_annotations;2.26.1 from central in [default]
[2026-03-08T16:54:05.991+0000] {subprocess.py:93} INFO - 	com.google.flogger#flogger;0.7.1 from central in [default]
[2026-03-08T16:54:05.992+0000] {subprocess.py:93} INFO - 	com.google.flogger#flogger-system-backend;0.7.1 from central in [default]
[2026-03-08T16:54:05.992+0000] {subprocess.py:93} INFO - 	com.google.flogger#google-extensions;0.7.1 from central in [default]
[2026-03-08T16:54:05.992+0000] {subprocess.py:93} INFO - 	com.google.guava#failureaccess;1.0.2 from central in [default]
[2026-03-08T16:54:05.992+0000] {subprocess.py:93} INFO - 	com.google.guava#guava;33.1.0-jre from central in [default]
[2026-03-08T16:54:05.992+0000] {subprocess.py:93} INFO - 	com.google.guava#listenablefuture;9999.0-empty-to-avoid-conflict-with-guava from central in [default]
[2026-03-08T16:54:05.992+0000] {subprocess.py:93} INFO - 	com.google.http-client#google-http-client;1.44.1 from central in [default]
[2026-03-08T16:54:05.992+0000] {subprocess.py:93} INFO - 	com.google.http-client#google-http-client-apache-v2;1.44.1 from central in [default]
[2026-03-08T16:54:05.992+0000] {subprocess.py:93} INFO - 	com.google.http-client#google-http-client-appengine;1.44.1 from central in [default]
[2026-03-08T16:54:05.993+0000] {subprocess.py:93} INFO - 	com.google.http-client#google-http-client-gson;1.44.1 from central in [default]
[2026-03-08T16:54:05.993+0000] {subprocess.py:93} INFO - 	com.google.http-client#google-http-client-jackson2;1.42.3 from central in [default]
[2026-03-08T16:54:05.993+0000] {subprocess.py:93} INFO - 	com.google.j2objc#j2objc-annotations;3.0.0 from central in [default]
[2026-03-08T16:54:05.993+0000] {subprocess.py:93} INFO - 	com.google.oauth-client#google-oauth-client;1.34.1 from central in [default]
[2026-03-08T16:54:05.993+0000] {subprocess.py:93} INFO - 	com.google.protobuf#protobuf-java;3.25.3 from central in [default]
[2026-03-08T16:54:05.993+0000] {subprocess.py:93} INFO - 	com.google.protobuf#protobuf-java-util;3.25.3 from central in [default]
[2026-03-08T16:54:05.993+0000] {subprocess.py:93} INFO - 	com.google.re2j#re2j;1.7 from central in [default]
[2026-03-08T16:54:05.993+0000] {subprocess.py:93} INFO - 	com.lmax#disruptor;3.4.2 from central in [default]
[2026-03-08T16:54:05.993+0000] {subprocess.py:93} INFO - 	commons-codec#commons-codec;1.16.1 from central in [default]
[2026-03-08T16:54:05.993+0000] {subprocess.py:93} INFO - 	commons-logging#commons-logging;1.2 from central in [default]
[2026-03-08T16:54:05.994+0000] {subprocess.py:93} INFO - 	io.grpc#grpc-alts;1.62.2 from central in [default]
[2026-03-08T16:54:05.994+0000] {subprocess.py:93} INFO - 	io.grpc#grpc-api;1.62.2 from central in [default]
[2026-03-08T16:54:05.994+0000] {subprocess.py:93} INFO - 	io.grpc#grpc-auth;1.62.2 from central in [default]
[2026-03-08T16:54:05.994+0000] {subprocess.py:93} INFO - 	io.grpc#grpc-census;1.62.2 from central in [default]
[2026-03-08T16:54:05.994+0000] {subprocess.py:93} INFO - 	io.grpc#grpc-context;1.62.2 from central in [default]
[2026-03-08T16:54:05.994+0000] {subprocess.py:93} INFO - 	io.grpc#grpc-core;1.62.2 from central in [default]
[2026-03-08T16:54:05.994+0000] {subprocess.py:93} INFO - 	io.grpc#grpc-googleapis;1.62.2 from central in [default]
[2026-03-08T16:54:05.994+0000] {subprocess.py:93} INFO - 	io.grpc#grpc-grpclb;1.62.2 from central in [default]
[2026-03-08T16:54:05.994+0000] {subprocess.py:93} INFO - 	io.grpc#grpc-inprocess;1.62.2 from central in [default]
[2026-03-08T16:54:05.995+0000] {subprocess.py:93} INFO - 	io.grpc#grpc-netty-shaded;1.62.2 from central in [default]
[2026-03-08T16:54:05.995+0000] {subprocess.py:93} INFO - 	io.grpc#grpc-protobuf;1.62.2 from central in [default]
[2026-03-08T16:54:05.995+0000] {subprocess.py:93} INFO - 	io.grpc#grpc-protobuf-lite;1.62.2 from central in [default]
[2026-03-08T16:54:05.995+0000] {subprocess.py:93} INFO - 	io.grpc#grpc-rls;1.62.2 from central in [default]
[2026-03-08T16:54:05.995+0000] {subprocess.py:93} INFO - 	io.grpc#grpc-services;1.62.2 from central in [default]
[2026-03-08T16:54:05.995+0000] {subprocess.py:93} INFO - 	io.grpc#grpc-stub;1.62.2 from central in [default]
[2026-03-08T16:54:05.995+0000] {subprocess.py:93} INFO - 	io.grpc#grpc-util;1.62.2 from central in [default]
[2026-03-08T16:54:05.995+0000] {subprocess.py:93} INFO - 	io.grpc#grpc-xds;1.62.2 from central in [default]
[2026-03-08T16:54:05.995+0000] {subprocess.py:93} INFO - 	io.opencensus#opencensus-api;0.31.1 from central in [default]
[2026-03-08T16:54:05.995+0000] {subprocess.py:93} INFO - 	io.opencensus#opencensus-contrib-exemplar-util;0.31.0 from central in [default]
[2026-03-08T16:54:05.995+0000] {subprocess.py:93} INFO - 	io.opencensus#opencensus-contrib-grpc-metrics;0.31.0 from central in [default]
[2026-03-08T16:54:05.996+0000] {subprocess.py:93} INFO - 	io.opencensus#opencensus-contrib-http-util;0.31.1 from central in [default]
[2026-03-08T16:54:05.996+0000] {subprocess.py:93} INFO - 	io.opencensus#opencensus-contrib-resource-util;0.31.0 from central in [default]
[2026-03-08T16:54:05.996+0000] {subprocess.py:93} INFO - 	io.opencensus#opencensus-exporter-metrics-util;0.31.0 from central in [default]
[2026-03-08T16:54:05.996+0000] {subprocess.py:93} INFO - 	io.opencensus#opencensus-exporter-stats-stackdriver;0.31.0 from central in [default]
[2026-03-08T16:54:05.996+0000] {subprocess.py:93} INFO - 	io.opencensus#opencensus-impl;0.31.0 from central in [default]
[2026-03-08T16:54:05.996+0000] {subprocess.py:93} INFO - 	io.opencensus#opencensus-impl-core;0.31.0 from central in [default]
[2026-03-08T16:54:05.996+0000] {subprocess.py:93} INFO - 	io.opencensus#opencensus-proto;0.2.0 from central in [default]
[2026-03-08T16:54:05.996+0000] {subprocess.py:93} INFO - 	io.opentelemetry#opentelemetry-api;1.37.0 from central in [default]
[2026-03-08T16:54:05.996+0000] {subprocess.py:93} INFO - 	io.opentelemetry#opentelemetry-context;1.37.0 from central in [default]
[2026-03-08T16:54:05.996+0000] {subprocess.py:93} INFO - 	io.perfmark#perfmark-api;0.27.0 from central in [default]
[2026-03-08T16:54:05.997+0000] {subprocess.py:93} INFO - 	javax.annotation#javax.annotation-api;1.3.2 from central in [default]
[2026-03-08T16:54:05.997+0000] {subprocess.py:93} INFO - 	org.apache.httpcomponents#httpclient;4.5.13 from central in [default]
[2026-03-08T16:54:05.997+0000] {subprocess.py:93} INFO - 	org.apache.httpcomponents#httpcore;4.4.16 from central in [default]
[2026-03-08T16:54:05.997+0000] {subprocess.py:93} INFO - 	org.checkerframework#checker-compat-qual;2.5.3 from central in [default]
[2026-03-08T16:54:05.997+0000] {subprocess.py:93} INFO - 	org.checkerframework#checker-qual;3.42.0 from central in [default]
[2026-03-08T16:54:05.997+0000] {subprocess.py:93} INFO - 	org.codehaus.mojo#animal-sniffer-annotations;1.23 from central in [default]
[2026-03-08T16:54:05.997+0000] {subprocess.py:93} INFO - 	org.conscrypt#conscrypt-openjdk-uber;2.5.2 from central in [default]
[2026-03-08T16:54:05.997+0000] {subprocess.py:93} INFO - 	org.threeten#threetenbp;1.6.9 from central in [default]
[2026-03-08T16:54:05.997+0000] {subprocess.py:93} INFO - 	:: evicted modules:
[2026-03-08T16:54:05.997+0000] {subprocess.py:93} INFO - 	com.google.api-client#google-api-client;2.0.1 by [com.google.api-client#google-api-client;2.2.0] in [default]
[2026-03-08T16:54:05.998+0000] {subprocess.py:93} INFO - 	com.google.http-client#google-http-client;1.42.3 by [com.google.http-client#google-http-client;1.43.3] in [default]
[2026-03-08T16:54:05.998+0000] {subprocess.py:93} INFO - 	org.apache.httpcomponents#httpcore;4.4.15 by [org.apache.httpcomponents#httpcore;4.4.16] in [default]
[2026-03-08T16:54:05.998+0000] {subprocess.py:93} INFO - 	commons-codec#commons-codec;1.15 by [commons-codec#commons-codec;1.16.1] in [default]
[2026-03-08T16:54:05.998+0000] {subprocess.py:93} INFO - 	com.google.errorprone#error_prone_annotations;2.16 by [com.google.errorprone#error_prone_annotations;2.18.0] in [default]
[2026-03-08T16:54:05.998+0000] {subprocess.py:93} INFO - 	com.google.j2objc#j2objc-annotations;1.3 by [com.google.j2objc#j2objc-annotations;2.8] in [default]
[2026-03-08T16:54:05.998+0000] {subprocess.py:93} INFO - 	com.google.http-client#google-http-client-gson;1.42.3 by [com.google.http-client#google-http-client-gson;1.43.3] in [default]
[2026-03-08T16:54:05.998+0000] {subprocess.py:93} INFO - 	com.google.http-client#google-http-client-apache-v2;1.42.3 by [com.google.http-client#google-http-client-apache-v2;1.44.1] in [default]
[2026-03-08T16:54:05.998+0000] {subprocess.py:93} INFO - 	com.fasterxml.jackson.core#jackson-core;2.13.4 by [com.fasterxml.jackson.core#jackson-core;2.17.0] in [default]
[2026-03-08T16:54:05.998+0000] {subprocess.py:93} INFO - 	com.google.api-client#google-api-client;2.0.0 by [com.google.api-client#google-api-client;2.2.0] in [default]
[2026-03-08T16:54:05.998+0000] {subprocess.py:93} INFO - 	com.google.api-client#google-api-client;2.2.0 by [com.google.api-client#google-api-client;2.4.0] in [default]
[2026-03-08T16:54:05.999+0000] {subprocess.py:93} INFO - 	com.google.http-client#google-http-client;1.43.3 by [com.google.http-client#google-http-client;1.44.1] in [default]
[2026-03-08T16:54:05.999+0000] {subprocess.py:93} INFO - 	com.google.errorprone#error_prone_annotations;2.18.0 by [com.google.errorprone#error_prone_annotations;2.26.1] in [default]
[2026-03-08T16:54:05.999+0000] {subprocess.py:93} INFO - 	com.google.j2objc#j2objc-annotations;2.8 by [com.google.j2objc#j2objc-annotations;3.0.0] in [default]
[2026-03-08T16:54:05.999+0000] {subprocess.py:93} INFO - 	com.google.http-client#google-http-client-gson;1.43.3 by [com.google.http-client#google-http-client-gson;1.44.1] in [default]
[2026-03-08T16:54:05.999+0000] {subprocess.py:93} INFO - 	com.google.api.grpc#proto-google-common-protos;2.29.0 by [com.google.api.grpc#proto-google-common-protos;2.38.0] in [default]
[2026-03-08T16:54:05.999+0000] {subprocess.py:93} INFO - 	com.google.api#gax;2.12.2 by [com.google.api#gax;2.47.0] in [default]
[2026-03-08T16:54:05.999+0000] {subprocess.py:93} INFO - 	com.google.errorprone#error_prone_annotations;2.11.0 by [com.google.errorprone#error_prone_annotations;2.18.0] in [default]
[2026-03-08T16:54:05.999+0000] {subprocess.py:93} INFO - 	com.google.api.grpc#proto-google-common-protos;2.7.3 by [com.google.api.grpc#proto-google-common-protos;2.38.0] in [default]
[2026-03-08T16:54:05.999+0000] {subprocess.py:93} INFO - 	org.threeten#threetenbp;1.5.2 by [org.threeten#threetenbp;1.6.9] in [default]
[2026-03-08T16:54:05.999+0000] {subprocess.py:93} INFO - 	com.google.api#api-common;2.1.4 by [com.google.api#api-common;2.30.0] in [default]
[2026-03-08T16:54:06.000+0000] {subprocess.py:93} INFO - 	com.google.http-client#google-http-client;1.41.3 by [com.google.http-client#google-http-client;1.44.1] in [default]
[2026-03-08T16:54:06.000+0000] {subprocess.py:93} INFO - 	com.google.http-client#google-http-client-gson;1.41.3 by [com.google.http-client#google-http-client-gson;1.44.1] in [default]
[2026-03-08T16:54:06.000+0000] {subprocess.py:93} INFO - 	com.google.api#gax;2.42.0 by [com.google.api#gax;2.47.0] in [default]
[2026-03-08T16:54:06.000+0000] {subprocess.py:93} INFO - 	com.google.api#api-common;2.25.0 by [com.google.api#api-common;2.30.0] in [default]
[2026-03-08T16:54:06.000+0000] {subprocess.py:93} INFO - 	com.google.api.grpc#proto-google-common-protos;2.33.0 by [com.google.api.grpc#proto-google-common-protos;2.38.0] in [default]
[2026-03-08T16:54:06.000+0000] {subprocess.py:93} INFO - 	io.grpc#grpc-inprocess;1.61.0 by [io.grpc#grpc-inprocess;1.62.2] in [default]
[2026-03-08T16:54:06.000+0000] {subprocess.py:93} INFO - 	org.threeten#threetenbp;1.6.8 by [org.threeten#threetenbp;1.6.9] in [default]
[2026-03-08T16:54:06.000+0000] {subprocess.py:93} INFO - 	io.opencensus#opencensus-api;0.31.0 by [io.opencensus#opencensus-api;0.31.1] in [default]
[2026-03-08T16:54:06.000+0000] {subprocess.py:93} INFO - 	com.google.cloud#google-cloud-core-grpc;1.82.0 by [com.google.cloud#google-cloud-core-grpc;2.37.0] in [default]
[2026-03-08T16:54:06.000+0000] {subprocess.py:93} INFO - 	com.google.api#api-common;1.8.1 by [com.google.api#api-common;2.30.0] in [default]
[2026-03-08T16:54:06.000+0000] {subprocess.py:93} INFO - 	com.google.api.grpc#proto-google-common-protos;1.16.0 by [com.google.api.grpc#proto-google-common-protos;2.38.0] in [default]
[2026-03-08T16:54:06.001+0000] {subprocess.py:93} INFO - 	com.google.errorprone#error_prone_annotations;2.23.0 by [com.google.errorprone#error_prone_annotations;2.26.1] in [default]
[2026-03-08T16:54:06.001+0000] {subprocess.py:93} INFO - 	io.perfmark#perfmark-api;0.26.0 by [io.perfmark#perfmark-api;0.27.0] in [default]
[2026-03-08T16:54:06.001+0000] {subprocess.py:93} INFO - 	io.grpc#grpc-googleapis;1.61.0 by [io.grpc#grpc-googleapis;1.62.2] in [default]
[2026-03-08T16:54:06.001+0000] {subprocess.py:93} INFO - 	---------------------------------------------------------------------
[2026-03-08T16:54:06.001+0000] {subprocess.py:93} INFO - 	|                  |            modules            ||   artifacts   |
[2026-03-08T16:54:06.001+0000] {subprocess.py:93} INFO - 	|       conf       | number| search|dwnlded|evicted|| number|dwnlded|
[2026-03-08T16:54:06.001+0000] {subprocess.py:93} INFO - 	---------------------------------------------------------------------
[2026-03-08T16:54:06.001+0000] {subprocess.py:93} INFO - 	|      default     |  125  |   0   |   0   |   35  ||   90  |   0   |
[2026-03-08T16:54:06.001+0000] {subprocess.py:93} INFO - 	---------------------------------------------------------------------
[2026-03-08T16:54:06.008+0000] {subprocess.py:93} INFO - :: retrieving :: org.apache.spark#spark-submit-parent-cdd4988a-15c2-4fdc-9131-59706921c2ee
[2026-03-08T16:54:06.008+0000] {subprocess.py:93} INFO - 	confs: [default]
[2026-03-08T16:54:06.024+0000] {subprocess.py:93} INFO - 	0 artifacts copied, 90 already retrieved (0kB/17ms)
[2026-03-08T16:54:06.160+0000] {subprocess.py:93} INFO - 26/03/08 16:54:06 WARN NativeCodeLoader: Unable to load native-hadoop library for your platform... using builtin-java classes where applicable
[2026-03-08T16:54:06.361+0000] {subprocess.py:93} INFO - Setting default log level to "WARN".
[2026-03-08T16:54:06.362+0000] {subprocess.py:93} INFO - To adjust logging level use sc.setLogLevel(newLevel). For SparkR, use setLogLevel(newLevel).
[2026-03-08T16:54:21.549+0000] {subprocess.py:93} INFO - [Stage 0:>                                                          (0 + 1) / 1]                                                                                [Stage 33:>                                                         (0 + 1) / 1]
[2026-03-08T16:54:21.549+0000] {subprocess.py:93} INFO - Successfully read from GCS!
[2026-03-08T16:54:21.549+0000] {subprocess.py:93} INFO - Unique snapshots after dedup: 28
[2026-03-08T16:54:21.550+0000] {subprocess.py:93} INFO - 
[2026-03-08T16:54:21.550+0000] {subprocess.py:93} INFO - === Data Quality Report ===
[2026-03-08T16:54:21.550+0000] {subprocess.py:93} INFO - Total rows: 6023
[2026-03-08T16:54:21.550+0000] {subprocess.py:93} INFO - 
[2026-03-08T16:54:21.550+0000] {subprocess.py:93} INFO - Null counts per column:
[2026-03-08T16:54:21.550+0000] {subprocess.py:93} INFO - +-------------+------+--------+--------------+-------------+------------+---------+--------+---------+---------------+------+-------------+-----------------+---------+------------------+-----------+---------------+------------+
[2026-03-08T16:54:21.551+0000] {subprocess.py:93} INFO - |snapshot_time|icao24|callsign|origin_country|time_position|last_contact|longitude|latitude|on_ground|heading_degrees|squawk|altitude_feet|geo_altitude_feet|speed_kmh|vertical_rate_ftpm|ingested_at|flight_category|flight_phase|
[2026-03-08T16:54:21.551+0000] {subprocess.py:93} INFO - +-------------+------+--------+--------------+-------------+------------+---------+--------+---------+---------------+------+-------------+-----------------+---------+------------------+-----------+---------------+------------+
[2026-03-08T16:54:21.551+0000] {subprocess.py:93} INFO - |0            |0     |0       |0             |0            |0           |0        |0       |0        |0              |4330  |700          |956              |3        |750               |0          |0              |0           |
[2026-03-08T16:54:21.551+0000] {subprocess.py:93} INFO - +-------------+------+--------+--------------+-------------+------------+---------+--------+---------+---------------+------+-------------+-----------------+---------+------------------+-----------+---------------+------------+
[2026-03-08T16:54:21.551+0000] {subprocess.py:93} INFO - 
[2026-03-08T16:54:21.551+0000] {subprocess.py:93} INFO - Flight phase distribution:
[2026-03-08T16:54:21.552+0000] {subprocess.py:93} INFO - +--------------------+-----+
[2026-03-08T16:54:21.552+0000] {subprocess.py:93} INFO - |        flight_phase|count|
[2026-03-08T16:54:21.552+0000] {subprocess.py:93} INFO - +--------------------+-----+
[2026-03-08T16:54:21.552+0000] {subprocess.py:93} INFO - |            Cruising| 3458|
[2026-03-08T16:54:21.552+0000] {subprocess.py:93} INFO - |Climbing / Descen...| 1507|
[2026-03-08T16:54:21.552+0000] {subprocess.py:93} INFO - |           On Ground|  757|
[2026-03-08T16:54:21.553+0000] {subprocess.py:93} INFO - |   Takeoff / Landing|  301|
[2026-03-08T16:54:21.553+0000] {subprocess.py:93} INFO - +--------------------+-----+
[2026-03-08T16:54:21.553+0000] {subprocess.py:93} INFO - 
[2026-03-08T16:54:21.553+0000] {subprocess.py:93} INFO - Top 10 origin countries:
[2026-03-08T16:54:21.553+0000] {subprocess.py:93} INFO - +--------------------+-----+
[2026-03-08T16:54:21.553+0000] {subprocess.py:93} INFO - |      origin_country|count|
[2026-03-08T16:54:21.554+0000] {subprocess.py:93} INFO - +--------------------+-----+
[2026-03-08T16:54:21.554+0000] {subprocess.py:93} INFO - |               India| 3917|
[2026-03-08T16:54:21.554+0000] {subprocess.py:93} INFO - |            Thailand|  320|
[2026-03-08T16:54:21.554+0000] {subprocess.py:93} INFO - |               China|  275|
[2026-03-08T16:54:21.554+0000] {subprocess.py:93} INFO - |            Malaysia|  198|
[2026-03-08T16:54:21.554+0000] {subprocess.py:93} INFO - |           Singapore|  165|
[2026-03-08T16:54:21.555+0000] {subprocess.py:93} INFO - |              Turkey|  124|
[2026-03-08T16:54:21.555+0000] {subprocess.py:93} INFO - |       United States|  114|
[2026-03-08T16:54:21.555+0000] {subprocess.py:93} INFO - |          Bangladesh|  114|
[2026-03-08T16:54:21.555+0000] {subprocess.py:93} INFO - |United Arab Emirates|  103|
[2026-03-08T16:54:21.555+0000] {subprocess.py:93} INFO - |            Viet Nam|   86|
[2026-03-08T16:54:21.555+0000] {subprocess.py:93} INFO - +--------------------+-----+
[2026-03-08T16:54:21.555+0000] {subprocess.py:93} INFO - 
[2026-03-08T16:54:21.556+0000] {subprocess.py:93} INFO - 
[2026-03-08T16:54:21.556+0000] {subprocess.py:93} INFO - Writing transformed data to: gs://flight-pipeline-487919-flight-raw/processed/flights/2026-03-08/
[2026-03-08T16:54:21.556+0000] {subprocess.py:93} INFO - Successfully written to: gs://flight-pipeline-487919-flight-raw/processed/flights/2026-03-08/
[2026-03-08T16:54:21.556+0000] {subprocess.py:93} INFO - Total rows written: 6023
[2026-03-08T16:54:21.556+0000] {subprocess.py:93} INFO - 
[2026-03-08T16:54:21.556+0000] {subprocess.py:93} INFO - Pipeline complete!
[2026-03-08T16:54:21.980+0000] {subprocess.py:97} INFO - Command exited with return code 0
[2026-03-08T16:54:21.999+0000] {taskinstance.py:1138} INFO - Marking task as SUCCESS. dag_id=flight_pipeline, task_id=spark_transform, execution_date=20260308T165200, start_date=20260308T165403, end_date=20260308T165421
[2026-03-08T16:54:22.014+0000] {local_task_job_runner.py:234} INFO - Task exited with return code 0
[2026-03-08T16:54:22.031+0000] {taskinstance.py:3280} INFO - 1 downstream tasks scheduled from follow-on schedule check
