[2026-03-08T16:42:00.360+0000] {taskinstance.py:1956} INFO - Dependencies all met for dep_context=non-requeueable deps ti=<TaskInstance: flight_pipeline.fetch_flights scheduled__2026-03-08T16:40:00+00:00 [queued]>
[2026-03-08T16:42:00.365+0000] {taskinstance.py:1956} INFO - Dependencies all met for dep_context=requeueable deps ti=<TaskInstance: flight_pipeline.fetch_flights scheduled__2026-03-08T16:40:00+00:00 [queued]>
[2026-03-08T16:42:00.366+0000] {taskinstance.py:2170} INFO - Starting attempt 1 of 2
[2026-03-08T16:42:00.374+0000] {taskinstance.py:2191} INFO - Executing <Task(BashOperator): fetch_flights> on 2026-03-08 16:40:00+00:00
[2026-03-08T16:42:00.381+0000] {standard_task_runner.py:60} INFO - Started process 22054 to run task
[2026-03-08T16:42:00.383+0000] {standard_task_runner.py:87} INFO - Running: ['***', 'tasks', 'run', 'flight_pipeline', 'fetch_flights', 'scheduled__2026-03-08T16:40:00+00:00', '--job-id', '89', '--raw', '--subdir', 'DAGS_FOLDER/flight_pipeline.py', '--cfg-path', '/tmp/tmp51izh517']
[2026-03-08T16:42:00.385+0000] {standard_task_runner.py:88} INFO - Job 89: Subtask fetch_flights
[2026-03-08T16:42:00.418+0000] {task_command.py:423} INFO - Running <TaskInstance: flight_pipeline.fetch_flights scheduled__2026-03-08T16:40:00+00:00 [running]> on host 45fb248f2902
[2026-03-08T16:42:00.473+0000] {taskinstance.py:2480} INFO - Exporting env vars: AIRFLOW_CTX_DAG_OWNER='vivek' AIRFLOW_CTX_DAG_ID='flight_pipeline' AIRFLOW_CTX_TASK_ID='fetch_flights' AIRFLOW_CTX_EXECUTION_DATE='2026-03-08T16:40:00+00:00' AIRFLOW_CTX_TRY_NUMBER='1' AIRFLOW_CTX_DAG_RUN_ID='scheduled__2026-03-08T16:40:00+00:00'
[2026-03-08T16:42:00.473+0000] {subprocess.py:63} INFO - Tmp dir root location: /tmp
[2026-03-08T16:42:00.474+0000] {subprocess.py:75} INFO - Running command: ['/usr/bin/bash', '-c', 'cd /opt/***/ingestion && python fetch_flights.py']
[2026-03-08T16:42:00.488+0000] {subprocess.py:86} INFO - Output:
[2026-03-08T16:42:01.797+0000] {subprocess.py:93} INFO - Fetching flights from OpenSky...
[2026-03-08T16:42:01.797+0000] {subprocess.py:93} INFO - Fetched 212 flights
[2026-03-08T16:42:01.797+0000] {subprocess.py:93} INFO - Uploaded to gs://flight-pipeline-487919-flight-raw/raw/flights/2026-03-08/flights_16-42-01.json
[2026-03-08T16:42:01.797+0000] {subprocess.py:93} INFO - Done!
[2026-03-08T16:42:01.833+0000] {subprocess.py:97} INFO - Command exited with return code 0
[2026-03-08T16:42:01.864+0000] {taskinstance.py:1138} INFO - Marking task as SUCCESS. dag_id=flight_pipeline, task_id=fetch_flights, execution_date=20260308T164000, start_date=20260308T164200, end_date=20260308T164201
[2026-03-08T16:42:01.879+0000] {local_task_job_runner.py:234} INFO - Task exited with return code 0
[2026-03-08T16:42:01.896+0000] {taskinstance.py:3280} INFO - 0 downstream tasks scheduled from follow-on schedule check
