[2026-03-08T16:07:54.991+0000] {taskinstance.py:1956} INFO - Dependencies all met for dep_context=non-requeueable deps ti=<TaskInstance: flight_pipeline.load_to_bigquery scheduled__2026-03-08T16:00:58+00:00 [queued]>
[2026-03-08T16:07:55.006+0000] {taskinstance.py:1956} INFO - Dependencies all met for dep_context=requeueable deps ti=<TaskInstance: flight_pipeline.load_to_bigquery scheduled__2026-03-08T16:00:58+00:00 [queued]>
[2026-03-08T16:07:55.007+0000] {taskinstance.py:2170} INFO - Starting attempt 1 of 2
[2026-03-08T16:07:55.025+0000] {taskinstance.py:2191} INFO - Executing <Task(BashOperator): load_to_bigquery> on 2026-03-08 16:00:58+00:00
[2026-03-08T16:07:55.037+0000] {standard_task_runner.py:60} INFO - Started process 3647 to run task
[2026-03-08T16:07:55.041+0000] {standard_task_runner.py:87} INFO - Running: ['***', 'tasks', 'run', 'flight_pipeline', 'load_to_bigquery', 'scheduled__2026-03-08T16:00:58+00:00', '--job-id', '19', '--raw', '--subdir', 'DAGS_FOLDER/flight_pipeline.py', '--cfg-path', '/tmp/tmpep4zu521']
[2026-03-08T16:07:55.044+0000] {standard_task_runner.py:88} INFO - Job 19: Subtask load_to_bigquery
[2026-03-08T16:07:55.113+0000] {task_command.py:423} INFO - Running <TaskInstance: flight_pipeline.load_to_bigquery scheduled__2026-03-08T16:00:58+00:00 [running]> on host 45fb248f2902
[2026-03-08T16:07:55.229+0000] {taskinstance.py:2480} INFO - Exporting env vars: AIRFLOW_CTX_DAG_OWNER='vivek' AIRFLOW_CTX_DAG_ID='flight_pipeline' AIRFLOW_CTX_TASK_ID='load_to_bigquery' AIRFLOW_CTX_EXECUTION_DATE='2026-03-08T16:00:58+00:00' AIRFLOW_CTX_TRY_NUMBER='1' AIRFLOW_CTX_DAG_RUN_ID='scheduled__2026-03-08T16:00:58+00:00'
[2026-03-08T16:07:55.231+0000] {subprocess.py:63} INFO - Tmp dir root location: /tmp
[2026-03-08T16:07:55.232+0000] {subprocess.py:75} INFO - Running command: ['/usr/bin/bash', '-c', 'cd /opt/***/ingestion && python load_to_bigquery.py']
[2026-03-08T16:07:55.256+0000] {subprocess.py:86} INFO - Output:
[2026-03-08T16:08:06.564+0000] {subprocess.py:93} INFO - Loading Parquet into temp staging table: flight-pipeline-487919.flight_staging.raw_flights_staging
[2026-03-08T16:08:06.565+0000] {subprocess.py:93} INFO - Temp staging table loaded successfully
[2026-03-08T16:08:06.565+0000] {subprocess.py:93} INFO - Merging into flight-pipeline-487919.flight_staging.raw_flights with deduplication...
[2026-03-08T16:08:06.566+0000] {subprocess.py:93} INFO - Merge complete!
[2026-03-08T16:08:06.566+0000] {subprocess.py:93} INFO - Temp staging table dropped
[2026-03-08T16:08:06.566+0000] {subprocess.py:93} INFO - Total rows in flight-pipeline-487919.flight_staging.raw_flights: 1335
[2026-03-08T16:08:06.567+0000] {subprocess.py:93} INFO - Done!
[2026-03-08T16:08:06.768+0000] {subprocess.py:97} INFO - Command exited with return code 0
[2026-03-08T16:08:06.808+0000] {taskinstance.py:1138} INFO - Marking task as SUCCESS. dag_id=flight_pipeline, task_id=load_to_bigquery, execution_date=20260308T160058, start_date=20260308T160754, end_date=20260308T160806
[2026-03-08T16:08:06.877+0000] {local_task_job_runner.py:234} INFO - Task exited with return code 0
[2026-03-08T16:08:06.909+0000] {taskinstance.py:3280} INFO - 1 downstream tasks scheduled from follow-on schedule check
