[2026-03-08T17:34:31.802+0000] {taskinstance.py:1956} INFO - Dependencies all met for dep_context=non-requeueable deps ti=<TaskInstance: flight_pipeline.transform scheduled__2026-03-08T17:32:00+00:00 [queued]>
[2026-03-08T17:34:31.808+0000] {taskinstance.py:1956} INFO - Dependencies all met for dep_context=requeueable deps ti=<TaskInstance: flight_pipeline.transform scheduled__2026-03-08T17:32:00+00:00 [queued]>
[2026-03-08T17:34:31.808+0000] {taskinstance.py:2170} INFO - Starting attempt 1 of 2
[2026-03-08T17:34:31.816+0000] {taskinstance.py:2191} INFO - Executing <Task(BashOperator): transform> on 2026-03-08 17:32:00+00:00
[2026-03-08T17:34:31.823+0000] {standard_task_runner.py:60} INFO - Started process 51941 to run task
[2026-03-08T17:34:31.825+0000] {standard_task_runner.py:87} INFO - Running: ['***', 'tasks', 'run', 'flight_pipeline', 'transform', 'scheduled__2026-03-08T17:32:00+00:00', '--job-id', '192', '--raw', '--subdir', 'DAGS_FOLDER/flight_pipeline.py', '--cfg-path', '/tmp/tmpwleabr7u']
[2026-03-08T17:34:31.827+0000] {standard_task_runner.py:88} INFO - Job 192: Subtask transform
[2026-03-08T17:34:31.859+0000] {task_command.py:423} INFO - Running <TaskInstance: flight_pipeline.transform scheduled__2026-03-08T17:32:00+00:00 [running]> on host 45fb248f2902
[2026-03-08T17:34:31.915+0000] {taskinstance.py:2480} INFO - Exporting env vars: AIRFLOW_CTX_DAG_OWNER='vivek' AIRFLOW_CTX_DAG_ID='flight_pipeline' AIRFLOW_CTX_TASK_ID='transform' AIRFLOW_CTX_EXECUTION_DATE='2026-03-08T17:32:00+00:00' AIRFLOW_CTX_TRY_NUMBER='1' AIRFLOW_CTX_DAG_RUN_ID='scheduled__2026-03-08T17:32:00+00:00'
[2026-03-08T17:34:31.916+0000] {subprocess.py:63} INFO - Tmp dir root location: /tmp
[2026-03-08T17:34:31.916+0000] {subprocess.py:75} INFO - Running command: ['/usr/bin/bash', '-c', 'cd /opt/***/ingestion && python transform.py']
[2026-03-08T17:34:31.929+0000] {subprocess.py:86} INFO - Output:
[2026-03-08T17:34:39.776+0000] {subprocess.py:93} INFO - Running: fct_flights...
[2026-03-08T17:34:39.777+0000] {subprocess.py:93} INFO - Done: fct_flights
[2026-03-08T17:34:39.777+0000] {subprocess.py:93} INFO - Running: dim_countries...
[2026-03-08T17:34:39.777+0000] {subprocess.py:93} INFO - Done: dim_countries
[2026-03-08T17:34:39.777+0000] {subprocess.py:93} INFO - Running: dim_flight_phases...
[2026-03-08T17:34:39.777+0000] {subprocess.py:93} INFO - Done: dim_flight_phases
[2026-03-08T17:34:39.778+0000] {subprocess.py:93} INFO - Running: agg_flights_daily...
[2026-03-08T17:34:39.778+0000] {subprocess.py:93} INFO - Done: agg_flights_daily
[2026-03-08T17:34:39.778+0000] {subprocess.py:93} INFO - 
[2026-03-08T17:34:39.778+0000] {subprocess.py:93} INFO - All transformations complete!
[2026-03-08T17:34:39.882+0000] {subprocess.py:97} INFO - Command exited with return code 0
[2026-03-08T17:34:39.912+0000] {taskinstance.py:1138} INFO - Marking task as SUCCESS. dag_id=flight_pipeline, task_id=transform, execution_date=20260308T173200, start_date=20260308T173431, end_date=20260308T173439
[2026-03-08T17:34:39.953+0000] {local_task_job_runner.py:234} INFO - Task exited with return code 0
[2026-03-08T17:34:39.968+0000] {taskinstance.py:3280} INFO - 0 downstream tasks scheduled from follow-on schedule check
