[2026-03-08T15:51:38.203+0000] {taskinstance.py:1956} INFO - Dependencies all met for dep_context=non-requeueable deps ti=<TaskInstance: flight_pipeline.transform manual__2026-03-08T15:48:00.164452+00:00 [queued]>
[2026-03-08T15:51:38.216+0000] {taskinstance.py:1956} INFO - Dependencies all met for dep_context=requeueable deps ti=<TaskInstance: flight_pipeline.transform manual__2026-03-08T15:48:00.164452+00:00 [queued]>
[2026-03-08T15:51:38.216+0000] {taskinstance.py:2170} INFO - Starting attempt 1 of 2
[2026-03-08T15:51:38.235+0000] {taskinstance.py:2191} INFO - Executing <Task(BashOperator): transform> on 2026-03-08 15:48:00.164452+00:00
[2026-03-08T15:51:38.250+0000] {standard_task_runner.py:60} INFO - Started process 1497 to run task
[2026-03-08T15:51:38.255+0000] {standard_task_runner.py:87} INFO - Running: ['***', 'tasks', 'run', 'flight_pipeline', 'transform', 'manual__2026-03-08T15:48:00.164452+00:00', '--job-id', '12', '--raw', '--subdir', 'DAGS_FOLDER/flight_pipeline.py', '--cfg-path', '/tmp/tmpm7h8zqr5']
[2026-03-08T15:51:38.258+0000] {standard_task_runner.py:88} INFO - Job 12: Subtask transform
[2026-03-08T15:51:38.326+0000] {task_command.py:423} INFO - Running <TaskInstance: flight_pipeline.transform manual__2026-03-08T15:48:00.164452+00:00 [running]> on host 45fb248f2902
[2026-03-08T15:51:38.434+0000] {taskinstance.py:2480} INFO - Exporting env vars: AIRFLOW_CTX_DAG_OWNER='vivek' AIRFLOW_CTX_DAG_ID='flight_pipeline' AIRFLOW_CTX_TASK_ID='transform' AIRFLOW_CTX_EXECUTION_DATE='2026-03-08T15:48:00.164452+00:00' AIRFLOW_CTX_TRY_NUMBER='1' AIRFLOW_CTX_DAG_RUN_ID='manual__2026-03-08T15:48:00.164452+00:00'
[2026-03-08T15:51:38.435+0000] {subprocess.py:63} INFO - Tmp dir root location: /tmp
[2026-03-08T15:51:38.436+0000] {subprocess.py:75} INFO - Running command: ['/usr/bin/bash', '-c', 'cd /opt/***/ingestion && python transform.py']
[2026-03-08T15:51:38.464+0000] {subprocess.py:86} INFO - Output:
[2026-03-08T15:51:48.458+0000] {subprocess.py:93} INFO - Running: fct_flights...
[2026-03-08T15:51:48.459+0000] {subprocess.py:93} INFO - Done: fct_flights
[2026-03-08T15:51:48.459+0000] {subprocess.py:93} INFO - Running: dim_countries...
[2026-03-08T15:51:48.459+0000] {subprocess.py:93} INFO - Done: dim_countries
[2026-03-08T15:51:48.460+0000] {subprocess.py:93} INFO - Running: dim_flight_phases...
[2026-03-08T15:51:48.460+0000] {subprocess.py:93} INFO - Done: dim_flight_phases
[2026-03-08T15:51:48.460+0000] {subprocess.py:93} INFO - Running: agg_flights_daily...
[2026-03-08T15:51:48.460+0000] {subprocess.py:93} INFO - Done: agg_flights_daily
[2026-03-08T15:51:48.461+0000] {subprocess.py:93} INFO - 
[2026-03-08T15:51:48.461+0000] {subprocess.py:93} INFO - All transformations complete!
[2026-03-08T15:51:48.666+0000] {subprocess.py:97} INFO - Command exited with return code 0
[2026-03-08T15:51:48.714+0000] {taskinstance.py:1138} INFO - Marking task as SUCCESS. dag_id=flight_pipeline, task_id=transform, execution_date=20260308T154800, start_date=20260308T155138, end_date=20260308T155148
[2026-03-08T15:51:48.752+0000] {local_task_job_runner.py:234} INFO - Task exited with return code 0
[2026-03-08T15:51:48.775+0000] {taskinstance.py:3280} INFO - 0 downstream tasks scheduled from follow-on schedule check
