[2026-03-08T18:20:27.773+0000] {taskinstance.py:1956} INFO - Dependencies all met for dep_context=non-requeueable deps ti=<TaskInstance: flight_pipeline.load_to_bigquery scheduled__2026-03-08T18:18:00+00:00 [queued]>
[2026-03-08T18:20:27.779+0000] {taskinstance.py:1956} INFO - Dependencies all met for dep_context=requeueable deps ti=<TaskInstance: flight_pipeline.load_to_bigquery scheduled__2026-03-08T18:18:00+00:00 [queued]>
[2026-03-08T18:20:27.779+0000] {taskinstance.py:2170} INFO - Starting attempt 1 of 2
[2026-03-08T18:20:27.787+0000] {taskinstance.py:2191} INFO - Executing <Task(BashOperator): load_to_bigquery> on 2026-03-08 18:18:00+00:00
[2026-03-08T18:20:27.794+0000] {standard_task_runner.py:60} INFO - Started process 78031 to run task
[2026-03-08T18:20:27.796+0000] {standard_task_runner.py:87} INFO - Running: ['***', 'tasks', 'run', 'flight_pipeline', 'load_to_bigquery', 'scheduled__2026-03-08T18:18:00+00:00', '--job-id', '283', '--raw', '--subdir', 'DAGS_FOLDER/flight_pipeline.py', '--cfg-path', '/tmp/tmpxb3t0jdd']
[2026-03-08T18:20:27.798+0000] {standard_task_runner.py:88} INFO - Job 283: Subtask load_to_bigquery
[2026-03-08T18:20:27.830+0000] {task_command.py:423} INFO - Running <TaskInstance: flight_pipeline.load_to_bigquery scheduled__2026-03-08T18:18:00+00:00 [running]> on host 45fb248f2902
[2026-03-08T18:20:27.884+0000] {taskinstance.py:2480} INFO - Exporting env vars: AIRFLOW_CTX_DAG_OWNER='vivek' AIRFLOW_CTX_DAG_ID='flight_pipeline' AIRFLOW_CTX_TASK_ID='load_to_bigquery' AIRFLOW_CTX_EXECUTION_DATE='2026-03-08T18:18:00+00:00' AIRFLOW_CTX_TRY_NUMBER='1' AIRFLOW_CTX_DAG_RUN_ID='scheduled__2026-03-08T18:18:00+00:00'
[2026-03-08T18:20:27.885+0000] {subprocess.py:63} INFO - Tmp dir root location: /tmp
[2026-03-08T18:20:27.886+0000] {subprocess.py:75} INFO - Running command: ['/usr/bin/bash', '-c', 'cd /opt/***/ingestion && python load_to_bigquery.py']
[2026-03-08T18:20:27.899+0000] {subprocess.py:86} INFO - Output:
[2026-03-08T18:20:33.365+0000] {subprocess.py:93} INFO - Loading Parquet into temp staging table: flight-pipeline-487919.flight_staging.raw_flights_staging
[2026-03-08T18:20:33.366+0000] {subprocess.py:93} INFO - Temp staging table loaded successfully
[2026-03-08T18:20:33.366+0000] {subprocess.py:93} INFO - Merging into flight-pipeline-487919.flight_staging.raw_flights with deduplication...
[2026-03-08T18:20:33.367+0000] {subprocess.py:93} INFO - Merge complete!
[2026-03-08T18:20:33.367+0000] {subprocess.py:93} INFO - Temp staging table dropped
[2026-03-08T18:20:33.367+0000] {subprocess.py:93} INFO - Total rows in flight-pipeline-487919.flight_staging.raw_flights: 15372
[2026-03-08T18:20:33.367+0000] {subprocess.py:93} INFO - Done!
[2026-03-08T18:20:33.477+0000] {subprocess.py:97} INFO - Command exited with return code 0
[2026-03-08T18:20:33.496+0000] {taskinstance.py:1138} INFO - Marking task as SUCCESS. dag_id=flight_pipeline, task_id=load_to_bigquery, execution_date=20260308T181800, start_date=20260308T182027, end_date=20260308T182033
[2026-03-08T18:20:33.514+0000] {local_task_job_runner.py:234} INFO - Task exited with return code 0
[2026-03-08T18:20:33.528+0000] {taskinstance.py:3280} INFO - 1 downstream tasks scheduled from follow-on schedule check
