[2026-03-08T15:38:02.613+0000] {taskinstance.py:1956} INFO - Dependencies all met for dep_context=non-requeueable deps ti=<TaskInstance: flight_pipeline.spark_transform manual__2026-03-08T15:32:56.992135+00:00 [queued]>
[2026-03-08T15:38:02.624+0000] {taskinstance.py:1956} INFO - Dependencies all met for dep_context=requeueable deps ti=<TaskInstance: flight_pipeline.spark_transform manual__2026-03-08T15:32:56.992135+00:00 [queued]>
[2026-03-08T15:38:02.625+0000] {taskinstance.py:2170} INFO - Starting attempt 2 of 2
[2026-03-08T15:38:02.645+0000] {taskinstance.py:2191} INFO - Executing <Task(BashOperator): spark_transform> on 2026-03-08 15:32:56.992135+00:00
[2026-03-08T15:38:02.655+0000] {standard_task_runner.py:60} INFO - Started process 319 to run task
[2026-03-08T15:38:02.660+0000] {standard_task_runner.py:87} INFO - Running: ['***', 'tasks', 'run', 'flight_pipeline', 'spark_transform', 'manual__2026-03-08T15:32:56.992135+00:00', '--job-id', '6', '--raw', '--subdir', 'DAGS_FOLDER/flight_pipeline.py', '--cfg-path', '/tmp/tmp_8wg5jyl']
[2026-03-08T15:38:02.662+0000] {standard_task_runner.py:88} INFO - Job 6: Subtask spark_transform
[2026-03-08T15:38:02.731+0000] {task_command.py:423} INFO - Running <TaskInstance: flight_pipeline.spark_transform manual__2026-03-08T15:32:56.992135+00:00 [running]> on host fe5b55d1d096
[2026-03-08T15:38:02.839+0000] {taskinstance.py:2480} INFO - Exporting env vars: AIRFLOW_CTX_DAG_OWNER='vivek' AIRFLOW_CTX_DAG_ID='flight_pipeline' AIRFLOW_CTX_TASK_ID='spark_transform' AIRFLOW_CTX_EXECUTION_DATE='2026-03-08T15:32:56.992135+00:00' AIRFLOW_CTX_TRY_NUMBER='2' AIRFLOW_CTX_DAG_RUN_ID='manual__2026-03-08T15:32:56.992135+00:00'
[2026-03-08T15:38:02.841+0000] {subprocess.py:63} INFO - Tmp dir root location: /tmp
[2026-03-08T15:38:02.842+0000] {subprocess.py:75} INFO - Running command: ['/usr/bin/bash', '-c', 'cd /opt/***/ingestion && python spark-transform.py']
[2026-03-08T15:38:02.867+0000] {subprocess.py:86} INFO - Output:
[2026-03-08T15:38:02.910+0000] {subprocess.py:93} INFO - python: can't open file 'spark-transform.py': [Errno 2] No such file or directory
[2026-03-08T15:38:02.914+0000] {subprocess.py:97} INFO - Command exited with return code 2
[2026-03-08T15:38:02.932+0000] {taskinstance.py:2698} ERROR - Task failed with exception
Traceback (most recent call last):
  File "/home/airflow/.local/lib/python3.8/site-packages/airflow/models/taskinstance.py", line 433, in _execute_task
    result = execute_callable(context=context, **execute_callable_kwargs)
  File "/home/airflow/.local/lib/python3.8/site-packages/airflow/operators/bash.py", line 212, in execute
    raise AirflowException(
airflow.exceptions.AirflowException: Bash command failed. The command returned a non-zero exit code 2.
[2026-03-08T15:38:02.938+0000] {taskinstance.py:1138} INFO - Marking task as FAILED. dag_id=flight_pipeline, task_id=spark_transform, execution_date=20260308T153256, start_date=20260308T153802, end_date=20260308T153802
[2026-03-08T15:38:02.966+0000] {standard_task_runner.py:107} ERROR - Failed to execute job 6 for task spark_transform (Bash command failed. The command returned a non-zero exit code 2.; 319)
[2026-03-08T15:38:02.993+0000] {local_task_job_runner.py:234} INFO - Task exited with return code 1
[2026-03-08T15:38:03.028+0000] {taskinstance.py:3280} INFO - 0 downstream tasks scheduled from follow-on schedule check
