[2026-03-08T18:22:03.058+0000] {taskinstance.py:1956} INFO - Dependencies all met for dep_context=non-requeueable deps ti=<TaskInstance: flight_pipeline.spark_transform scheduled__2026-03-08T18:20:00+00:00 [queued]>
[2026-03-08T18:22:03.064+0000] {taskinstance.py:1956} INFO - Dependencies all met for dep_context=requeueable deps ti=<TaskInstance: flight_pipeline.spark_transform scheduled__2026-03-08T18:20:00+00:00 [queued]>
[2026-03-08T18:22:03.064+0000] {taskinstance.py:2170} INFO - Starting attempt 1 of 2
[2026-03-08T18:22:03.072+0000] {taskinstance.py:2191} INFO - Executing <Task(BashOperator): spark_transform> on 2026-03-08 18:20:00+00:00
[2026-03-08T18:22:03.078+0000] {standard_task_runner.py:60} INFO - Started process 78090 to run task
[2026-03-08T18:22:03.081+0000] {standard_task_runner.py:87} INFO - Running: ['***', 'tasks', 'run', 'flight_pipeline', 'spark_transform', 'scheduled__2026-03-08T18:20:00+00:00', '--job-id', '286', '--raw', '--subdir', 'DAGS_FOLDER/flight_pipeline.py', '--cfg-path', '/tmp/tmpinc36rvk']
[2026-03-08T18:22:03.082+0000] {standard_task_runner.py:88} INFO - Job 286: Subtask spark_transform
[2026-03-08T18:22:03.116+0000] {task_command.py:423} INFO - Running <TaskInstance: flight_pipeline.spark_transform scheduled__2026-03-08T18:20:00+00:00 [running]> on host 45fb248f2902
[2026-03-08T18:22:03.172+0000] {taskinstance.py:2480} INFO - Exporting env vars: AIRFLOW_CTX_DAG_OWNER='vivek' AIRFLOW_CTX_DAG_ID='flight_pipeline' AIRFLOW_CTX_TASK_ID='spark_transform' AIRFLOW_CTX_EXECUTION_DATE='2026-03-08T18:20:00+00:00' AIRFLOW_CTX_TRY_NUMBER='1' AIRFLOW_CTX_DAG_RUN_ID='scheduled__2026-03-08T18:20:00+00:00'
[2026-03-08T18:22:03.173+0000] {subprocess.py:63} INFO - Tmp dir root location: /tmp
[2026-03-08T18:22:03.173+0000] {subprocess.py:75} INFO - Running command: ['/usr/bin/bash', '-c', 'cd /opt/***/ingestion && python spark_transform.py']
[2026-03-08T18:22:03.187+0000] {subprocess.py:86} INFO - Output:
[2026-03-08T18:22:04.319+0000] {subprocess.py:93} INFO - :: loading settings :: url = jar:file:/home/***/.local/lib/python3.8/site-packages/pyspark/jars/ivy-2.5.1.jar!/org/apache/ivy/core/settings/ivysettings.xml
[2026-03-08T18:22:04.367+0000] {subprocess.py:93} INFO - Ivy Default Cache set to: /home/***/.ivy2/cache
[2026-03-08T18:22:04.367+0000] {subprocess.py:93} INFO - The jars for the packages stored in: /home/***/.ivy2/jars
[2026-03-08T18:22:04.370+0000] {subprocess.py:93} INFO - com.google.cloud.bigdataoss#gcs-connector added as a dependency
[2026-03-08T18:22:04.370+0000] {subprocess.py:93} INFO - :: resolving dependencies :: org.apache.spark#spark-submit-parent-7b737af7-8492-42f4-973b-cdcff4cea342;1.0
[2026-03-08T18:22:04.370+0000] {subprocess.py:93} INFO - 	confs: [default]
[2026-03-08T18:22:04.451+0000] {subprocess.py:93} INFO - 	found com.google.cloud.bigdataoss#gcs-connector;hadoop3-2.2.22 in central
[2026-03-08T18:22:04.479+0000] {subprocess.py:93} INFO - 	found com.google.api-client#google-api-client-jackson2;2.0.1 in central
[2026-03-08T18:22:04.497+0000] {subprocess.py:93} INFO - 	found com.google.api-client#google-api-client;2.0.1 in central
[2026-03-08T18:22:04.518+0000] {subprocess.py:93} INFO - 	found com.google.oauth-client#google-oauth-client;1.34.1 in central
[2026-03-08T18:22:04.536+0000] {subprocess.py:93} INFO - 	found com.google.http-client#google-http-client;1.42.3 in central
[2026-03-08T18:22:04.553+0000] {subprocess.py:93} INFO - 	found org.apache.httpcomponents#httpclient;4.5.13 in central
[2026-03-08T18:22:04.567+0000] {subprocess.py:93} INFO - 	found org.apache.httpcomponents#httpcore;4.4.15 in central
[2026-03-08T18:22:04.581+0000] {subprocess.py:93} INFO - 	found commons-logging#commons-logging;1.2 in central
[2026-03-08T18:22:04.595+0000] {subprocess.py:93} INFO - 	found commons-codec#commons-codec;1.15 in central
[2026-03-08T18:22:04.607+0000] {subprocess.py:93} INFO - 	found com.google.code.findbugs#jsr305;3.0.2 in central
[2026-03-08T18:22:04.618+0000] {subprocess.py:93} INFO - 	found com.google.errorprone#error_prone_annotations;2.16 in central
[2026-03-08T18:22:04.631+0000] {subprocess.py:93} INFO - 	found com.google.guava#guava;33.1.0-jre in central
[2026-03-08T18:22:04.643+0000] {subprocess.py:93} INFO - 	found com.google.guava#failureaccess;1.0.2 in central
[2026-03-08T18:22:04.654+0000] {subprocess.py:93} INFO - 	found com.google.guava#listenablefuture;9999.0-empty-to-avoid-conflict-with-guava in central
[2026-03-08T18:22:04.670+0000] {subprocess.py:93} INFO - 	found org.checkerframework#checker-qual;3.42.0 in central
[2026-03-08T18:22:04.678+0000] {subprocess.py:93} INFO - 	found com.google.j2objc#j2objc-annotations;1.3 in central
[2026-03-08T18:22:04.690+0000] {subprocess.py:93} INFO - 	found io.opencensus#opencensus-api;0.31.1 in central
[2026-03-08T18:22:04.698+0000] {subprocess.py:93} INFO - 	found io.grpc#grpc-context;1.62.2 in central
[2026-03-08T18:22:04.706+0000] {subprocess.py:93} INFO - 	found io.opencensus#opencensus-contrib-http-util;0.31.1 in central
[2026-03-08T18:22:04.715+0000] {subprocess.py:93} INFO - 	found com.google.http-client#google-http-client-gson;1.42.3 in central
[2026-03-08T18:22:04.722+0000] {subprocess.py:93} INFO - 	found com.google.code.gson#gson;2.8.9 in central
[2026-03-08T18:22:04.733+0000] {subprocess.py:93} INFO - 	found io.grpc#grpc-api;1.62.2 in central
[2026-03-08T18:22:04.742+0000] {subprocess.py:93} INFO - 	found com.google.http-client#google-http-client-apache-v2;1.42.3 in central
[2026-03-08T18:22:04.756+0000] {subprocess.py:93} INFO - 	found com.google.cloud.bigdataoss#util;2.2.22 in central
[2026-03-08T18:22:04.764+0000] {subprocess.py:93} INFO - 	found com.google.http-client#google-http-client-jackson2;1.42.3 in central
[2026-03-08T18:22:04.779+0000] {subprocess.py:93} INFO - 	found com.fasterxml.jackson.core#jackson-core;2.13.4 in central
[2026-03-08T18:22:04.787+0000] {subprocess.py:93} INFO - 	found com.google.apis#google-api-services-iamcredentials;v1-rev20211203-2.0.0 in central
[2026-03-08T18:22:04.796+0000] {subprocess.py:93} INFO - 	found com.google.apis#google-api-services-storage;v1-rev20240105-2.0.0 in central
[2026-03-08T18:22:04.804+0000] {subprocess.py:93} INFO - 	found com.google.api-client#google-api-client;2.2.0 in central
[2026-03-08T18:22:04.816+0000] {subprocess.py:93} INFO - 	found org.apache.httpcomponents#httpcore;4.4.16 in central
[2026-03-08T18:22:04.825+0000] {subprocess.py:93} INFO - 	found com.google.auto.value#auto-value-annotations;1.10.4 in central
[2026-03-08T18:22:04.832+0000] {subprocess.py:93} INFO - 	found com.google.auth#google-auth-library-oauth2-http;1.22.0 in central
[2026-03-08T18:22:04.840+0000] {subprocess.py:93} INFO - 	found com.google.auth#google-auth-library-credentials;1.22.0 in central
[2026-03-08T18:22:04.847+0000] {subprocess.py:93} INFO - 	found com.google.http-client#google-http-client;1.43.3 in central
[2026-03-08T18:22:04.857+0000] {subprocess.py:93} INFO - 	found com.google.errorprone#error_prone_annotations;2.18.0 in central
[2026-03-08T18:22:04.871+0000] {subprocess.py:93} INFO - 	found com.google.j2objc#j2objc-annotations;2.8 in central
[2026-03-08T18:22:04.881+0000] {subprocess.py:93} INFO - 	found com.google.http-client#google-http-client-gson;1.43.3 in central
[2026-03-08T18:22:04.889+0000] {subprocess.py:93} INFO - 	found com.google.flogger#google-extensions;0.7.1 in central
[2026-03-08T18:22:04.895+0000] {subprocess.py:93} INFO - 	found com.google.flogger#flogger;0.7.1 in central
[2026-03-08T18:22:04.901+0000] {subprocess.py:93} INFO - 	found org.checkerframework#checker-compat-qual;2.5.3 in central
[2026-03-08T18:22:04.907+0000] {subprocess.py:93} INFO - 	found com.google.flogger#flogger-system-backend;0.7.1 in central
[2026-03-08T18:22:04.916+0000] {subprocess.py:93} INFO - 	found com.google.cloud.bigdataoss#util-hadoop;hadoop3-2.2.22 in central
[2026-03-08T18:22:04.926+0000] {subprocess.py:93} INFO - 	found com.google.cloud.bigdataoss#gcsio;2.2.22 in central
[2026-03-08T18:22:04.936+0000] {subprocess.py:93} INFO - 	found io.grpc#grpc-alts;1.62.2 in central
[2026-03-08T18:22:04.947+0000] {subprocess.py:93} INFO - 	found io.grpc#grpc-auth;1.62.2 in central
[2026-03-08T18:22:04.955+0000] {subprocess.py:93} INFO - 	found io.grpc#grpc-core;1.62.2 in central
[2026-03-08T18:22:04.962+0000] {subprocess.py:93} INFO - 	found io.grpc#grpc-grpclb;1.62.2 in central
[2026-03-08T18:22:04.968+0000] {subprocess.py:93} INFO - 	found io.grpc#grpc-protobuf;1.62.2 in central
[2026-03-08T18:22:04.975+0000] {subprocess.py:93} INFO - 	found com.google.protobuf#protobuf-java;3.25.3 in central
[2026-03-08T18:22:04.982+0000] {subprocess.py:93} INFO - 	found com.google.api.grpc#proto-google-common-protos;2.29.0 in central
[2026-03-08T18:22:04.989+0000] {subprocess.py:93} INFO - 	found io.grpc#grpc-stub;1.62.2 in central
[2026-03-08T18:22:04.998+0000] {subprocess.py:93} INFO - 	found org.conscrypt#conscrypt-openjdk-uber;2.5.2 in central
[2026-03-08T18:22:05.006+0000] {subprocess.py:93} INFO - 	found io.grpc#grpc-netty-shaded;1.62.2 in central
[2026-03-08T18:22:05.013+0000] {subprocess.py:93} INFO - 	found io.grpc#grpc-census;1.62.2 in central
[2026-03-08T18:22:05.028+0000] {subprocess.py:93} INFO - 	found com.google.cloud#google-cloud-storage;2.37.0 in central
[2026-03-08T18:22:05.049+0000] {subprocess.py:93} INFO - 	found com.google.errorprone#error_prone_annotations;2.26.1 in central
[2026-03-08T18:22:05.058+0000] {subprocess.py:93} INFO - 	found com.google.j2objc#j2objc-annotations;3.0.0 in central
[2026-03-08T18:22:05.068+0000] {subprocess.py:93} INFO - 	found com.google.http-client#google-http-client;1.44.1 in central
[2026-03-08T18:22:05.080+0000] {subprocess.py:93} INFO - 	found com.google.http-client#google-http-client-gson;1.44.1 in central
[2026-03-08T18:22:05.087+0000] {subprocess.py:93} INFO - 	found com.google.api-client#google-api-client;2.4.0 in central
[2026-03-08T18:22:05.096+0000] {subprocess.py:93} INFO - 	found commons-codec#commons-codec;1.16.1 in central
[2026-03-08T18:22:05.106+0000] {subprocess.py:93} INFO - 	found com.google.http-client#google-http-client-apache-v2;1.44.1 in central
[2026-03-08T18:22:05.121+0000] {subprocess.py:93} INFO - 	found com.google.cloud#google-cloud-core;2.5.4 in central
[2026-03-08T18:22:05.135+0000] {subprocess.py:93} INFO - 	found com.google.protobuf#protobuf-java-util;3.25.3 in central
[2026-03-08T18:22:05.152+0000] {subprocess.py:93} INFO - 	found com.google.api.grpc#proto-google-iam-v1;1.1.7 in central
[2026-03-08T18:22:05.175+0000] {subprocess.py:93} INFO - 	found com.google.cloud#google-cloud-core-http;2.37.0 in central
[2026-03-08T18:22:05.183+0000] {subprocess.py:93} INFO - 	found com.google.http-client#google-http-client-appengine;1.44.1 in central
[2026-03-08T18:22:05.192+0000] {subprocess.py:93} INFO - 	found com.google.api#gax-httpjson;2.47.0 in central
[2026-03-08T18:22:05.202+0000] {subprocess.py:93} INFO - 	found com.google.cloud#google-cloud-core-grpc;2.37.0 in central
[2026-03-08T18:22:05.209+0000] {subprocess.py:93} INFO - 	found com.google.api#gax;2.47.0 in central
[2026-03-08T18:22:05.216+0000] {subprocess.py:93} INFO - 	found io.opentelemetry#opentelemetry-api;1.37.0 in central
[2026-03-08T18:22:05.223+0000] {subprocess.py:93} INFO - 	found io.opentelemetry#opentelemetry-context;1.37.0 in central
[2026-03-08T18:22:05.231+0000] {subprocess.py:93} INFO - 	found com.google.api#gax-grpc;2.42.0 in central
[2026-03-08T18:22:05.256+0000] {subprocess.py:93} INFO - 	found io.grpc#grpc-inprocess;1.62.2 in central
[2026-03-08T18:22:05.263+0000] {subprocess.py:93} INFO - 	found com.google.api#api-common;2.30.0 in central
[2026-03-08T18:22:05.270+0000] {subprocess.py:93} INFO - 	found javax.annotation#javax.annotation-api;1.3.2 in central
[2026-03-08T18:22:05.278+0000] {subprocess.py:93} INFO - 	found com.google.api.grpc#proto-google-common-protos;2.38.0 in central
[2026-03-08T18:22:05.283+0000] {subprocess.py:93} INFO - 	found org.threeten#threetenbp;1.6.9 in central
[2026-03-08T18:22:05.292+0000] {subprocess.py:93} INFO - 	found com.google.api.grpc#proto-google-cloud-storage-v2;2.37.0-alpha in central
[2026-03-08T18:22:05.302+0000] {subprocess.py:93} INFO - 	found com.google.api.grpc#grpc-google-cloud-storage-v2;2.37.0-alpha in central
[2026-03-08T18:22:05.314+0000] {subprocess.py:93} INFO - 	found com.google.api.grpc#gapic-google-cloud-storage-v2;2.37.0-alpha in central
[2026-03-08T18:22:05.322+0000] {subprocess.py:93} INFO - 	found com.fasterxml.jackson.core#jackson-core;2.17.0 in central
[2026-03-08T18:22:05.333+0000] {subprocess.py:93} INFO - 	found com.google.cloud#google-cloud-storage-control;2.37.0-alpha in central
[2026-03-08T18:22:05.348+0000] {subprocess.py:93} INFO - 	found com.google.api.grpc#proto-google-cloud-storage-control-v2;2.37.0-alpha in central
[2026-03-08T18:22:05.370+0000] {subprocess.py:93} INFO - 	found io.grpc#grpc-xds;1.62.2 in central
[2026-03-08T18:22:05.380+0000] {subprocess.py:93} INFO - 	found io.opencensus#opencensus-proto;0.2.0 in central
[2026-03-08T18:22:05.390+0000] {subprocess.py:93} INFO - 	found io.grpc#grpc-util;1.62.2 in central
[2026-03-08T18:22:05.399+0000] {subprocess.py:93} INFO - 	found io.grpc#grpc-services;1.62.2 in central
[2026-03-08T18:22:05.408+0000] {subprocess.py:93} INFO - 	found com.google.re2j#re2j;1.7 in central
[2026-03-08T18:22:05.421+0000] {subprocess.py:93} INFO - 	found io.opencensus#opencensus-impl;0.31.0 in central
[2026-03-08T18:22:05.427+0000] {subprocess.py:93} INFO - 	found io.opencensus#opencensus-impl-core;0.31.0 in central
[2026-03-08T18:22:05.434+0000] {subprocess.py:93} INFO - 	found com.lmax#disruptor;3.4.2 in central
[2026-03-08T18:22:05.440+0000] {subprocess.py:93} INFO - 	found io.opencensus#opencensus-exporter-stats-stackdriver;0.31.0 in central
[2026-03-08T18:22:05.446+0000] {subprocess.py:93} INFO - 	found io.opencensus#opencensus-contrib-exemplar-util;0.31.0 in central
[2026-03-08T18:22:05.453+0000] {subprocess.py:93} INFO - 	found io.opencensus#opencensus-contrib-resource-util;0.31.0 in central
[2026-03-08T18:22:05.461+0000] {subprocess.py:93} INFO - 	found io.opencensus#opencensus-exporter-metrics-util;0.31.0 in central
[2026-03-08T18:22:05.471+0000] {subprocess.py:93} INFO - 	found com.google.cloud#google-cloud-monitoring;1.82.0 in central
[2026-03-08T18:22:05.480+0000] {subprocess.py:93} INFO - 	found com.google.api.grpc#proto-google-cloud-monitoring-v3;1.64.0 in central
[2026-03-08T18:22:05.492+0000] {subprocess.py:93} INFO - 	found io.opencensus#opencensus-contrib-grpc-metrics;0.31.0 in central
[2026-03-08T18:22:05.503+0000] {subprocess.py:93} INFO - 	found com.google.android#annotations;4.1.1.4 in central
[2026-03-08T18:22:05.511+0000] {subprocess.py:93} INFO - 	found org.codehaus.mojo#animal-sniffer-annotations;1.23 in central
[2026-03-08T18:22:05.519+0000] {subprocess.py:93} INFO - 	found io.perfmark#perfmark-api;0.26.0 in central
[2026-03-08T18:22:05.529+0000] {subprocess.py:93} INFO - 	found io.grpc#grpc-protobuf-lite;1.62.2 in central
[2026-03-08T18:22:05.574+0000] {subprocess.py:93} INFO - 	found io.perfmark#perfmark-api;0.27.0 in central
[2026-03-08T18:22:05.585+0000] {subprocess.py:93} INFO - 	found io.grpc#grpc-googleapis;1.62.2 in central
[2026-03-08T18:22:05.607+0000] {subprocess.py:93} INFO - 	found io.grpc#grpc-rls;1.62.2 in central
[2026-03-08T18:22:05.664+0000] {subprocess.py:93} INFO - :: resolution report :: resolve 1258ms :: artifacts dl 35ms
[2026-03-08T18:22:05.664+0000] {subprocess.py:93} INFO - 	:: modules in use:
[2026-03-08T18:22:05.665+0000] {subprocess.py:93} INFO - 	com.fasterxml.jackson.core#jackson-core;2.17.0 from central in [default]
[2026-03-08T18:22:05.665+0000] {subprocess.py:93} INFO - 	com.google.android#annotations;4.1.1.4 from central in [default]
[2026-03-08T18:22:05.665+0000] {subprocess.py:93} INFO - 	com.google.api#api-common;2.30.0 from central in [default]
[2026-03-08T18:22:05.665+0000] {subprocess.py:93} INFO - 	com.google.api#gax;2.47.0 from central in [default]
[2026-03-08T18:22:05.665+0000] {subprocess.py:93} INFO - 	com.google.api#gax-grpc;2.42.0 from central in [default]
[2026-03-08T18:22:05.665+0000] {subprocess.py:93} INFO - 	com.google.api#gax-httpjson;2.47.0 from central in [default]
[2026-03-08T18:22:05.665+0000] {subprocess.py:93} INFO - 	com.google.api-client#google-api-client;2.4.0 from central in [default]
[2026-03-08T18:22:05.665+0000] {subprocess.py:93} INFO - 	com.google.api-client#google-api-client-jackson2;2.0.1 from central in [default]
[2026-03-08T18:22:05.666+0000] {subprocess.py:93} INFO - 	com.google.api.grpc#gapic-google-cloud-storage-v2;2.37.0-alpha from central in [default]
[2026-03-08T18:22:05.666+0000] {subprocess.py:93} INFO - 	com.google.api.grpc#grpc-google-cloud-storage-v2;2.37.0-alpha from central in [default]
[2026-03-08T18:22:05.666+0000] {subprocess.py:93} INFO - 	com.google.api.grpc#proto-google-cloud-monitoring-v3;1.64.0 from central in [default]
[2026-03-08T18:22:05.666+0000] {subprocess.py:93} INFO - 	com.google.api.grpc#proto-google-cloud-storage-control-v2;2.37.0-alpha from central in [default]
[2026-03-08T18:22:05.666+0000] {subprocess.py:93} INFO - 	com.google.api.grpc#proto-google-cloud-storage-v2;2.37.0-alpha from central in [default]
[2026-03-08T18:22:05.666+0000] {subprocess.py:93} INFO - 	com.google.api.grpc#proto-google-common-protos;2.38.0 from central in [default]
[2026-03-08T18:22:05.666+0000] {subprocess.py:93} INFO - 	com.google.api.grpc#proto-google-iam-v1;1.1.7 from central in [default]
[2026-03-08T18:22:05.666+0000] {subprocess.py:93} INFO - 	com.google.apis#google-api-services-iamcredentials;v1-rev20211203-2.0.0 from central in [default]
[2026-03-08T18:22:05.666+0000] {subprocess.py:93} INFO - 	com.google.apis#google-api-services-storage;v1-rev20240105-2.0.0 from central in [default]
[2026-03-08T18:22:05.666+0000] {subprocess.py:93} INFO - 	com.google.auth#google-auth-library-credentials;1.22.0 from central in [default]
[2026-03-08T18:22:05.667+0000] {subprocess.py:93} INFO - 	com.google.auth#google-auth-library-oauth2-http;1.22.0 from central in [default]
[2026-03-08T18:22:05.667+0000] {subprocess.py:93} INFO - 	com.google.auto.value#auto-value-annotations;1.10.4 from central in [default]
[2026-03-08T18:22:05.667+0000] {subprocess.py:93} INFO - 	com.google.cloud#google-cloud-core;2.5.4 from central in [default]
[2026-03-08T18:22:05.667+0000] {subprocess.py:93} INFO - 	com.google.cloud#google-cloud-core-grpc;2.37.0 from central in [default]
[2026-03-08T18:22:05.667+0000] {subprocess.py:93} INFO - 	com.google.cloud#google-cloud-core-http;2.37.0 from central in [default]
[2026-03-08T18:22:05.667+0000] {subprocess.py:93} INFO - 	com.google.cloud#google-cloud-monitoring;1.82.0 from central in [default]
[2026-03-08T18:22:05.667+0000] {subprocess.py:93} INFO - 	com.google.cloud#google-cloud-storage;2.37.0 from central in [default]
[2026-03-08T18:22:05.667+0000] {subprocess.py:93} INFO - 	com.google.cloud#google-cloud-storage-control;2.37.0-alpha from central in [default]
[2026-03-08T18:22:05.667+0000] {subprocess.py:93} INFO - 	com.google.cloud.bigdataoss#gcs-connector;hadoop3-2.2.22 from central in [default]
[2026-03-08T18:22:05.667+0000] {subprocess.py:93} INFO - 	com.google.cloud.bigdataoss#gcsio;2.2.22 from central in [default]
[2026-03-08T18:22:05.668+0000] {subprocess.py:93} INFO - 	com.google.cloud.bigdataoss#util;2.2.22 from central in [default]
[2026-03-08T18:22:05.668+0000] {subprocess.py:93} INFO - 	com.google.cloud.bigdataoss#util-hadoop;hadoop3-2.2.22 from central in [default]
[2026-03-08T18:22:05.668+0000] {subprocess.py:93} INFO - 	com.google.code.findbugs#jsr305;3.0.2 from central in [default]
[2026-03-08T18:22:05.668+0000] {subprocess.py:93} INFO - 	com.google.code.gson#gson;2.8.9 from central in [default]
[2026-03-08T18:22:05.668+0000] {subprocess.py:93} INFO - 	com.google.errorprone#error_prone_annotations;2.26.1 from central in [default]
[2026-03-08T18:22:05.668+0000] {subprocess.py:93} INFO - 	com.google.flogger#flogger;0.7.1 from central in [default]
[2026-03-08T18:22:05.668+0000] {subprocess.py:93} INFO - 	com.google.flogger#flogger-system-backend;0.7.1 from central in [default]
[2026-03-08T18:22:05.668+0000] {subprocess.py:93} INFO - 	com.google.flogger#google-extensions;0.7.1 from central in [default]
[2026-03-08T18:22:05.668+0000] {subprocess.py:93} INFO - 	com.google.guava#failureaccess;1.0.2 from central in [default]
[2026-03-08T18:22:05.668+0000] {subprocess.py:93} INFO - 	com.google.guava#guava;33.1.0-jre from central in [default]
[2026-03-08T18:22:05.669+0000] {subprocess.py:93} INFO - 	com.google.guava#listenablefuture;9999.0-empty-to-avoid-conflict-with-guava from central in [default]
[2026-03-08T18:22:05.669+0000] {subprocess.py:93} INFO - 	com.google.http-client#google-http-client;1.44.1 from central in [default]
[2026-03-08T18:22:05.669+0000] {subprocess.py:93} INFO - 	com.google.http-client#google-http-client-apache-v2;1.44.1 from central in [default]
[2026-03-08T18:22:05.669+0000] {subprocess.py:93} INFO - 	com.google.http-client#google-http-client-appengine;1.44.1 from central in [default]
[2026-03-08T18:22:05.669+0000] {subprocess.py:93} INFO - 	com.google.http-client#google-http-client-gson;1.44.1 from central in [default]
[2026-03-08T18:22:05.669+0000] {subprocess.py:93} INFO - 	com.google.http-client#google-http-client-jackson2;1.42.3 from central in [default]
[2026-03-08T18:22:05.669+0000] {subprocess.py:93} INFO - 	com.google.j2objc#j2objc-annotations;3.0.0 from central in [default]
[2026-03-08T18:22:05.669+0000] {subprocess.py:93} INFO - 	com.google.oauth-client#google-oauth-client;1.34.1 from central in [default]
[2026-03-08T18:22:05.669+0000] {subprocess.py:93} INFO - 	com.google.protobuf#protobuf-java;3.25.3 from central in [default]
[2026-03-08T18:22:05.669+0000] {subprocess.py:93} INFO - 	com.google.protobuf#protobuf-java-util;3.25.3 from central in [default]
[2026-03-08T18:22:05.670+0000] {subprocess.py:93} INFO - 	com.google.re2j#re2j;1.7 from central in [default]
[2026-03-08T18:22:05.670+0000] {subprocess.py:93} INFO - 	com.lmax#disruptor;3.4.2 from central in [default]
[2026-03-08T18:22:05.670+0000] {subprocess.py:93} INFO - 	commons-codec#commons-codec;1.16.1 from central in [default]
[2026-03-08T18:22:05.670+0000] {subprocess.py:93} INFO - 	commons-logging#commons-logging;1.2 from central in [default]
[2026-03-08T18:22:05.670+0000] {subprocess.py:93} INFO - 	io.grpc#grpc-alts;1.62.2 from central in [default]
[2026-03-08T18:22:05.670+0000] {subprocess.py:93} INFO - 	io.grpc#grpc-api;1.62.2 from central in [default]
[2026-03-08T18:22:05.670+0000] {subprocess.py:93} INFO - 	io.grpc#grpc-auth;1.62.2 from central in [default]
[2026-03-08T18:22:05.670+0000] {subprocess.py:93} INFO - 	io.grpc#grpc-census;1.62.2 from central in [default]
[2026-03-08T18:22:05.670+0000] {subprocess.py:93} INFO - 	io.grpc#grpc-context;1.62.2 from central in [default]
[2026-03-08T18:22:05.670+0000] {subprocess.py:93} INFO - 	io.grpc#grpc-core;1.62.2 from central in [default]
[2026-03-08T18:22:05.671+0000] {subprocess.py:93} INFO - 	io.grpc#grpc-googleapis;1.62.2 from central in [default]
[2026-03-08T18:22:05.671+0000] {subprocess.py:93} INFO - 	io.grpc#grpc-grpclb;1.62.2 from central in [default]
[2026-03-08T18:22:05.671+0000] {subprocess.py:93} INFO - 	io.grpc#grpc-inprocess;1.62.2 from central in [default]
[2026-03-08T18:22:05.671+0000] {subprocess.py:93} INFO - 	io.grpc#grpc-netty-shaded;1.62.2 from central in [default]
[2026-03-08T18:22:05.671+0000] {subprocess.py:93} INFO - 	io.grpc#grpc-protobuf;1.62.2 from central in [default]
[2026-03-08T18:22:05.671+0000] {subprocess.py:93} INFO - 	io.grpc#grpc-protobuf-lite;1.62.2 from central in [default]
[2026-03-08T18:22:05.671+0000] {subprocess.py:93} INFO - 	io.grpc#grpc-rls;1.62.2 from central in [default]
[2026-03-08T18:22:05.671+0000] {subprocess.py:93} INFO - 	io.grpc#grpc-services;1.62.2 from central in [default]
[2026-03-08T18:22:05.671+0000] {subprocess.py:93} INFO - 	io.grpc#grpc-stub;1.62.2 from central in [default]
[2026-03-08T18:22:05.672+0000] {subprocess.py:93} INFO - 	io.grpc#grpc-util;1.62.2 from central in [default]
[2026-03-08T18:22:05.672+0000] {subprocess.py:93} INFO - 	io.grpc#grpc-xds;1.62.2 from central in [default]
[2026-03-08T18:22:05.672+0000] {subprocess.py:93} INFO - 	io.opencensus#opencensus-api;0.31.1 from central in [default]
[2026-03-08T18:22:05.672+0000] {subprocess.py:93} INFO - 	io.opencensus#opencensus-contrib-exemplar-util;0.31.0 from central in [default]
[2026-03-08T18:22:05.672+0000] {subprocess.py:93} INFO - 	io.opencensus#opencensus-contrib-grpc-metrics;0.31.0 from central in [default]
[2026-03-08T18:22:05.672+0000] {subprocess.py:93} INFO - 	io.opencensus#opencensus-contrib-http-util;0.31.1 from central in [default]
[2026-03-08T18:22:05.672+0000] {subprocess.py:93} INFO - 	io.opencensus#opencensus-contrib-resource-util;0.31.0 from central in [default]
[2026-03-08T18:22:05.672+0000] {subprocess.py:93} INFO - 	io.opencensus#opencensus-exporter-metrics-util;0.31.0 from central in [default]
[2026-03-08T18:22:05.672+0000] {subprocess.py:93} INFO - 	io.opencensus#opencensus-exporter-stats-stackdriver;0.31.0 from central in [default]
[2026-03-08T18:22:05.672+0000] {subprocess.py:93} INFO - 	io.opencensus#opencensus-impl;0.31.0 from central in [default]
[2026-03-08T18:22:05.673+0000] {subprocess.py:93} INFO - 	io.opencensus#opencensus-impl-core;0.31.0 from central in [default]
[2026-03-08T18:22:05.673+0000] {subprocess.py:93} INFO - 	io.opencensus#opencensus-proto;0.2.0 from central in [default]
[2026-03-08T18:22:05.673+0000] {subprocess.py:93} INFO - 	io.opentelemetry#opentelemetry-api;1.37.0 from central in [default]
[2026-03-08T18:22:05.673+0000] {subprocess.py:93} INFO - 	io.opentelemetry#opentelemetry-context;1.37.0 from central in [default]
[2026-03-08T18:22:05.673+0000] {subprocess.py:93} INFO - 	io.perfmark#perfmark-api;0.27.0 from central in [default]
[2026-03-08T18:22:05.673+0000] {subprocess.py:93} INFO - 	javax.annotation#javax.annotation-api;1.3.2 from central in [default]
[2026-03-08T18:22:05.673+0000] {subprocess.py:93} INFO - 	org.apache.httpcomponents#httpclient;4.5.13 from central in [default]
[2026-03-08T18:22:05.673+0000] {subprocess.py:93} INFO - 	org.apache.httpcomponents#httpcore;4.4.16 from central in [default]
[2026-03-08T18:22:05.673+0000] {subprocess.py:93} INFO - 	org.checkerframework#checker-compat-qual;2.5.3 from central in [default]
[2026-03-08T18:22:05.673+0000] {subprocess.py:93} INFO - 	org.checkerframework#checker-qual;3.42.0 from central in [default]
[2026-03-08T18:22:05.674+0000] {subprocess.py:93} INFO - 	org.codehaus.mojo#animal-sniffer-annotations;1.23 from central in [default]
[2026-03-08T18:22:05.674+0000] {subprocess.py:93} INFO - 	org.conscrypt#conscrypt-openjdk-uber;2.5.2 from central in [default]
[2026-03-08T18:22:05.674+0000] {subprocess.py:93} INFO - 	org.threeten#threetenbp;1.6.9 from central in [default]
[2026-03-08T18:22:05.674+0000] {subprocess.py:93} INFO - 	:: evicted modules:
[2026-03-08T18:22:05.674+0000] {subprocess.py:93} INFO - 	com.google.api-client#google-api-client;2.0.1 by [com.google.api-client#google-api-client;2.2.0] in [default]
[2026-03-08T18:22:05.674+0000] {subprocess.py:93} INFO - 	com.google.http-client#google-http-client;1.42.3 by [com.google.http-client#google-http-client;1.43.3] in [default]
[2026-03-08T18:22:05.677+0000] {subprocess.py:93} INFO - 	org.apache.httpcomponents#httpcore;4.4.15 by [org.apache.httpcomponents#httpcore;4.4.16] in [default]
[2026-03-08T18:22:05.677+0000] {subprocess.py:93} INFO - 	commons-codec#commons-codec;1.15 by [commons-codec#commons-codec;1.16.1] in [default]
[2026-03-08T18:22:05.677+0000] {subprocess.py:93} INFO - 	com.google.errorprone#error_prone_annotations;2.16 by [com.google.errorprone#error_prone_annotations;2.18.0] in [default]
[2026-03-08T18:22:05.677+0000] {subprocess.py:93} INFO - 	com.google.j2objc#j2objc-annotations;1.3 by [com.google.j2objc#j2objc-annotations;2.8] in [default]
[2026-03-08T18:22:05.677+0000] {subprocess.py:93} INFO - 	com.google.http-client#google-http-client-gson;1.42.3 by [com.google.http-client#google-http-client-gson;1.43.3] in [default]
[2026-03-08T18:22:05.677+0000] {subprocess.py:93} INFO - 	com.google.http-client#google-http-client-apache-v2;1.42.3 by [com.google.http-client#google-http-client-apache-v2;1.44.1] in [default]
[2026-03-08T18:22:05.677+0000] {subprocess.py:93} INFO - 	com.fasterxml.jackson.core#jackson-core;2.13.4 by [com.fasterxml.jackson.core#jackson-core;2.17.0] in [default]
[2026-03-08T18:22:05.678+0000] {subprocess.py:93} INFO - 	com.google.api-client#google-api-client;2.0.0 by [com.google.api-client#google-api-client;2.2.0] in [default]
[2026-03-08T18:22:05.678+0000] {subprocess.py:93} INFO - 	com.google.api-client#google-api-client;2.2.0 by [com.google.api-client#google-api-client;2.4.0] in [default]
[2026-03-08T18:22:05.678+0000] {subprocess.py:93} INFO - 	com.google.http-client#google-http-client;1.43.3 by [com.google.http-client#google-http-client;1.44.1] in [default]
[2026-03-08T18:22:05.678+0000] {subprocess.py:93} INFO - 	com.google.errorprone#error_prone_annotations;2.18.0 by [com.google.errorprone#error_prone_annotations;2.26.1] in [default]
[2026-03-08T18:22:05.678+0000] {subprocess.py:93} INFO - 	com.google.j2objc#j2objc-annotations;2.8 by [com.google.j2objc#j2objc-annotations;3.0.0] in [default]
[2026-03-08T18:22:05.678+0000] {subprocess.py:93} INFO - 	com.google.http-client#google-http-client-gson;1.43.3 by [com.google.http-client#google-http-client-gson;1.44.1] in [default]
[2026-03-08T18:22:05.678+0000] {subprocess.py:93} INFO - 	com.google.api.grpc#proto-google-common-protos;2.29.0 by [com.google.api.grpc#proto-google-common-protos;2.38.0] in [default]
[2026-03-08T18:22:05.678+0000] {subprocess.py:93} INFO - 	com.google.api#gax;2.12.2 by [com.google.api#gax;2.47.0] in [default]
[2026-03-08T18:22:05.678+0000] {subprocess.py:93} INFO - 	com.google.errorprone#error_prone_annotations;2.11.0 by [com.google.errorprone#error_prone_annotations;2.18.0] in [default]
[2026-03-08T18:22:05.678+0000] {subprocess.py:93} INFO - 	com.google.api.grpc#proto-google-common-protos;2.7.3 by [com.google.api.grpc#proto-google-common-protos;2.38.0] in [default]
[2026-03-08T18:22:05.679+0000] {subprocess.py:93} INFO - 	org.threeten#threetenbp;1.5.2 by [org.threeten#threetenbp;1.6.9] in [default]
[2026-03-08T18:22:05.679+0000] {subprocess.py:93} INFO - 	com.google.api#api-common;2.1.4 by [com.google.api#api-common;2.30.0] in [default]
[2026-03-08T18:22:05.679+0000] {subprocess.py:93} INFO - 	com.google.http-client#google-http-client;1.41.3 by [com.google.http-client#google-http-client;1.44.1] in [default]
[2026-03-08T18:22:05.679+0000] {subprocess.py:93} INFO - 	com.google.http-client#google-http-client-gson;1.41.3 by [com.google.http-client#google-http-client-gson;1.44.1] in [default]
[2026-03-08T18:22:05.679+0000] {subprocess.py:93} INFO - 	com.google.api#gax;2.42.0 by [com.google.api#gax;2.47.0] in [default]
[2026-03-08T18:22:05.679+0000] {subprocess.py:93} INFO - 	com.google.api#api-common;2.25.0 by [com.google.api#api-common;2.30.0] in [default]
[2026-03-08T18:22:05.679+0000] {subprocess.py:93} INFO - 	com.google.api.grpc#proto-google-common-protos;2.33.0 by [com.google.api.grpc#proto-google-common-protos;2.38.0] in [default]
[2026-03-08T18:22:05.679+0000] {subprocess.py:93} INFO - 	io.grpc#grpc-inprocess;1.61.0 by [io.grpc#grpc-inprocess;1.62.2] in [default]
[2026-03-08T18:22:05.680+0000] {subprocess.py:93} INFO - 	org.threeten#threetenbp;1.6.8 by [org.threeten#threetenbp;1.6.9] in [default]
[2026-03-08T18:22:05.680+0000] {subprocess.py:93} INFO - 	io.opencensus#opencensus-api;0.31.0 by [io.opencensus#opencensus-api;0.31.1] in [default]
[2026-03-08T18:22:05.680+0000] {subprocess.py:93} INFO - 	com.google.cloud#google-cloud-core-grpc;1.82.0 by [com.google.cloud#google-cloud-core-grpc;2.37.0] in [default]
[2026-03-08T18:22:05.680+0000] {subprocess.py:93} INFO - 	com.google.api#api-common;1.8.1 by [com.google.api#api-common;2.30.0] in [default]
[2026-03-08T18:22:05.680+0000] {subprocess.py:93} INFO - 	com.google.api.grpc#proto-google-common-protos;1.16.0 by [com.google.api.grpc#proto-google-common-protos;2.38.0] in [default]
[2026-03-08T18:22:05.680+0000] {subprocess.py:93} INFO - 	com.google.errorprone#error_prone_annotations;2.23.0 by [com.google.errorprone#error_prone_annotations;2.26.1] in [default]
[2026-03-08T18:22:05.680+0000] {subprocess.py:93} INFO - 	io.perfmark#perfmark-api;0.26.0 by [io.perfmark#perfmark-api;0.27.0] in [default]
[2026-03-08T18:22:05.680+0000] {subprocess.py:93} INFO - 	io.grpc#grpc-googleapis;1.61.0 by [io.grpc#grpc-googleapis;1.62.2] in [default]
[2026-03-08T18:22:05.680+0000] {subprocess.py:93} INFO - 	---------------------------------------------------------------------
[2026-03-08T18:22:05.680+0000] {subprocess.py:93} INFO - 	|                  |            modules            ||   artifacts   |
[2026-03-08T18:22:05.681+0000] {subprocess.py:93} INFO - 	|       conf       | number| search|dwnlded|evicted|| number|dwnlded|
[2026-03-08T18:22:05.681+0000] {subprocess.py:93} INFO - 	---------------------------------------------------------------------
[2026-03-08T18:22:05.681+0000] {subprocess.py:93} INFO - 	|      default     |  125  |   0   |   0   |   35  ||   90  |   0   |
[2026-03-08T18:22:05.681+0000] {subprocess.py:93} INFO - 	---------------------------------------------------------------------
[2026-03-08T18:22:05.684+0000] {subprocess.py:93} INFO - :: retrieving :: org.apache.spark#spark-submit-parent-7b737af7-8492-42f4-973b-cdcff4cea342
[2026-03-08T18:22:05.685+0000] {subprocess.py:93} INFO - 	confs: [default]
[2026-03-08T18:22:05.700+0000] {subprocess.py:93} INFO - 	0 artifacts copied, 90 already retrieved (0kB/15ms)
[2026-03-08T18:22:05.848+0000] {subprocess.py:93} INFO - 26/03/08 18:22:05 WARN NativeCodeLoader: Unable to load native-hadoop library for your platform... using builtin-java classes where applicable
[2026-03-08T18:22:06.037+0000] {subprocess.py:93} INFO - Setting default log level to "WARN".
[2026-03-08T18:22:06.038+0000] {subprocess.py:93} INFO - To adjust logging level use sc.setLogLevel(newLevel). For SparkR, use setLogLevel(newLevel).
[2026-03-08T18:22:06.545+0000] {subprocess.py:93} INFO - 26/03/08 18:22:06 WARN Utils: Service 'SparkUI' could not bind on port 4040. Attempting port 4041.
[2026-03-08T18:22:06.545+0000] {subprocess.py:93} INFO - 26/03/08 18:22:06 WARN Utils: Service 'SparkUI' could not bind on port 4041. Attempting port 4042.
[2026-03-08T18:59:03.201+0000] {subprocess.py:93} INFO - [Stage 0:>                                                          (0 + 1) / 1]                                                                                [Stage 1:===>                                                     (1 + 14) / 15]                                                                                [Stage 7:===>                                                     (1 + 14) / 15]                                                                                [Stage 33:>                                                         (0 + 1) / 1]
[2026-03-08T18:59:03.202+0000] {subprocess.py:93} INFO - Successfully read from GCS!
[2026-03-08T18:59:03.202+0000] {subprocess.py:93} INFO - Unique snapshots after dedup: 72
[2026-03-08T18:59:03.203+0000] {subprocess.py:93} INFO - 
[2026-03-08T18:59:03.203+0000] {subprocess.py:93} INFO - === Data Quality Report ===
[2026-03-08T18:59:03.203+0000] {subprocess.py:93} INFO - Total rows: 15103
[2026-03-08T18:59:03.203+0000] {subprocess.py:93} INFO - 
[2026-03-08T18:59:03.204+0000] {subprocess.py:93} INFO - Null counts per column:
[2026-03-08T18:59:03.204+0000] {subprocess.py:93} INFO - +-------------+------+--------+--------------+-------------+------------+---------+--------+---------+---------------+------+-------------+-----------------+---------+------------------+-----------+---------------+------------+
[2026-03-08T18:59:03.204+0000] {subprocess.py:93} INFO - |snapshot_time|icao24|callsign|origin_country|time_position|last_contact|longitude|latitude|on_ground|heading_degrees|squawk|altitude_feet|geo_altitude_feet|speed_kmh|vertical_rate_ftpm|ingested_at|flight_category|flight_phase|
[2026-03-08T18:59:03.205+0000] {subprocess.py:93} INFO - +-------------+------+--------+--------------+-------------+------------+---------+--------+---------+---------------+------+-------------+-----------------+---------+------------------+-----------+---------------+------------+
[2026-03-08T18:59:03.205+0000] {subprocess.py:93} INFO - |0            |0     |0       |0             |0            |0           |0        |0       |0        |0              |10924 |1811         |2382             |8        |1939              |0          |0              |0           |
[2026-03-08T18:59:03.205+0000] {subprocess.py:93} INFO - +-------------+------+--------+--------------+-------------+------------+---------+--------+---------+---------------+------+-------------+-----------------+---------+------------------+-----------+---------------+------------+
[2026-03-08T18:59:03.206+0000] {subprocess.py:93} INFO - 
[2026-03-08T18:59:03.206+0000] {subprocess.py:93} INFO - Flight phase distribution:
[2026-03-08T18:59:03.206+0000] {subprocess.py:93} INFO - +--------------------+-----+
[2026-03-08T18:59:03.207+0000] {subprocess.py:93} INFO - |        flight_phase|count|
[2026-03-08T18:59:03.207+0000] {subprocess.py:93} INFO - +--------------------+-----+
[2026-03-08T18:59:03.207+0000] {subprocess.py:93} INFO - |            Cruising| 8703|
[2026-03-08T18:59:03.208+0000] {subprocess.py:93} INFO - |Climbing / Descen...| 3631|
[2026-03-08T18:59:03.208+0000] {subprocess.py:93} INFO - |           On Ground| 1959|
[2026-03-08T18:59:03.208+0000] {subprocess.py:93} INFO - |   Takeoff / Landing|  810|
[2026-03-08T18:59:03.209+0000] {subprocess.py:93} INFO - +--------------------+-----+
[2026-03-08T18:59:03.209+0000] {subprocess.py:93} INFO - 
[2026-03-08T18:59:03.209+0000] {subprocess.py:93} INFO - Top 10 origin countries:
[2026-03-08T18:59:03.210+0000] {subprocess.py:93} INFO - +--------------------+-----+
[2026-03-08T18:59:03.210+0000] {subprocess.py:93} INFO - |      origin_country|count|
[2026-03-08T18:59:03.210+0000] {subprocess.py:93} INFO - +--------------------+-----+
[2026-03-08T18:59:03.210+0000] {subprocess.py:93} INFO - |               India| 9166|
[2026-03-08T18:59:03.210+0000] {subprocess.py:93} INFO - |            Thailand|  833|
[2026-03-08T18:59:03.211+0000] {subprocess.py:93} INFO - |            Malaysia|  635|
[2026-03-08T18:59:03.211+0000] {subprocess.py:93} INFO - |               China|  600|
[2026-03-08T18:59:03.211+0000] {subprocess.py:93} INFO - |           Singapore|  542|
[2026-03-08T18:59:03.211+0000] {subprocess.py:93} INFO - |              Turkey|  504|
[2026-03-08T18:59:03.211+0000] {subprocess.py:93} INFO - |United Arab Emirates|  435|
[2026-03-08T18:59:03.212+0000] {subprocess.py:93} INFO - |       United States|  290|
[2026-03-08T18:59:03.212+0000] {subprocess.py:93} INFO - |          Bangladesh|  191|
[2026-03-08T18:59:03.212+0000] {subprocess.py:93} INFO - |            Viet Nam|  155|
[2026-03-08T18:59:03.212+0000] {subprocess.py:93} INFO - +--------------------+-----+
[2026-03-08T18:59:03.212+0000] {subprocess.py:93} INFO - 
[2026-03-08T18:59:03.213+0000] {subprocess.py:93} INFO - 
[2026-03-08T18:59:03.213+0000] {subprocess.py:93} INFO - Writing transformed data to: gs://flight-pipeline-487919-flight-raw/processed/flights/2026-03-08/
[2026-03-08T18:59:03.213+0000] {subprocess.py:93} INFO - Successfully written to: gs://flight-pipeline-487919-flight-raw/processed/flights/2026-03-08/
[2026-03-08T18:59:03.213+0000] {subprocess.py:93} INFO - Total rows written: 15103
[2026-03-08T18:59:03.213+0000] {subprocess.py:93} INFO - 
[2026-03-08T18:59:03.214+0000] {subprocess.py:93} INFO - Pipeline complete!
[2026-03-08T18:59:03.776+0000] {subprocess.py:97} INFO - Command exited with return code 0
[2026-03-08T18:59:03.824+0000] {taskinstance.py:1138} INFO - Marking task as SUCCESS. dag_id=flight_pipeline, task_id=spark_transform, execution_date=20260308T182000, start_date=20260308T182203, end_date=20260308T185903
[2026-03-08T18:59:03.880+0000] {local_task_job_runner.py:234} INFO - Task exited with return code 0
[2026-03-08T18:59:03.918+0000] {taskinstance.py:3280} INFO - 1 downstream tasks scheduled from follow-on schedule check
